[ 2017-07-03T15:13:50+08:00 ] 127.0.0.1 /
INFO: [ app_init ] --START--
INFO: Run Behavior\BuildLiteBehavior [ RunTime:0.000011s ]
INFO: [ app_init ] --END-- [ RunTime:0.011157s ]
INFO: [ app_begin ] --START--
INFO: Run Behavior\ReadHtmlCacheBehavior [ RunTime:0.000508s ]
INFO: [ app_begin ] --END-- [ RunTime:0.000556s ]
NOTIC: [8] Undefined offset: 0 D:\WWW\shop.rehoming.cn\ThinkPHP\Library\Think\Db\Driver.class.php 第 114 行.
NOTIC: [8] Undefined offset: 0 D:\WWW\shop.rehoming.cn\ThinkPHP\Library\Think\Db\Driver.class.php 第 114 行.
NOTIC: [8] Undefined offset: 0 D:\WWW\shop.rehoming.cn\ThinkPHP\Library\Think\Db\Driver.class.php 第 114 行.
NOTIC: [8] Undefined offset: 0 D:\WWW\shop.rehoming.cn\ThinkPHP\Library\Think\Db\Driver.class.php 第 114 行.
NOTIC: [8] Undefined offset: 0 D:\WWW\shop.rehoming.cn\ThinkPHP\Library\Think\Db\Driver.class.php 第 114 行.
NOTIC: [8] unserialize(): Error at offset 0 of 9009 bytes D:\WWW\shop.rehoming.cn\ThinkPHP\Library\Think\Cache\Driver\File.class.php 第 104 行.
NOTIC: [8] Undefined offset: 0 D:\WWW\shop.rehoming.cn\ThinkPHP\Library\Think\Db\Driver.class.php 第 114 行.
NOTIC: [2] Invalid argument supplied for foreach() D:\WWW\shop.rehoming.cn\Application\Mobile\Controller\MobileBaseController.class.php 第 90 行.
NOTIC: [8] Undefined offset: 0 D:\WWW\shop.rehoming.cn\ThinkPHP\Library\Think\Db\Driver.class.php 第 114 行.
NOTIC: [8] Undefined offset: 0 D:\WWW\shop.rehoming.cn\ThinkPHP\Library\Think\Db\Driver.class.php 第 114 行.
NOTIC: [8] unserialize(): Error at offset 0 of 39279 bytes D:\WWW\shop.rehoming.cn\ThinkPHP\Library\Think\Cache\Driver\File.class.php 第 104 行.
NOTIC: [8] Undefined offset: 0 D:\WWW\shop.rehoming.cn\ThinkPHP\Library\Think\Db\Driver.class.php 第 114 行.
NOTIC: [2] Invalid argument supplied for foreach() D:\WWW\shop.rehoming.cn\Application\Common\Common\common.php 第 1142 行.
NOTIC: [8] Undefined variable: arr D:\WWW\shop.rehoming.cn\Application\Common\Common\common.php 第 1154 行.
NOTIC: [2] Invalid argument supplied for foreach() D:\WWW\shop.rehoming.cn\Application\Common\Common\common.php 第 1154 行.
NOTIC: [8] Undefined variable: tree D:\WWW\shop.rehoming.cn\Application\Common\Common\common.php 第 1160 行.
NOTIC: [2] Invalid argument supplied for foreach() D:\WWW\shop.rehoming.cn\Application\Common\Common\common.php 第 1160 行.
NOTIC: [8] Undefined offset: 0 D:\WWW\shop.rehoming.cn\ThinkPHP\Library\Think\Db\Driver.class.php 第 114 行.
NOTIC: [8] Undefined offset: 0 D:\WWW\shop.rehoming.cn\ThinkPHP\Library\Think\Db\Driver.class.php 第 114 行.
NOTIC: [8] unserialize(): Error at offset 0 of 2510 bytes D:\WWW\shop.rehoming.cn\ThinkPHP\Library\Think\Cache\Driver\File.class.php 第 104 行.
NOTIC: [8] Undefined offset: 0 D:\WWW\shop.rehoming.cn\ThinkPHP\Library\Think\Db\Driver.class.php 第 114 行.
NOTIC: [8] Undefined offset: 0 D:\WWW\shop.rehoming.cn\ThinkPHP\Library\Think\Db\Driver.class.php 第 114 行.
NOTIC: [8] Undefined offset: 0 D:\WWW\shop.rehoming.cn\ThinkPHP\Library\Think\Db\Driver.class.php 第 114 行.
NOTIC: [8] Undefined offset: 0 D:\WWW\shop.rehoming.cn\ThinkPHP\Library\Think\Db\Driver.class.php 第 114 行.
NOTIC: [8] Undefined offset: 0 D:\WWW\shop.rehoming.cn\ThinkPHP\Library\Think\Db\Driver.class.php 第 114 行.
NOTIC: [8] Undefined offset: 0 D:\WWW\shop.rehoming.cn\ThinkPHP\Library\Think\Db\Driver.class.php 第 114 行.
NOTIC: [8] Undefined offset: 0 D:\WWW\shop.rehoming.cn\ThinkPHP\Library\Think\Db\Driver.class.php 第 114 行.
NOTIC: [8] Undefined offset: 0 D:\WWW\shop.rehoming.cn\ThinkPHP\Library\Think\Db\Driver.class.php 第 114 行.
NOTIC: [8] Undefined offset: 0 D:\WWW\shop.rehoming.cn\ThinkPHP\Library\Think\Db\Driver.class.php 第 114 行.
NOTIC: [8] Undefined offset: 0 D:\WWW\shop.rehoming.cn\ThinkPHP\Library\Think\Db\Driver.class.php 第 114 行.
NOTIC: [2] Invalid argument supplied for foreach() D:\WWW\shop.rehoming.cn\Application\Mobile\Controller\IndexController.class.php 第 30 行.
NOTIC: [8] Undefined offset: 0 D:\WWW\shop.rehoming.cn\ThinkPHP\Library\Think\Db\Driver.class.php 第 114 行.
NOTIC: [8] Undefined offset: 0 D:\WWW\shop.rehoming.cn\ThinkPHP\Library\Think\Db\Driver.class.php 第 114 行.
NOTIC: [8] Undefined offset: 0 D:\WWW\shop.rehoming.cn\ThinkPHP\Library\Think\Db\Driver.class.php 第 114 行.
NOTIC: [8] Undefined offset: 0 D:\WWW\shop.rehoming.cn\ThinkPHP\Library\Think\Db\Driver.class.php 第 114 行.
NOTIC: [8] Undefined offset: 0 D:\WWW\shop.rehoming.cn\ThinkPHP\Library\Think\Db\Driver.class.php 第 114 行.
NOTIC: [8] unserialize(): Error at offset 0 of 9184 bytes D:\WWW\shop.rehoming.cn\ThinkPHP\Library\Think\Cache\Driver\File.class.php 第 104 行.
NOTIC: [8] Undefined offset: 0 D:\WWW\shop.rehoming.cn\ThinkPHP\Library\Think\Db\Driver.class.php 第 114 行.
NOTIC: [8] unserialize(): Error at offset 0 of 2945 bytes D:\WWW\shop.rehoming.cn\ThinkPHP\Library\Think\Cache\Driver\File.class.php 第 104 行.
NOTIC: [8] Undefined offset: 0 D:\WWW\shop.rehoming.cn\ThinkPHP\Library\Think\Db\Driver.class.php 第 114 行.
INFO: [ view_begin ] --START--
INFO: Run Home\Behaviors\testBehavior [ RunTime:0.003215s ]
INFO: [ view_begin ] --END-- [ RunTime:0.003438s ]
INFO: [ view_parse ] --START--
INFO: [ template_filter ] --START--
INFO: Run Behavior\ContentReplaceBehavior [ RunTime:0.000196s ]
INFO: [ template_filter ] --END-- [ RunTime:0.000268s ]
NOTIC: [8] Undefined index: shop_info_store_title D:\WWW\shop.rehoming.cn\Application\Runtime\Cache\Mobile\69dfae6d3f0859ff5894cbfe82e23022.php 第 6 行.
NOTIC: [8] Undefined index: shop_info_store_keyword D:\WWW\shop.rehoming.cn\Application\Runtime\Cache\Mobile\69dfae6d3f0859ff5894cbfe82e23022.php 第 7 行.
NOTIC: [8] Undefined index: shop_info_store_desc D:\WWW\shop.rehoming.cn\Application\Runtime\Cache\Mobile\69dfae6d3f0859ff5894cbfe82e23022.php 第 8 行.
NOTIC: [8] Undefined index: hot_keywords D:\WWW\shop.rehoming.cn\Application\Runtime\Cache\Mobile\69dfae6d3f0859ff5894cbfe82e23022.php 第 220 行.
INFO: Run Behavior\ParseTemplateBehavior [ RunTime:0.071802s ]
INFO: [ view_parse ] --END-- [ RunTime:0.071901s ]
INFO: [ view_filter ] --START--
INFO: Run Behavior\WriteHtmlCacheBehavior [ RunTime:0.000780s ]
INFO: Run Behavior\TokenBuildBehavior [ RunTime:0.001238s ]
INFO: [ view_filter ] --END-- [ RunTime:0.002122s ]
INFO: [ app_end ] --START--
INFO: Run Behavior\ShowPageTraceBehavior [ RunTime:0.001062s ]
INFO: [ app_end ] --END-- [ RunTime:0.001129s ]

