[ 2017-06-18T13:32:06+08:00 ] 112.65.189.19 /index.php/Mobile/User/mobileinfo.html
INFO: [ app_init ] --START--
INFO: Run Behavior\BuildLiteBehavior [ RunTime:0.000013s ]
INFO: [ app_init ] --END-- [ RunTime:0.000089s ]
INFO: [ app_begin ] --START--
INFO: Run Behavior\ReadHtmlCacheBehavior [ RunTime:0.000038s ]
INFO: [ app_begin ] --END-- [ RunTime:0.000075s ]

[ 2017-06-18T13:32:07+08:00 ] 112.65.189.19 /index.php/Mobile/User/index.html
INFO: [ app_init ] --START--
INFO: Run Behavior\BuildLiteBehavior [ RunTime:0.000012s ]
INFO: [ app_init ] --END-- [ RunTime:0.000079s ]
INFO: [ app_begin ] --START--
INFO: Run Behavior\ReadHtmlCacheBehavior [ RunTime:0.000036s ]
INFO: [ app_begin ] --END-- [ RunTime:0.000074s ]
INFO: [ view_begin ] --START--
INFO: Run Home\Behaviors\testBehavior [ RunTime:0.000128s ]
INFO: [ view_begin ] --END-- [ RunTime:0.000182s ]
INFO: [ view_parse ] --START--
INFO: [ template_filter ] --START--
INFO: Run Behavior\ContentReplaceBehavior [ RunTime:0.000052s ]
INFO: [ template_filter ] --END-- [ RunTime:0.000092s ]
NOTIC: [8] Use of undefined constant head_pic - assumed 'head_pic' /data/wwwroot/shop.rehoming.cn/Application/Runtime/Cache/Mobile/564fe4da82f30c8b4fce4522b78ac753.php 第 18 行.
NOTIC: [8] Use of undefined constant head_pic - assumed 'head_pic' /data/wwwroot/shop.rehoming.cn/Application/Runtime/Cache/Mobile/564fe4da82f30c8b4fce4522b78ac753.php 第 18 行.
NOTIC: [8] Use of undefined constant head_pic - assumed 'head_pic' /data/wwwroot/shop.rehoming.cn/Application/Runtime/Cache/Mobile/564fe4da82f30c8b4fce4522b78ac753.php 第 18 行.
NOTIC: [8] Undefined index: phone /data/wwwroot/shop.rehoming.cn/Application/Runtime/Cache/Mobile/564fe4da82f30c8b4fce4522b78ac753.php 第 64 行.
INFO: Run Behavior\ParseTemplateBehavior [ RunTime:0.004627s ]
INFO: [ view_parse ] --END-- [ RunTime:0.004661s ]
INFO: [ view_filter ] --START--
INFO: Run Behavior\WriteHtmlCacheBehavior [ RunTime:0.000054s ]
INFO: Run Behavior\TokenBuildBehavior [ RunTime:0.000110s ]
INFO: [ view_filter ] --END-- [ RunTime:0.000209s ]
INFO: [ app_end ] --START--
INFO: Run Behavior\ShowPageTraceBehavior [ RunTime:0.000042s ]
INFO: [ app_end ] --END-- [ RunTime:0.000070s ]

[ 2017-06-18T13:32:10+08:00 ] 112.65.189.19 /index.php/Mobile/Goods/categoryList.html
INFO: [ app_init ] --START--
INFO: Run Behavior\BuildLiteBehavior [ RunTime:0.000013s ]
INFO: [ app_init ] --END-- [ RunTime:0.000092s ]
INFO: [ app_begin ] --START--
INFO: Run Behavior\ReadHtmlCacheBehavior [ RunTime:0.000035s ]
INFO: [ app_begin ] --END-- [ RunTime:0.000071s ]
INFO: [ view_begin ] --START--
INFO: Run Home\Behaviors\testBehavior [ RunTime:0.000063s ]
INFO: [ view_begin ] --END-- [ RunTime:0.000102s ]
INFO: [ view_parse ] --START--
INFO: [ template_filter ] --START--
INFO: Run Behavior\ContentReplaceBehavior [ RunTime:0.000049s ]
INFO: [ template_filter ] --END-- [ RunTime:0.000089s ]
NOTIC: [8] Use of undefined constant level - assumed 'level' /data/wwwroot/shop.rehoming.cn/Application/Runtime/Cache/Mobile/ab3a2a704e2eedc8c7904f4194818227.php 第 28 行.
NOTIC: [8] Use of undefined constant level - assumed 'level' /data/wwwroot/shop.rehoming.cn/Application/Runtime/Cache/Mobile/ab3a2a704e2eedc8c7904f4194818227.php 第 28 行.
NOTIC: [8] Use of undefined constant level - assumed 'level' /data/wwwroot/shop.rehoming.cn/Application/Runtime/Cache/Mobile/ab3a2a704e2eedc8c7904f4194818227.php 第 28 行.
NOTIC: [8] Use of undefined constant level - assumed 'level' /data/wwwroot/shop.rehoming.cn/Application/Runtime/Cache/Mobile/ab3a2a704e2eedc8c7904f4194818227.php 第 28 行.
NOTIC: [8] Use of undefined constant level - assumed 'level' /data/wwwroot/shop.rehoming.cn/Application/Runtime/Cache/Mobile/ab3a2a704e2eedc8c7904f4194818227.php 第 28 行.
NOTIC: [8] Use of undefined constant level - assumed 'level' /data/wwwroot/shop.rehoming.cn/Application/Runtime/Cache/Mobile/ab3a2a704e2eedc8c7904f4194818227.php 第 28 行.
NOTIC: [8] Use of undefined constant level - assumed 'level' /data/wwwroot/shop.rehoming.cn/Application/Runtime/Cache/Mobile/ab3a2a704e2eedc8c7904f4194818227.php 第 28 行.
NOTIC: [8] Use of undefined constant level - assumed 'level' /data/wwwroot/shop.rehoming.cn/Application/Runtime/Cache/Mobile/ab3a2a704e2eedc8c7904f4194818227.php 第 28 行.
NOTIC: [8] Use of undefined constant level - assumed 'level' /data/wwwroot/shop.rehoming.cn/Application/Runtime/Cache/Mobile/ab3a2a704e2eedc8c7904f4194818227.php 第 28 行.
NOTIC: [8] Use of undefined constant level - assumed 'level' /data/wwwroot/shop.rehoming.cn/Application/Runtime/Cache/Mobile/ab3a2a704e2eedc8c7904f4194818227.php 第 28 行.
NOTIC: [8] Use of undefined constant level - assumed 'level' /data/wwwroot/shop.rehoming.cn/Application/Runtime/Cache/Mobile/ab3a2a704e2eedc8c7904f4194818227.php 第 28 行.
NOTIC: [8] Use of undefined constant level - assumed 'level' /data/wwwroot/shop.rehoming.cn/Application/Runtime/Cache/Mobile/ab3a2a704e2eedc8c7904f4194818227.php 第 28 行.
NOTIC: [8] Use of undefined constant level - assumed 'level' /data/wwwroot/shop.rehoming.cn/Application/Runtime/Cache/Mobile/ab3a2a704e2eedc8c7904f4194818227.php 第 28 行.
NOTIC: [8] Use of undefined constant level - assumed 'level' /data/wwwroot/shop.rehoming.cn/Application/Runtime/Cache/Mobile/ab3a2a704e2eedc8c7904f4194818227.php 第 28 行.
INFO: Run Behavior\ParseTemplateBehavior [ RunTime:0.006270s ]
INFO: [ view_parse ] --END-- [ RunTime:0.006313s ]
INFO: [ view_filter ] --START--
INFO: Run Behavior\WriteHtmlCacheBehavior [ RunTime:0.000037s ]
INFO: Run Behavior\TokenBuildBehavior [ RunTime:0.000115s ]
INFO: [ view_filter ] --END-- [ RunTime:0.000198s ]
INFO: [ app_end ] --START--
INFO: Run Behavior\ShowPageTraceBehavior [ RunTime:0.000034s ]
INFO: [ app_end ] --END-- [ RunTime:0.000063s ]

[ 2017-06-18T13:32:17+08:00 ] 112.65.189.19 /index.php/Mobile/Goods/goodsList/id/851.html
INFO: [ app_init ] --START--
INFO: Run Behavior\BuildLiteBehavior [ RunTime:0.000012s ]
INFO: [ app_init ] --END-- [ RunTime:0.000079s ]
INFO: [ app_begin ] --START--
INFO: Run Behavior\ReadHtmlCacheBehavior [ RunTime:0.000035s ]
INFO: [ app_begin ] --END-- [ RunTime:0.000073s ]
NOTIC: [8] Undefined index: spec /data/wwwroot/shop.rehoming.cn/Application/Home/Logic/GoodsLogic.class.php 第 72 行.
NOTIC: [8] Undefined index: is_ajax /data/wwwroot/shop.rehoming.cn/Application/Mobile/Controller/GoodsController.class.php 第 113 行.
INFO: [ view_begin ] --START--
INFO: Run Home\Behaviors\testBehavior [ RunTime:0.000063s ]
INFO: [ view_begin ] --END-- [ RunTime:0.000096s ]
INFO: [ view_parse ] --START--
INFO: [ template_filter ] --START--
INFO: Run Behavior\ContentReplaceBehavior [ RunTime:0.000052s ]
INFO: [ template_filter ] --END-- [ RunTime:0.000103s ]
NOTIC: [8] Use of undefined constant sort - assumed 'sort' /data/wwwroot/shop.rehoming.cn/Application/Runtime/Cache/Mobile/991c95cc05a8def8c25470b9c9c7a1f7.php 第 35 行.
NOTIC: [8] Undefined index: sort /data/wwwroot/shop.rehoming.cn/Application/Runtime/Cache/Mobile/991c95cc05a8def8c25470b9c9c7a1f7.php 第 35 行.
NOTIC: [8] Use of undefined constant sort - assumed 'sort' /data/wwwroot/shop.rehoming.cn/Application/Runtime/Cache/Mobile/991c95cc05a8def8c25470b9c9c7a1f7.php 第 38 行.
NOTIC: [8] Undefined index: sort /data/wwwroot/shop.rehoming.cn/Application/Runtime/Cache/Mobile/991c95cc05a8def8c25470b9c9c7a1f7.php 第 38 行.
NOTIC: [8] Use of undefined constant sort - assumed 'sort' /data/wwwroot/shop.rehoming.cn/Application/Runtime/Cache/Mobile/991c95cc05a8def8c25470b9c9c7a1f7.php 第 41 行.
NOTIC: [8] Undefined index: sort /data/wwwroot/shop.rehoming.cn/Application/Runtime/Cache/Mobile/991c95cc05a8def8c25470b9c9c7a1f7.php 第 41 行.
NOTIC: [8] Use of undefined constant goods_id - assumed 'goods_id' /data/wwwroot/shop.rehoming.cn/Application/Runtime/Cache/Mobile/991c95cc05a8def8c25470b9c9c7a1f7.php 第 54 行.
NOTIC: [8] Use of undefined constant goods_id - assumed 'goods_id' /data/wwwroot/shop.rehoming.cn/Application/Runtime/Cache/Mobile/991c95cc05a8def8c25470b9c9c7a1f7.php 第 64 行.
NOTIC: [8] Use of undefined constant goods_id - assumed 'goods_id' /data/wwwroot/shop.rehoming.cn/Application/Runtime/Cache/Mobile/991c95cc05a8def8c25470b9c9c7a1f7.php 第 54 行.
NOTIC: [8] Use of undefined constant goods_id - assumed 'goods_id' /data/wwwroot/shop.rehoming.cn/Application/Runtime/Cache/Mobile/991c95cc05a8def8c25470b9c9c7a1f7.php 第 64 行.
NOTIC: [8] Use of undefined constant goods_id - assumed 'goods_id' /data/wwwroot/shop.rehoming.cn/Application/Runtime/Cache/Mobile/991c95cc05a8def8c25470b9c9c7a1f7.php 第 54 行.
NOTIC: [8] Use of undefined constant goods_id - assumed 'goods_id' /data/wwwroot/shop.rehoming.cn/Application/Runtime/Cache/Mobile/991c95cc05a8def8c25470b9c9c7a1f7.php 第 64 行.
NOTIC: [8] Use of undefined constant goods_id - assumed 'goods_id' /data/wwwroot/shop.rehoming.cn/Application/Runtime/Cache/Mobile/991c95cc05a8def8c25470b9c9c7a1f7.php 第 54 行.
NOTIC: [8] Use of undefined constant goods_id - assumed 'goods_id' /data/wwwroot/shop.rehoming.cn/Application/Runtime/Cache/Mobile/991c95cc05a8def8c25470b9c9c7a1f7.php 第 64 行.
NOTIC: [8] Use of undefined constant goods_id - assumed 'goods_id' /data/wwwroot/shop.rehoming.cn/Application/Runtime/Cache/Mobile/991c95cc05a8def8c25470b9c9c7a1f7.php 第 54 行.
NOTIC: [8] Use of undefined constant goods_id - assumed 'goods_id' /data/wwwroot/shop.rehoming.cn/Application/Runtime/Cache/Mobile/991c95cc05a8def8c25470b9c9c7a1f7.php 第 64 行.
NOTIC: [8] Use of undefined constant goods_id - assumed 'goods_id' /data/wwwroot/shop.rehoming.cn/Application/Runtime/Cache/Mobile/991c95cc05a8def8c25470b9c9c7a1f7.php 第 54 行.
NOTIC: [8] Use of undefined constant goods_id - assumed 'goods_id' /data/wwwroot/shop.rehoming.cn/Application/Runtime/Cache/Mobile/991c95cc05a8def8c25470b9c9c7a1f7.php 第 64 行.
NOTIC: [8] Use of undefined constant goods_id - assumed 'goods_id' /data/wwwroot/shop.rehoming.cn/Application/Runtime/Cache/Mobile/991c95cc05a8def8c25470b9c9c7a1f7.php 第 54 行.
NOTIC: [8] Use of undefined constant goods_id - assumed 'goods_id' /data/wwwroot/shop.rehoming.cn/Application/Runtime/Cache/Mobile/991c95cc05a8def8c25470b9c9c7a1f7.php 第 64 行.
NOTIC: [8] Use of undefined constant goods_id - assumed 'goods_id' /data/wwwroot/shop.rehoming.cn/Application/Runtime/Cache/Mobile/991c95cc05a8def8c25470b9c9c7a1f7.php 第 54 行.
NOTIC: [8] Use of undefined constant goods_id - assumed 'goods_id' /data/wwwroot/shop.rehoming.cn/Application/Runtime/Cache/Mobile/991c95cc05a8def8c25470b9c9c7a1f7.php 第 64 行.
NOTIC: [8] Use of undefined constant goods_id - assumed 'goods_id' /data/wwwroot/shop.rehoming.cn/Application/Runtime/Cache/Mobile/991c95cc05a8def8c25470b9c9c7a1f7.php 第 54 行.
NOTIC: [8] Use of undefined constant goods_id - assumed 'goods_id' /data/wwwroot/shop.rehoming.cn/Application/Runtime/Cache/Mobile/991c95cc05a8def8c25470b9c9c7a1f7.php 第 64 行.
NOTIC: [8] Use of undefined constant goods_id - assumed 'goods_id' /data/wwwroot/shop.rehoming.cn/Application/Runtime/Cache/Mobile/991c95cc05a8def8c25470b9c9c7a1f7.php 第 54 行.
NOTIC: [8] Use of undefined constant goods_id - assumed 'goods_id' /data/wwwroot/shop.rehoming.cn/Application/Runtime/Cache/Mobile/991c95cc05a8def8c25470b9c9c7a1f7.php 第 64 行.
NOTIC: [8] Use of undefined constant sort - assumed 'sort' /data/wwwroot/shop.rehoming.cn/Application/Runtime/Cache/Mobile/991c95cc05a8def8c25470b9c9c7a1f7.php 第 101 行.
NOTIC: [8] Undefined index: sort /data/wwwroot/shop.rehoming.cn/Application/Runtime/Cache/Mobile/991c95cc05a8def8c25470b9c9c7a1f7.php 第 101 行.
NOTIC: [8] Use of undefined constant sort_asc - assumed 'sort_asc' /data/wwwroot/shop.rehoming.cn/Application/Runtime/Cache/Mobile/991c95cc05a8def8c25470b9c9c7a1f7.php 第 101 行.
NOTIC: [8] Undefined index: sort_asc /data/wwwroot/shop.rehoming.cn/Application/Runtime/Cache/Mobile/991c95cc05a8def8c25470b9c9c7a1f7.php 第 101 行.
INFO: Run Behavior\ParseTemplateBehavior [ RunTime:0.009646s ]
INFO: [ view_parse ] --END-- [ RunTime:0.009679s ]
INFO: [ view_filter ] --START--
INFO: Run Behavior\WriteHtmlCacheBehavior [ RunTime:0.000039s ]
INFO: Run Behavior\TokenBuildBehavior [ RunTime:0.000032s ]
INFO: [ view_filter ] --END-- [ RunTime:0.000114s ]
INFO: [ app_end ] --START--
INFO: Run Behavior\ShowPageTraceBehavior [ RunTime:0.000034s ]
INFO: [ app_end ] --END-- [ RunTime:0.000063s ]

[ 2017-06-18T13:32:49+08:00 ] 112.65.189.19 /index.php/Mobile/Goods/goodsList/id/851/sort/shop_price/sort_asc/asc
INFO: [ app_init ] --START--
INFO: Run Behavior\BuildLiteBehavior [ RunTime:0.000012s ]
INFO: [ app_init ] --END-- [ RunTime:0.000074s ]
INFO: [ app_begin ] --START--
INFO: Run Behavior\ReadHtmlCacheBehavior [ RunTime:0.000033s ]
INFO: [ app_begin ] --END-- [ RunTime:0.000068s ]
NOTIC: [8] Undefined index: spec /data/wwwroot/shop.rehoming.cn/Application/Home/Logic/GoodsLogic.class.php 第 72 行.
NOTIC: [8] Undefined index: is_ajax /data/wwwroot/shop.rehoming.cn/Application/Mobile/Controller/GoodsController.class.php 第 113 行.
INFO: [ view_begin ] --START--
INFO: Run Home\Behaviors\testBehavior [ RunTime:0.000076s ]
INFO: [ view_begin ] --END-- [ RunTime:0.000113s ]
INFO: [ view_parse ] --START--
INFO: [ template_filter ] --START--
INFO: Run Behavior\ContentReplaceBehavior [ RunTime:0.000056s ]
INFO: [ template_filter ] --END-- [ RunTime:0.000109s ]
NOTIC: [8] Use of undefined constant sort - assumed 'sort' /data/wwwroot/shop.rehoming.cn/Application/Runtime/Cache/Mobile/991c95cc05a8def8c25470b9c9c7a1f7.php 第 35 行.
NOTIC: [8] Use of undefined constant sort - assumed 'sort' /data/wwwroot/shop.rehoming.cn/Application/Runtime/Cache/Mobile/991c95cc05a8def8c25470b9c9c7a1f7.php 第 35 行.
NOTIC: [8] Use of undefined constant sort - assumed 'sort' /data/wwwroot/shop.rehoming.cn/Application/Runtime/Cache/Mobile/991c95cc05a8def8c25470b9c9c7a1f7.php 第 38 行.
NOTIC: [8] Use of undefined constant sort - assumed 'sort' /data/wwwroot/shop.rehoming.cn/Application/Runtime/Cache/Mobile/991c95cc05a8def8c25470b9c9c7a1f7.php 第 41 行.
NOTIC: [8] Use of undefined constant goods_id - assumed 'goods_id' /data/wwwroot/shop.rehoming.cn/Application/Runtime/Cache/Mobile/991c95cc05a8def8c25470b9c9c7a1f7.php 第 54 行.
NOTIC: [8] Use of undefined constant goods_id - assumed 'goods_id' /data/wwwroot/shop.rehoming.cn/Application/Runtime/Cache/Mobile/991c95cc05a8def8c25470b9c9c7a1f7.php 第 64 行.
NOTIC: [8] Use of undefined constant goods_id - assumed 'goods_id' /data/wwwroot/shop.rehoming.cn/Application/Runtime/Cache/Mobile/991c95cc05a8def8c25470b9c9c7a1f7.php 第 54 行.
NOTIC: [8] Use of undefined constant goods_id - assumed 'goods_id' /data/wwwroot/shop.rehoming.cn/Application/Runtime/Cache/Mobile/991c95cc05a8def8c25470b9c9c7a1f7.php 第 64 行.
NOTIC: [8] Use of undefined constant goods_id - assumed 'goods_id' /data/wwwroot/shop.rehoming.cn/Application/Runtime/Cache/Mobile/991c95cc05a8def8c25470b9c9c7a1f7.php 第 54 行.
NOTIC: [8] Use of undefined constant goods_id - assumed 'goods_id' /data/wwwroot/shop.rehoming.cn/Application/Runtime/Cache/Mobile/991c95cc05a8def8c25470b9c9c7a1f7.php 第 64 行.
NOTIC: [8] Use of undefined constant goods_id - assumed 'goods_id' /data/wwwroot/shop.rehoming.cn/Application/Runtime/Cache/Mobile/991c95cc05a8def8c25470b9c9c7a1f7.php 第 54 行.
NOTIC: [8] Use of undefined constant goods_id - assumed 'goods_id' /data/wwwroot/shop.rehoming.cn/Application/Runtime/Cache/Mobile/991c95cc05a8def8c25470b9c9c7a1f7.php 第 64 行.
NOTIC: [8] Use of undefined constant goods_id - assumed 'goods_id' /data/wwwroot/shop.rehoming.cn/Application/Runtime/Cache/Mobile/991c95cc05a8def8c25470b9c9c7a1f7.php 第 54 行.
NOTIC: [8] Use of undefined constant goods_id - assumed 'goods_id' /data/wwwroot/shop.rehoming.cn/Application/Runtime/Cache/Mobile/991c95cc05a8def8c25470b9c9c7a1f7.php 第 64 行.
NOTIC: [8] Use of undefined constant goods_id - assumed 'goods_id' /data/wwwroot/shop.rehoming.cn/Application/Runtime/Cache/Mobile/991c95cc05a8def8c25470b9c9c7a1f7.php 第 54 行.
NOTIC: [8] Use of undefined constant goods_id - assumed 'goods_id' /data/wwwroot/shop.rehoming.cn/Application/Runtime/Cache/Mobile/991c95cc05a8def8c25470b9c9c7a1f7.php 第 64 行.
NOTIC: [8] Use of undefined constant goods_id - assumed 'goods_id' /data/wwwroot/shop.rehoming.cn/Application/Runtime/Cache/Mobile/991c95cc05a8def8c25470b9c9c7a1f7.php 第 54 行.
NOTIC: [8] Use of undefined constant goods_id - assumed 'goods_id' /data/wwwroot/shop.rehoming.cn/Application/Runtime/Cache/Mobile/991c95cc05a8def8c25470b9c9c7a1f7.php 第 64 行.
NOTIC: [8] Use of undefined constant goods_id - assumed 'goods_id' /data/wwwroot/shop.rehoming.cn/Application/Runtime/Cache/Mobile/991c95cc05a8def8c25470b9c9c7a1f7.php 第 54 行.
NOTIC: [8] Use of undefined constant goods_id - assumed 'goods_id' /data/wwwroot/shop.rehoming.cn/Application/Runtime/Cache/Mobile/991c95cc05a8def8c25470b9c9c7a1f7.php 第 64 行.
NOTIC: [8] Use of undefined constant goods_id - assumed 'goods_id' /data/wwwroot/shop.rehoming.cn/Application/Runtime/Cache/Mobile/991c95cc05a8def8c25470b9c9c7a1f7.php 第 54 行.
NOTIC: [8] Use of undefined constant goods_id - assumed 'goods_id' /data/wwwroot/shop.rehoming.cn/Application/Runtime/Cache/Mobile/991c95cc05a8def8c25470b9c9c7a1f7.php 第 64 行.
NOTIC: [8] Use of undefined constant goods_id - assumed 'goods_id' /data/wwwroot/shop.rehoming.cn/Application/Runtime/Cache/Mobile/991c95cc05a8def8c25470b9c9c7a1f7.php 第 54 行.
NOTIC: [8] Use of undefined constant goods_id - assumed 'goods_id' /data/wwwroot/shop.rehoming.cn/Application/Runtime/Cache/Mobile/991c95cc05a8def8c25470b9c9c7a1f7.php 第 64 行.
NOTIC: [8] Use of undefined constant sort - assumed 'sort' /data/wwwroot/shop.rehoming.cn/Application/Runtime/Cache/Mobile/991c95cc05a8def8c25470b9c9c7a1f7.php 第 101 行.
NOTIC: [8] Use of undefined constant sort_asc - assumed 'sort_asc' /data/wwwroot/shop.rehoming.cn/Application/Runtime/Cache/Mobile/991c95cc05a8def8c25470b9c9c7a1f7.php 第 101 行.
INFO: Run Behavior\ParseTemplateBehavior [ RunTime:0.010092s ]
INFO: [ view_parse ] --END-- [ RunTime:0.010126s ]
INFO: [ view_filter ] --START--
INFO: Run Behavior\WriteHtmlCacheBehavior [ RunTime:0.000040s ]
INFO: Run Behavior\TokenBuildBehavior [ RunTime:0.000032s ]
INFO: [ view_filter ] --END-- [ RunTime:0.000117s ]
INFO: [ app_end ] --START--
INFO: Run Behavior\ShowPageTraceBehavior [ RunTime:0.000051s ]
INFO: [ app_end ] --END-- [ RunTime:0.000080s ]

[ 2017-06-18T13:32:59+08:00 ] 101.226.33.224 /index.php/Mobile/Goods/goodsList/id/851/sort/shop_price/sort_asc/asc
INFO: [ app_init ] --START--
INFO: Run Behavior\BuildLiteBehavior [ RunTime:0.000012s ]
INFO: [ app_init ] --END-- [ RunTime:0.000077s ]
INFO: [ app_begin ] --START--
INFO: Run Behavior\ReadHtmlCacheBehavior [ RunTime:0.000036s ]
INFO: [ app_begin ] --END-- [ RunTime:0.000071s ]
NOTIC: [8] Undefined index: openid /data/wwwroot/shop.rehoming.cn/Application/Mobile/Controller/MobileBaseController.class.php 第 39 行.
NOTIC: [8] Undefined index: openid /data/wwwroot/shop.rehoming.cn/Application/Mobile/Controller/MobileBaseController.class.php 第 109 行.

[ 2017-06-18T14:07:33+08:00 ] 125.212.122.50 /index.php/Mobile/Promotion/index/pid/2
INFO: [ app_init ] --START--
INFO: Run Behavior\BuildLiteBehavior [ RunTime:0.000012s ]
INFO: [ app_init ] --END-- [ RunTime:0.000089s ]
INFO: [ app_begin ] --START--
INFO: Run Behavior\ReadHtmlCacheBehavior [ RunTime:0.000044s ]
INFO: [ app_begin ] --END-- [ RunTime:0.000080s ]
NOTIC: [8] Undefined index: openid /data/wwwroot/shop.rehoming.cn/Application/Mobile/Controller/MobileBaseController.class.php 第 39 行.
NOTIC: [8] Undefined index: openid /data/wwwroot/shop.rehoming.cn/Application/Mobile/Controller/MobileBaseController.class.php 第 109 行.

[ 2017-06-18T17:06:41+08:00 ] 183.131.67.243 /
INFO: [ app_init ] --START--
INFO: Run Behavior\BuildLiteBehavior [ RunTime:0.000012s ]
INFO: [ app_init ] --END-- [ RunTime:0.000099s ]
INFO: [ app_begin ] --START--
INFO: Run Behavior\ReadHtmlCacheBehavior [ RunTime:0.000043s ]
INFO: [ app_begin ] --END-- [ RunTime:0.000093s ]
INFO: [ view_begin ] --START--
INFO: Run Home\Behaviors\testBehavior [ RunTime:0.000102s ]
INFO: [ view_begin ] --END-- [ RunTime:0.000151s ]
INFO: [ view_parse ] --START--
INFO: [ template_filter ] --START--
INFO: Run Behavior\ContentReplaceBehavior [ RunTime:0.000071s ]
INFO: [ template_filter ] --END-- [ RunTime:0.000117s ]
INFO: Run Behavior\ParseTemplateBehavior [ RunTime:0.016598s ]
INFO: [ view_parse ] --END-- [ RunTime:0.016634s ]
INFO: [ view_filter ] --START--
INFO: Run Behavior\WriteHtmlCacheBehavior [ RunTime:0.000043s ]
INFO: Run Behavior\TokenBuildBehavior [ RunTime:0.000210s ]
INFO: [ view_filter ] --END-- [ RunTime:0.000301s ]
INFO: [ app_end ] --START--
INFO: Run Behavior\ShowPageTraceBehavior [ RunTime:0.000039s ]
INFO: [ app_end ] --END-- [ RunTime:0.000067s ]

[ 2017-06-18T18:48:20+08:00 ] 101.226.69.112 /index.php/Mobile/Promotion/index/pid/2
INFO: [ app_init ] --START--
INFO: Run Behavior\BuildLiteBehavior [ RunTime:0.000011s ]
INFO: [ app_init ] --END-- [ RunTime:0.000088s ]
INFO: [ app_begin ] --START--
INFO: Run Behavior\ReadHtmlCacheBehavior [ RunTime:0.000040s ]
INFO: [ app_begin ] --END-- [ RunTime:0.000077s ]
NOTIC: [8] Undefined index: openid /data/wwwroot/shop.rehoming.cn/Application/Mobile/Controller/MobileBaseController.class.php 第 39 行.
NOTIC: [8] Undefined index: openid /data/wwwroot/shop.rehoming.cn/Application/Mobile/Controller/MobileBaseController.class.php 第 109 行.

[ 2017-06-18T18:48:20+08:00 ] 140.207.54.214 /
INFO: [ app_init ] --START--
INFO: Run Behavior\BuildLiteBehavior [ RunTime:0.000010s ]
INFO: [ app_init ] --END-- [ RunTime:0.000068s ]
INFO: [ app_begin ] --START--
INFO: Run Behavior\ReadHtmlCacheBehavior [ RunTime:0.000046s ]
INFO: [ app_begin ] --END-- [ RunTime:0.000082s ]
INFO: [ view_begin ] --START--
INFO: Run Home\Behaviors\testBehavior [ RunTime:0.000084s ]
INFO: [ view_begin ] --END-- [ RunTime:0.000126s ]
INFO: [ view_parse ] --START--
INFO: [ template_filter ] --START--
INFO: Run Behavior\ContentReplaceBehavior [ RunTime:0.000077s ]
INFO: [ template_filter ] --END-- [ RunTime:0.000118s ]
INFO: Run Behavior\ParseTemplateBehavior [ RunTime:0.019279s ]
INFO: [ view_parse ] --END-- [ RunTime:0.019334s ]
INFO: [ view_filter ] --START--
INFO: Run Behavior\WriteHtmlCacheBehavior [ RunTime:0.000055s ]
INFO: Run Behavior\TokenBuildBehavior [ RunTime:0.000214s ]
INFO: [ view_filter ] --END-- [ RunTime:0.000344s ]
INFO: [ app_end ] --START--
INFO: Run Behavior\ShowPageTraceBehavior [ RunTime:0.000042s ]
INFO: [ app_end ] --END-- [ RunTime:0.000072s ]

[ 2017-06-18T18:48:20+08:00 ] 117.185.24.243 /
INFO: [ app_init ] --START--
INFO: Run Behavior\BuildLiteBehavior [ RunTime:0.000010s ]
INFO: [ app_init ] --END-- [ RunTime:0.000063s ]
INFO: [ app_begin ] --START--
INFO: Run Behavior\ReadHtmlCacheBehavior [ RunTime:0.000031s ]
INFO: [ app_begin ] --END-- [ RunTime:0.000065s ]
INFO: [ view_begin ] --START--
INFO: Run Home\Behaviors\testBehavior [ RunTime:0.000067s ]
INFO: [ view_begin ] --END-- [ RunTime:0.000114s ]
INFO: [ view_parse ] --START--
INFO: [ template_filter ] --START--
INFO: Run Behavior\ContentReplaceBehavior [ RunTime:0.000074s ]
INFO: [ template_filter ] --END-- [ RunTime:0.000114s ]
INFO: Run Behavior\ParseTemplateBehavior [ RunTime:0.016977s ]
INFO: [ view_parse ] --END-- [ RunTime:0.017013s ]
INFO: [ view_filter ] --START--
INFO: Run Behavior\WriteHtmlCacheBehavior [ RunTime:0.000037s ]
INFO: Run Behavior\TokenBuildBehavior [ RunTime:0.000197s ]
INFO: [ view_filter ] --END-- [ RunTime:0.000281s ]
INFO: [ app_end ] --START--
INFO: Run Behavior\ShowPageTraceBehavior [ RunTime:0.000035s ]
INFO: [ app_end ] --END-- [ RunTime:0.000062s ]

[ 2017-06-18T18:48:25+08:00 ] 101.226.69.112 /index.php/Mobile/Promotion/index/pid/2?code=0713obH41TKlwP1gyHH415hPG413obHd&state=STATE
INFO: [ app_init ] --START--
INFO: Run Behavior\BuildLiteBehavior [ RunTime:0.000010s ]
INFO: [ app_init ] --END-- [ RunTime:0.000068s ]
INFO: [ app_begin ] --START--
INFO: Run Behavior\ReadHtmlCacheBehavior [ RunTime:0.000035s ]
INFO: [ app_begin ] --END-- [ RunTime:0.000071s ]
NOTIC: [8] Undefined index: openid /data/wwwroot/shop.rehoming.cn/Application/Mobile/Controller/MobileBaseController.class.php 第 39 行.
NOTIC: [8] Undefined index: openid /data/wwwroot/shop.rehoming.cn/Application/Mobile/Controller/MobileBaseController.class.php 第 109 行.
NOTIC: [8] Use of undefined constant appid - assumed 'appid' /data/wwwroot/shop.rehoming.cn/Application/Mobile/Controller/MobileBaseController.class.php 第 212 行.
NOTIC: [8] Use of undefined constant appsecret - assumed 'appsecret' /data/wwwroot/shop.rehoming.cn/Application/Mobile/Controller/MobileBaseController.class.php 第 212 行.
NOTIC: [8] Undefined index: first_leader /data/wwwroot/shop.rehoming.cn/Application/Home/Logic/UsersLogic.class.php 第 93 行.

[ 2017-06-18T18:48:25+08:00 ] 101.226.69.112 /index.php/Mobile/User/mobileinfo.html
INFO: [ app_init ] --START--
INFO: Run Behavior\BuildLiteBehavior [ RunTime:0.000011s ]
INFO: [ app_init ] --END-- [ RunTime:0.000074s ]
INFO: [ app_begin ] --START--
INFO: Run Behavior\ReadHtmlCacheBehavior [ RunTime:0.000035s ]
INFO: [ app_begin ] --END-- [ RunTime:0.000071s ]
INFO: [ view_begin ] --START--
INFO: Run Home\Behaviors\testBehavior [ RunTime:0.000069s ]
INFO: [ view_begin ] --END-- [ RunTime:0.000116s ]
INFO: [ view_parse ] --START--
INFO: [ template_filter ] --START--
INFO: Run Behavior\ContentReplaceBehavior [ RunTime:0.000039s ]
INFO: [ template_filter ] --END-- [ RunTime:0.000077s ]
INFO: Run Behavior\ParseTemplateBehavior [ RunTime:0.001877s ]
INFO: [ view_parse ] --END-- [ RunTime:0.001943s ]
INFO: [ view_filter ] --START--
INFO: Run Behavior\WriteHtmlCacheBehavior [ RunTime:0.000035s ]
INFO: Run Behavior\TokenBuildBehavior [ RunTime:0.000072s ]
INFO: [ view_filter ] --END-- [ RunTime:0.000162s ]
INFO: [ app_end ] --START--
INFO: Run Behavior\ShowPageTraceBehavior [ RunTime:0.000033s ]
INFO: [ app_end ] --END-- [ RunTime:0.000059s ]

[ 2017-06-18T20:44:01+08:00 ] 14.215.176.17 /index.php/Mobile/User/mobileinfo.html
INFO: [ app_init ] --START--
INFO: Run Behavior\BuildLiteBehavior [ RunTime:0.000012s ]
INFO: [ app_init ] --END-- [ RunTime:0.000086s ]
INFO: [ app_begin ] --START--
INFO: Run Behavior\ReadHtmlCacheBehavior [ RunTime:0.000043s ]
INFO: [ app_begin ] --END-- [ RunTime:0.000078s ]

[ 2017-06-18T20:44:01+08:00 ] 14.215.176.17 /index.php/Mobile/User/login.html
INFO: [ app_init ] --START--
INFO: Run Behavior\BuildLiteBehavior [ RunTime:0.000014s ]
INFO: [ app_init ] --END-- [ RunTime:0.000111s ]
INFO: [ app_begin ] --START--
INFO: Run Behavior\ReadHtmlCacheBehavior [ RunTime:0.000049s ]
INFO: [ app_begin ] --END-- [ RunTime:0.000105s ]
INFO: [ view_begin ] --START--
INFO: Run Home\Behaviors\testBehavior [ RunTime:0.000080s ]
INFO: [ view_begin ] --END-- [ RunTime:0.000119s ]
INFO: [ view_parse ] --START--
INFO: [ template_filter ] --START--
INFO: Run Behavior\ContentReplaceBehavior [ RunTime:0.000043s ]
INFO: [ template_filter ] --END-- [ RunTime:0.000080s ]
INFO: Run Behavior\ParseTemplateBehavior [ RunTime:0.002213s ]
INFO: [ view_parse ] --END-- [ RunTime:0.002249s ]
INFO: [ view_filter ] --START--
INFO: Run Behavior\WriteHtmlCacheBehavior [ RunTime:0.000039s ]
INFO: Run Behavior\TokenBuildBehavior [ RunTime:0.000082s ]
INFO: [ view_filter ] --END-- [ RunTime:0.000166s ]
INFO: [ app_end ] --START--
INFO: Run Behavior\ShowPageTraceBehavior [ RunTime:0.000035s ]
INFO: [ app_end ] --END-- [ RunTime:0.000062s ]

[ 2017-06-18T21:02:30+08:00 ] 222.71.124.36 /
INFO: [ app_init ] --START--
INFO: Run Behavior\BuildLiteBehavior [ RunTime:0.000020s ]
INFO: [ app_init ] --END-- [ RunTime:0.000096s ]
INFO: [ app_begin ] --START--
INFO: Run Behavior\ReadHtmlCacheBehavior [ RunTime:0.000044s ]
INFO: [ app_begin ] --END-- [ RunTime:0.000081s ]
NOTIC: [8] Undefined index: openid /data/wwwroot/shop.rehoming.cn/Application/Mobile/Controller/MobileBaseController.class.php 第 39 行.
NOTIC: [8] Undefined index: openid /data/wwwroot/shop.rehoming.cn/Application/Mobile/Controller/MobileBaseController.class.php 第 109 行.

[ 2017-06-18T21:02:31+08:00 ] 222.71.124.36 /?code=051VpyAg1dYpiw0WbRCg1zSjAg1VpyAs&state=STATE
INFO: [ app_init ] --START--
INFO: Run Behavior\BuildLiteBehavior [ RunTime:0.000011s ]
INFO: [ app_init ] --END-- [ RunTime:0.000072s ]
INFO: [ app_begin ] --START--
INFO: Run Behavior\ReadHtmlCacheBehavior [ RunTime:0.000035s ]
INFO: [ app_begin ] --END-- [ RunTime:0.000070s ]
NOTIC: [8] Undefined index: openid /data/wwwroot/shop.rehoming.cn/Application/Mobile/Controller/MobileBaseController.class.php 第 39 行.
NOTIC: [8] Undefined index: openid /data/wwwroot/shop.rehoming.cn/Application/Mobile/Controller/MobileBaseController.class.php 第 109 行.
NOTIC: [8] Use of undefined constant appid - assumed 'appid' /data/wwwroot/shop.rehoming.cn/Application/Mobile/Controller/MobileBaseController.class.php 第 212 行.
NOTIC: [8] Use of undefined constant appsecret - assumed 'appsecret' /data/wwwroot/shop.rehoming.cn/Application/Mobile/Controller/MobileBaseController.class.php 第 212 行.
INFO: [ view_begin ] --START--
INFO: Run Home\Behaviors\testBehavior [ RunTime:0.000123s ]
INFO: [ view_begin ] --END-- [ RunTime:0.000177s ]
INFO: [ view_parse ] --START--
INFO: [ template_filter ] --START--
INFO: Run Behavior\ContentReplaceBehavior [ RunTime:0.000073s ]
INFO: [ template_filter ] --END-- [ RunTime:0.000113s ]
INFO: Run Behavior\ParseTemplateBehavior [ RunTime:0.017335s ]
INFO: [ view_parse ] --END-- [ RunTime:0.017382s ]
INFO: [ view_filter ] --START--
INFO: Run Behavior\WriteHtmlCacheBehavior [ RunTime:0.000070s ]
INFO: Run Behavior\TokenBuildBehavior [ RunTime:0.000218s ]
INFO: [ view_filter ] --END-- [ RunTime:0.000348s ]
INFO: [ app_end ] --START--
INFO: Run Behavior\ShowPageTraceBehavior [ RunTime:0.000040s ]
INFO: [ app_end ] --END-- [ RunTime:0.000069s ]

[ 2017-06-18T21:03:00+08:00 ] 222.71.124.36 /index.php/Mobile/Goods/goodsInfo/id/492.html
INFO: [ app_init ] --START--
INFO: Run Behavior\BuildLiteBehavior [ RunTime:0.000013s ]
INFO: [ app_init ] --END-- [ RunTime:0.000079s ]
INFO: [ app_begin ] --START--
INFO: Run Behavior\ReadHtmlCacheBehavior [ RunTime:0.000034s ]
INFO: [ app_begin ] --END-- [ RunTime:0.000075s ]
NOTIC: [2] Division by zero /data/wwwroot/shop.rehoming.cn/Application/Home/Logic/GoodsLogic.class.php 第 227 行.
NOTIC: [2] Division by zero /data/wwwroot/shop.rehoming.cn/Application/Home/Logic/GoodsLogic.class.php 第 228 行.
NOTIC: [2] Division by zero /data/wwwroot/shop.rehoming.cn/Application/Home/Logic/GoodsLogic.class.php 第 230 行.
INFO: [ view_begin ] --START--
INFO: Run Home\Behaviors\testBehavior [ RunTime:0.000095s ]
INFO: [ view_begin ] --END-- [ RunTime:0.000142s ]
INFO: [ view_parse ] --START--
NOTIC: [8] Undefined index: level /data/wwwroot/shop.rehoming.cn/ThinkPHP/Library/Think/Template/TagLib/Tpshop.class.php 第 155 行.
INFO: [ template_filter ] --START--
INFO: Run Behavior\ContentReplaceBehavior [ RunTime:0.000122s ]
INFO: [ template_filter ] --END-- [ RunTime:0.000163s ]
NOTIC: [8] Use of undefined constant goods_id - assumed 'goods_id' /data/wwwroot/shop.rehoming.cn/Application/Runtime/Cache/Mobile/94cb4d638a2a5aa28921c8ab467f9022.php 第 169 行.
NOTIC: [8] Use of undefined constant goods_id - assumed 'goods_id' /data/wwwroot/shop.rehoming.cn/Application/Runtime/Cache/Mobile/94cb4d638a2a5aa28921c8ab467f9022.php 第 169 行.
NOTIC: [8] Use of undefined constant goods_id - assumed 'goods_id' /data/wwwroot/shop.rehoming.cn/Application/Runtime/Cache/Mobile/94cb4d638a2a5aa28921c8ab467f9022.php 第 169 行.
NOTIC: [8] Use of undefined constant goods_id - assumed 'goods_id' /data/wwwroot/shop.rehoming.cn/Application/Runtime/Cache/Mobile/94cb4d638a2a5aa28921c8ab467f9022.php 第 169 行.
NOTIC: [8] Use of undefined constant goods_id - assumed 'goods_id' /data/wwwroot/shop.rehoming.cn/Application/Runtime/Cache/Mobile/94cb4d638a2a5aa28921c8ab467f9022.php 第 169 行.
NOTIC: [8] Use of undefined constant goods_id - assumed 'goods_id' /data/wwwroot/shop.rehoming.cn/Application/Runtime/Cache/Mobile/94cb4d638a2a5aa28921c8ab467f9022.php 第 169 行.
NOTIC: [8] Use of undefined constant goods_id - assumed 'goods_id' /data/wwwroot/shop.rehoming.cn/Application/Runtime/Cache/Mobile/94cb4d638a2a5aa28921c8ab467f9022.php 第 169 行.
NOTIC: [8] Use of undefined constant goods_id - assumed 'goods_id' /data/wwwroot/shop.rehoming.cn/Application/Runtime/Cache/Mobile/94cb4d638a2a5aa28921c8ab467f9022.php 第 169 行.
NOTIC: [8] Use of undefined constant goods_id - assumed 'goods_id' /data/wwwroot/shop.rehoming.cn/Application/Runtime/Cache/Mobile/94cb4d638a2a5aa28921c8ab467f9022.php 第 169 行.
NOTIC: [8] Use of undefined constant HTTP_HOST - assumed 'HTTP_HOST' /data/wwwroot/shop.rehoming.cn/Application/Runtime/Cache/Mobile/94cb4d638a2a5aa28921c8ab467f9022.php 第 285 行.
NOTIC: [8] Use of undefined constant goods_id - assumed 'goods_id' /data/wwwroot/shop.rehoming.cn/Application/Runtime/Cache/Mobile/94cb4d638a2a5aa28921c8ab467f9022.php 第 285 行.
NOTIC: [8] Use of undefined constant HTTP_HOST - assumed 'HTTP_HOST' /data/wwwroot/shop.rehoming.cn/Application/Runtime/Cache/Mobile/94cb4d638a2a5aa28921c8ab467f9022.php 第 286 行.
NOTIC: [8] Use of undefined constant goods_id - assumed 'goods_id' /data/wwwroot/shop.rehoming.cn/Application/Runtime/Cache/Mobile/94cb4d638a2a5aa28921c8ab467f9022.php 第 286 行.
NOTIC: [8] Undefined index: flash_sale /data/wwwroot/shop.rehoming.cn/Application/Runtime/Cache/Mobile/94cb4d638a2a5aa28921c8ab467f9022.php 第 448 行.
INFO: Run Behavior\ParseTemplateBehavior [ RunTime:0.014874s ]
INFO: [ view_parse ] --END-- [ RunTime:0.014909s ]
INFO: [ view_filter ] --START--
INFO: Run Behavior\WriteHtmlCacheBehavior [ RunTime:0.000038s ]
INFO: Run Behavior\TokenBuildBehavior [ RunTime:0.000180s ]
INFO: [ view_filter ] --END-- [ RunTime:0.000268s ]
INFO: [ app_end ] --START--
INFO: Run Behavior\ShowPageTraceBehavior [ RunTime:0.000038s ]
INFO: [ app_end ] --END-- [ RunTime:0.000069s ]

[ 2017-06-18T21:03:00+08:00 ] 222.71.124.36 /index.php?m=Mobile&c=goods&a=ajaxComment&goods_id=492&commentType=1&p=1
INFO: [ app_init ] --START--
INFO: Run Behavior\BuildLiteBehavior [ RunTime:0.000011s ]
INFO: [ app_init ] --END-- [ RunTime:0.000073s ]
INFO: [ app_begin ] --START--
INFO: Run Behavior\ReadHtmlCacheBehavior [ RunTime:0.000035s ]
INFO: [ app_begin ] --END-- [ RunTime:0.000065s ]
INFO: [ view_begin ] --START--
INFO: Run Home\Behaviors\testBehavior [ RunTime:0.000067s ]
INFO: [ view_begin ] --END-- [ RunTime:0.000105s ]
INFO: [ view_parse ] --START--
INFO: [ template_filter ] --START--
INFO: Run Behavior\ContentReplaceBehavior [ RunTime:0.000044s ]
INFO: [ template_filter ] --END-- [ RunTime:0.000105s ]
INFO: Run Behavior\ParseTemplateBehavior [ RunTime:0.005186s ]
INFO: [ view_parse ] --END-- [ RunTime:0.005224s ]
INFO: [ view_filter ] --START--
INFO: Run Behavior\WriteHtmlCacheBehavior [ RunTime:0.000034s ]
INFO: Run Behavior\TokenBuildBehavior [ RunTime:0.000059s ]
INFO: [ view_filter ] --END-- [ RunTime:0.000133s ]
INFO: [ app_end ] --START--
INFO: Run Behavior\ShowPageTraceBehavior [ RunTime:0.000027s ]
INFO: [ app_end ] --END-- [ RunTime:0.000050s ]

[ 2017-06-18T21:03:10+08:00 ] 101.226.33.218 /index.php/Mobile/Goods/goodsInfo/id/492.html
INFO: [ app_init ] --START--
INFO: Run Behavior\BuildLiteBehavior [ RunTime:0.000012s ]
INFO: [ app_init ] --END-- [ RunTime:0.000077s ]
INFO: [ app_begin ] --START--
INFO: Run Behavior\ReadHtmlCacheBehavior [ RunTime:0.000036s ]
INFO: [ app_begin ] --END-- [ RunTime:0.000096s ]
NOTIC: [8] Undefined index: openid /data/wwwroot/shop.rehoming.cn/Application/Mobile/Controller/MobileBaseController.class.php 第 39 行.
NOTIC: [8] Undefined index: openid /data/wwwroot/shop.rehoming.cn/Application/Mobile/Controller/MobileBaseController.class.php 第 109 行.

[ 2017-06-18T21:18:52+08:00 ] 14.215.176.17 /index.php/Mobile/User/address_list.html
INFO: [ app_init ] --START--
INFO: Run Behavior\BuildLiteBehavior [ RunTime:0.000012s ]
INFO: [ app_init ] --END-- [ RunTime:0.000084s ]
INFO: [ app_begin ] --START--
INFO: Run Behavior\ReadHtmlCacheBehavior [ RunTime:0.000039s ]
INFO: [ app_begin ] --END-- [ RunTime:0.000073s ]

[ 2017-06-18T21:18:52+08:00 ] 14.215.176.17 /index.php/Mobile/User/login.html
INFO: [ app_init ] --START--
INFO: Run Behavior\BuildLiteBehavior [ RunTime:0.000010s ]
INFO: [ app_init ] --END-- [ RunTime:0.000062s ]
INFO: [ app_begin ] --START--
INFO: Run Behavior\ReadHtmlCacheBehavior [ RunTime:0.000033s ]
INFO: [ app_begin ] --END-- [ RunTime:0.000067s ]
INFO: [ view_begin ] --START--
INFO: Run Home\Behaviors\testBehavior [ RunTime:0.000078s ]
INFO: [ view_begin ] --END-- [ RunTime:0.000116s ]
INFO: [ view_parse ] --START--
INFO: [ template_filter ] --START--
INFO: Run Behavior\ContentReplaceBehavior [ RunTime:0.000047s ]
INFO: [ template_filter ] --END-- [ RunTime:0.000093s ]
INFO: Run Behavior\ParseTemplateBehavior [ RunTime:0.002314s ]
INFO: [ view_parse ] --END-- [ RunTime:0.002348s ]
INFO: [ view_filter ] --START--
INFO: Run Behavior\WriteHtmlCacheBehavior [ RunTime:0.000039s ]
INFO: Run Behavior\TokenBuildBehavior [ RunTime:0.000097s ]
INFO: [ view_filter ] --END-- [ RunTime:0.000181s ]
INFO: [ app_end ] --START--
INFO: Run Behavior\ShowPageTraceBehavior [ RunTime:0.000037s ]
INFO: [ app_end ] --END-- [ RunTime:0.000064s ]

[ 2017-06-18T22:33:09+08:00 ] 112.64.217.84 /index.php/Mobile/Promotion/index/pid/2
INFO: [ app_init ] --START--
INFO: Run Behavior\BuildLiteBehavior [ RunTime:0.000012s ]
INFO: [ app_init ] --END-- [ RunTime:0.000086s ]
INFO: [ app_begin ] --START--
INFO: Run Behavior\ReadHtmlCacheBehavior [ RunTime:0.000038s ]
INFO: [ app_begin ] --END-- [ RunTime:0.000074s ]
NOTIC: [8] Undefined index: openid /data/wwwroot/shop.rehoming.cn/Application/Mobile/Controller/MobileBaseController.class.php 第 39 行.
NOTIC: [8] Undefined index: openid /data/wwwroot/shop.rehoming.cn/Application/Mobile/Controller/MobileBaseController.class.php 第 109 行.

[ 2017-06-18T22:33:10+08:00 ] 112.64.217.84 /index.php/Mobile/Promotion/index/pid/2?code=051PiePX0kFSQ02GfiTX0BuvPX0PiePL&state=STATE?source=1
INFO: [ app_init ] --START--
INFO: Run Behavior\BuildLiteBehavior [ RunTime:0.000010s ]
INFO: [ app_init ] --END-- [ RunTime:0.000079s ]
INFO: [ app_begin ] --START--
INFO: Run Behavior\ReadHtmlCacheBehavior [ RunTime:0.000034s ]
INFO: [ app_begin ] --END-- [ RunTime:0.000070s ]
NOTIC: [8] Undefined index: openid /data/wwwroot/shop.rehoming.cn/Application/Mobile/Controller/MobileBaseController.class.php 第 39 行.
NOTIC: [8] Undefined index: openid /data/wwwroot/shop.rehoming.cn/Application/Mobile/Controller/MobileBaseController.class.php 第 109 行.
INFO: [ view_begin ] --START--
INFO: Run Home\Behaviors\testBehavior [ RunTime:0.000090s ]
INFO: [ view_begin ] --END-- [ RunTime:0.000149s ]
INFO: [ view_parse ] --START--
INFO: [ template_filter ] --START--
INFO: Run Behavior\ContentReplaceBehavior [ RunTime:0.000052s ]
INFO: [ template_filter ] --END-- [ RunTime:0.000090s ]
NOTIC: [8] Use of undefined constant goods_id - assumed 'goods_id' /data/wwwroot/shop.rehoming.cn/Application/Runtime/Cache/Mobile/03558b50bb650cf1ae5124d1bad13018.php 第 143 行.
NOTIC: [8] Use of undefined constant goods_id - assumed 'goods_id' /data/wwwroot/shop.rehoming.cn/Application/Runtime/Cache/Mobile/03558b50bb650cf1ae5124d1bad13018.php 第 143 行.
NOTIC: [8] Use of undefined constant goods_id - assumed 'goods_id' /data/wwwroot/shop.rehoming.cn/Application/Runtime/Cache/Mobile/03558b50bb650cf1ae5124d1bad13018.php 第 143 行.
NOTIC: [8] Use of undefined constant goods_id - assumed 'goods_id' /data/wwwroot/shop.rehoming.cn/Application/Runtime/Cache/Mobile/03558b50bb650cf1ae5124d1bad13018.php 第 143 行.
NOTIC: [8] Use of undefined constant goods_id - assumed 'goods_id' /data/wwwroot/shop.rehoming.cn/Application/Runtime/Cache/Mobile/03558b50bb650cf1ae5124d1bad13018.php 第 143 行.
NOTIC: [8] Use of undefined constant goods_id - assumed 'goods_id' /data/wwwroot/shop.rehoming.cn/Application/Runtime/Cache/Mobile/03558b50bb650cf1ae5124d1bad13018.php 第 143 行.
INFO: Run Behavior\ParseTemplateBehavior [ RunTime:0.006453s ]
INFO: [ view_parse ] --END-- [ RunTime:0.006490s ]
INFO: [ view_filter ] --START--
INFO: Run Behavior\WriteHtmlCacheBehavior [ RunTime:0.000042s ]
INFO: Run Behavior\TokenBuildBehavior [ RunTime:0.000111s ]
INFO: [ view_filter ] --END-- [ RunTime:0.000198s ]
INFO: [ app_end ] --START--
INFO: Run Behavior\ShowPageTraceBehavior [ RunTime:0.000038s ]
INFO: [ app_end ] --END-- [ RunTime:0.000065s ]

[ 2017-06-18T22:33:41+08:00 ] 112.64.217.84 /
INFO: [ app_init ] --START--
INFO: Run Behavior\BuildLiteBehavior [ RunTime:0.000012s ]
INFO: [ app_init ] --END-- [ RunTime:0.000078s ]
INFO: [ app_begin ] --START--
INFO: Run Behavior\ReadHtmlCacheBehavior [ RunTime:0.000035s ]
INFO: [ app_begin ] --END-- [ RunTime:0.000071s ]
INFO: [ view_begin ] --START--
INFO: Run Home\Behaviors\testBehavior [ RunTime:0.000068s ]
INFO: [ view_begin ] --END-- [ RunTime:0.000117s ]
INFO: [ view_parse ] --START--
INFO: [ template_filter ] --START--
INFO: Run Behavior\ContentReplaceBehavior [ RunTime:0.000093s ]
INFO: [ template_filter ] --END-- [ RunTime:0.000135s ]
INFO: Run Behavior\ParseTemplateBehavior [ RunTime:0.017283s ]
INFO: [ view_parse ] --END-- [ RunTime:0.017320s ]
INFO: [ view_filter ] --START--
INFO: Run Behavior\WriteHtmlCacheBehavior [ RunTime:0.000053s ]
INFO: Run Behavior\TokenBuildBehavior [ RunTime:0.000269s ]
INFO: [ view_filter ] --END-- [ RunTime:0.000394s ]
INFO: [ app_end ] --START--
INFO: Run Behavior\ShowPageTraceBehavior [ RunTime:0.000040s ]
INFO: [ app_end ] --END-- [ RunTime:0.000070s ]

[ 2017-06-18T22:36:26+08:00 ] 111.206.36.11 /index.php/Mobile/Cart/cart.html
INFO: [ app_init ] --START--
INFO: Run Behavior\BuildLiteBehavior [ RunTime:0.000012s ]
INFO: [ app_init ] --END-- [ RunTime:0.000088s ]
INFO: [ app_begin ] --START--
INFO: Run Behavior\ReadHtmlCacheBehavior [ RunTime:0.000040s ]
INFO: [ app_begin ] --END-- [ RunTime:0.000077s ]
INFO: [ view_begin ] --START--
INFO: Run Home\Behaviors\testBehavior [ RunTime:0.000073s ]
INFO: [ view_begin ] --END-- [ RunTime:0.000113s ]
INFO: [ view_parse ] --START--
INFO: [ template_filter ] --START--
INFO: Run Behavior\ContentReplaceBehavior [ RunTime:0.000070s ]
INFO: [ template_filter ] --END-- [ RunTime:0.000114s ]
INFO: Run Behavior\ParseTemplateBehavior [ RunTime:0.003315s ]
INFO: [ view_parse ] --END-- [ RunTime:0.003354s ]
INFO: [ view_filter ] --START--
INFO: Run Behavior\WriteHtmlCacheBehavior [ RunTime:0.000057s ]
INFO: Run Behavior\TokenBuildBehavior [ RunTime:0.000100s ]
INFO: [ view_filter ] --END-- [ RunTime:0.000207s ]
INFO: [ app_end ] --START--
INFO: Run Behavior\ShowPageTraceBehavior [ RunTime:0.000039s ]
INFO: [ app_end ] --END-- [ RunTime:0.000066s ]

[ 2017-06-18T22:36:26+08:00 ] 111.206.36.139 /index.php/Mobile/Cart/ajaxCartList.html
INFO: [ app_init ] --START--
INFO: Run Behavior\BuildLiteBehavior [ RunTime:0.000012s ]
INFO: [ app_init ] --END-- [ RunTime:0.000090s ]
INFO: [ app_begin ] --START--
INFO: Run Behavior\ReadHtmlCacheBehavior [ RunTime:0.000033s ]
INFO: [ app_begin ] --END-- [ RunTime:0.000065s ]
NOTIC: [8] Use of undefined constant user_id - assumed 'user_id' /data/wwwroot/shop.rehoming.cn/Application/Home/Logic/CartLogic.class.php 第 157 行.
NOTIC: [8] Undefined index: user_id /data/wwwroot/shop.rehoming.cn/Application/Home/Logic/CartLogic.class.php 第 157 行.
NOTIC: [8] Use of undefined constant user_id - assumed 'user_id' /data/wwwroot/shop.rehoming.cn/Application/Home/Logic/CartLogic.class.php 第 165 行.
INFO: [ view_begin ] --START--
INFO: Run Home\Behaviors\testBehavior [ RunTime:0.000063s ]
INFO: [ view_begin ] --END-- [ RunTime:0.000098s ]
INFO: [ view_parse ] --START--
INFO: [ template_filter ] --START--
INFO: Run Behavior\ContentReplaceBehavior [ RunTime:0.000046s ]
INFO: [ template_filter ] --END-- [ RunTime:0.000080s ]
INFO: Run Behavior\ParseTemplateBehavior [ RunTime:0.004412s ]
INFO: [ view_parse ] --END-- [ RunTime:0.004445s ]
INFO: [ view_filter ] --START--
INFO: Run Behavior\WriteHtmlCacheBehavior [ RunTime:0.000035s ]
INFO: Run Behavior\TokenBuildBehavior [ RunTime:0.000068s ]
INFO: [ view_filter ] --END-- [ RunTime:0.000142s ]
INFO: [ app_end ] --START--
INFO: Run Behavior\ShowPageTraceBehavior [ RunTime:0.000030s ]
INFO: [ app_end ] --END-- [ RunTime:0.000054s ]

[ 2017-06-18T22:37:01+08:00 ] 112.64.217.84 /index.php/Mobile/Index/getyoulikemore.html
INFO: [ app_init ] --START--
INFO: Run Behavior\BuildLiteBehavior [ RunTime:0.000012s ]
INFO: [ app_init ] --END-- [ RunTime:0.000086s ]
INFO: [ app_begin ] --START--
INFO: Run Behavior\ReadHtmlCacheBehavior [ RunTime:0.000033s ]
INFO: [ app_begin ] --END-- [ RunTime:0.000065s ]
INFO: [ view_begin ] --START--
INFO: Run Home\Behaviors\testBehavior [ RunTime:0.000121s ]
INFO: [ view_begin ] --END-- [ RunTime:0.000177s ]
INFO: [ view_parse ] --START--
INFO: [ template_filter ] --START--
INFO: Run Behavior\ContentReplaceBehavior [ RunTime:0.000033s ]
INFO: [ template_filter ] --END-- [ RunTime:0.000081s ]
INFO: Run Behavior\ParseTemplateBehavior [ RunTime:0.005781s ]
INFO: [ view_parse ] --END-- [ RunTime:0.005834s ]
INFO: [ view_filter ] --START--
INFO: Run Behavior\WriteHtmlCacheBehavior [ RunTime:0.000041s ]
INFO: Run Behavior\TokenBuildBehavior [ RunTime:0.000089s ]
INFO: [ view_filter ] --END-- [ RunTime:0.000171s ]
INFO: [ app_end ] --START--
INFO: Run Behavior\ShowPageTraceBehavior [ RunTime:0.000032s ]
INFO: [ app_end ] --END-- [ RunTime:0.000056s ]

[ 2017-06-18T23:17:54+08:00 ] 14.215.176.139 /?code=051VpyAg1dYpiw0WbRCg1zSjAg1VpyAs&state=STATE
INFO: [ app_init ] --START--
INFO: Run Behavior\BuildLiteBehavior [ RunTime:0.000013s ]
INFO: [ app_init ] --END-- [ RunTime:0.000088s ]
INFO: [ app_begin ] --START--
INFO: Run Behavior\ReadHtmlCacheBehavior [ RunTime:0.000041s ]
INFO: [ app_begin ] --END-- [ RunTime:0.000076s ]
INFO: [ view_begin ] --START--
INFO: Run Home\Behaviors\testBehavior [ RunTime:0.000085s ]
INFO: [ view_begin ] --END-- [ RunTime:0.000125s ]
INFO: [ view_parse ] --START--
INFO: [ template_filter ] --START--
INFO: Run Behavior\ContentReplaceBehavior [ RunTime:0.000071s ]
INFO: [ template_filter ] --END-- [ RunTime:0.000113s ]
INFO: Run Behavior\ParseTemplateBehavior [ RunTime:0.018008s ]
INFO: [ view_parse ] --END-- [ RunTime:0.018048s ]
INFO: [ view_filter ] --START--
INFO: Run Behavior\WriteHtmlCacheBehavior [ RunTime:0.000044s ]
INFO: Run Behavior\TokenBuildBehavior [ RunTime:0.000208s ]
INFO: [ view_filter ] --END-- [ RunTime:0.000301s ]
INFO: [ app_end ] --START--
INFO: Run Behavior\ShowPageTraceBehavior [ RunTime:0.000041s ]
INFO: [ app_end ] --END-- [ RunTime:0.000070s ]

