[ 2017-06-20T12:29:38+08:00 ] 180.173.83.155 /index.php/Home/Goods/goodsInfo/id/503
INFO: [ app_init ] --START--
INFO: Run Behavior\BuildLiteBehavior [ RunTime:0.000013s ]
INFO: [ app_init ] --END-- [ RunTime:0.000093s ]
INFO: [ app_begin ] --START--

[ 2017-06-20T12:29:38+08:00 ] 180.173.83.155 /index.php?m=Home&c=Goods&a=getRegion
INFO: [ app_init ] --START--
INFO: Run Behavior\BuildLiteBehavior [ RunTime:0.000014s ]
INFO: [ app_init ] --END-- [ RunTime:0.000116s ]
INFO: [ app_begin ] --START--
INFO: Run Behavior\ReadHtmlCacheBehavior [ RunTime:0.000054s ]
INFO: [ app_begin ] --END-- [ RunTime:0.000091s ]
NOTIC: [8] Undefined offset: 0 /data/wwwroot/shop.rehoming.cn/Application/Home/Logic/GoodsLogic.class.php 第 543 行.
NOTIC: [8] Undefined offset: 0 /data/wwwroot/shop.rehoming.cn/Application/Home/Logic/GoodsLogic.class.php 第 543 行.
NOTIC: [8] Undefined offset: 0 /data/wwwroot/shop.rehoming.cn/Application/Home/Logic/GoodsLogic.class.php 第 543 行.

[ 2017-06-20T12:29:38+08:00 ] 180.173.83.155 /index.php?m=Home&c=Cart&a=header_cart_list
INFO: [ app_init ] --START--
INFO: Run Behavior\BuildLiteBehavior [ RunTime:0.000009s ]
INFO: [ app_init ] --END-- [ RunTime:0.000064s ]
INFO: [ app_begin ] --START--
INFO: Run Behavior\ReadHtmlCacheBehavior [ RunTime:0.000050s ]
INFO: [ app_begin ] --END-- [ RunTime:0.000084s ]
NOTIC: [8] Use of undefined constant user_id - assumed 'user_id' /data/wwwroot/shop.rehoming.cn/Application/Home/Logic/CartLogic.class.php 第 157 行.
NOTIC: [8] Undefined index: user_id /data/wwwroot/shop.rehoming.cn/Application/Home/Logic/CartLogic.class.php 第 157 行.
NOTIC: [8] Use of undefined constant user_id - assumed 'user_id' /data/wwwroot/shop.rehoming.cn/Application/Home/Logic/CartLogic.class.php 第 165 行.
INFO: [ view_begin ] --START--
INFO: Run Home\Behaviors\testBehavior [ RunTime:0.000091s ]
INFO: [ view_begin ] --END-- [ RunTime:0.000126s ]
INFO: [ view_parse ] --START--
INFO: [ template_filter ] --START--
INFO: Run Behavior\ContentReplaceBehavior [ RunTime:0.000036s ]
INFO: [ template_filter ] --END-- [ RunTime:0.000070s ]
NOTIC: [8] Use of undefined constant anum - assumed 'anum' /data/wwwroot/shop.rehoming.cn/Application/Runtime/Cache/Home/fb4a9ff6a7ee6538416cd11436248c35.php 第 58 行.
NOTIC: [8] Undefined index: anum /data/wwwroot/shop.rehoming.cn/Application/Runtime/Cache/Home/fb4a9ff6a7ee6538416cd11436248c35.php 第 58 行.
INFO: Run Behavior\ParseTemplateBehavior [ RunTime:0.003662s ]
INFO: [ view_parse ] --END-- [ RunTime:0.003694s ]
INFO: [ view_filter ] --START--
INFO: Run Behavior\WriteHtmlCacheBehavior [ RunTime:0.000046s ]
INFO: Run Behavior\TokenBuildBehavior [ RunTime:0.000082s ]
INFO: [ view_filter ] --END-- [ RunTime:0.000167s ]
INFO: [ app_end ] --START--
INFO: Run Behavior\ShowPageTraceBehavior [ RunTime:0.000042s ]
INFO: [ app_end ] --END-- [ RunTime:0.000069s ]

[ 2017-06-20T12:29:38+08:00 ] 180.173.83.155 /index.php?m=Home&c=goods&a=ajaxComment&goods_id=503&commentType=1&p=1
INFO: [ app_init ] --START--
INFO: Run Behavior\BuildLiteBehavior [ RunTime:0.000010s ]
INFO: [ app_init ] --END-- [ RunTime:0.000064s ]
INFO: [ app_begin ] --START--

[ 2017-06-20T12:29:39+08:00 ] 180.173.83.155 /index.php?m=Home&c=Goods&callback=getAreaListcallback&a=region&fid=2
INFO: [ app_init ] --START--
INFO: Run Behavior\BuildLiteBehavior [ RunTime:0.000012s ]
INFO: [ app_init ] --END-- [ RunTime:0.000078s ]
INFO: [ app_begin ] --START--
INFO: Run Behavior\ReadHtmlCacheBehavior [ RunTime:0.000049s ]
INFO: [ app_begin ] --END-- [ RunTime:0.000094s ]

[ 2017-06-20T12:29:39+08:00 ] 180.173.83.155 /index.php?m=Home&c=Goods&a=dispatching
INFO: [ app_init ] --START--
INFO: Run Behavior\BuildLiteBehavior [ RunTime:0.000013s ]
INFO: [ app_init ] --END-- [ RunTime:0.000076s ]
INFO: [ app_begin ] --START--
INFO: Run Behavior\ReadHtmlCacheBehavior [ RunTime:0.000028s ]
INFO: [ app_begin ] --END-- [ RunTime:0.000059s ]
NOTIC: [8] Undefined offset: 0 /data/wwwroot/shop.rehoming.cn/Application/Home/Logic/GoodsLogic.class.php 第 597 行.
NOTIC: [8] Undefined offset: 1 /data/wwwroot/shop.rehoming.cn/Application/Home/Logic/GoodsLogic.class.php 第 597 行.
NOTIC: [8] Undefined offset: 2 /data/wwwroot/shop.rehoming.cn/Application/Home/Logic/GoodsLogic.class.php 第 597 行.
NOTIC: [8] Undefined offset: 3 /data/wwwroot/shop.rehoming.cn/Application/Home/Logic/GoodsLogic.class.php 第 597 行.
NOTIC: [8] Undefined offset: 4 /data/wwwroot/shop.rehoming.cn/Application/Home/Logic/GoodsLogic.class.php 第 597 行.

[ 2017-06-20T12:29:49+08:00 ] 101.226.33.226 /index.php/Home/Goods/goodsInfo/id/503
INFO: [ app_init ] --START--
INFO: Run Behavior\BuildLiteBehavior [ RunTime:0.000012s ]
INFO: [ app_init ] --END-- [ RunTime:0.000080s ]
INFO: [ app_begin ] --START--

[ 2017-06-20T12:34:55+08:00 ] 61.141.64.74 /index.php?m=Home&c=api&a=get_category&parent_id=854
INFO: [ app_init ] --START--
INFO: Run Behavior\BuildLiteBehavior [ RunTime:0.000014s ]
INFO: [ app_init ] --END-- [ RunTime:0.000097s ]
INFO: [ app_begin ] --START--
INFO: Run Behavior\ReadHtmlCacheBehavior [ RunTime:0.000067s ]
INFO: [ app_begin ] --END-- [ RunTime:0.000118s ]
NOTIC: [8] Undefined variable: html /data/wwwroot/shop.rehoming.cn/Application/Home/Controller/ApiController.class.php 第 58 行.

[ 2017-06-20T12:34:55+08:00 ] 61.141.64.74 /index.php?m=Home&c=api&a=get_category&parent_id=854
INFO: [ app_init ] --START--
INFO: Run Behavior\BuildLiteBehavior [ RunTime:0.000009s ]
INFO: [ app_init ] --END-- [ RunTime:0.000062s ]
INFO: [ app_begin ] --START--
INFO: Run Behavior\ReadHtmlCacheBehavior [ RunTime:0.000039s ]
INFO: [ app_begin ] --END-- [ RunTime:0.000070s ]
NOTIC: [8] Undefined variable: html /data/wwwroot/shop.rehoming.cn/Application/Home/Controller/ApiController.class.php 第 58 行.

[ 2017-06-20T12:35:41+08:00 ] 61.141.64.74 /index.php?m=Home&c=Cart&a=ajaxAddCart
INFO: [ app_init ] --START--
INFO: Run Behavior\BuildLiteBehavior [ RunTime:0.000012s ]
INFO: [ app_init ] --END-- [ RunTime:0.000077s ]
INFO: [ app_begin ] --START--
INFO: Run Behavior\ReadHtmlCacheBehavior [ RunTime:0.000032s ]
INFO: [ app_begin ] --END-- [ RunTime:0.000063s ]

[ 2017-06-20T14:59:41+08:00 ] 101.226.102.52 /index.php?m=Home&c=Api&a=getRegion&level=2&parent_id=5827
INFO: [ app_init ] --START--
INFO: Run Behavior\BuildLiteBehavior [ RunTime:0.000019s ]
INFO: [ app_init ] --END-- [ RunTime:0.000086s ]
INFO: [ app_begin ] --START--
INFO: Run Behavior\ReadHtmlCacheBehavior [ RunTime:0.000052s ]
INFO: [ app_begin ] --END-- [ RunTime:0.000084s ]
INFO: [ app_end ] --START--
INFO: Run Behavior\ShowPageTraceBehavior [ RunTime:0.000058s ]
INFO: [ app_end ] --END-- [ RunTime:0.000107s ]

[ 2017-06-20T14:59:42+08:00 ] 101.226.102.52 /index.php?m=Home&c=Api&a=getRegion&level=3&parent_id=5828
INFO: [ app_init ] --START--
INFO: Run Behavior\BuildLiteBehavior [ RunTime:0.000013s ]
INFO: [ app_init ] --END-- [ RunTime:0.000080s ]
INFO: [ app_begin ] --START--
INFO: Run Behavior\ReadHtmlCacheBehavior [ RunTime:0.000045s ]
INFO: [ app_begin ] --END-- [ RunTime:0.000076s ]
INFO: [ app_end ] --START--
INFO: Run Behavior\ShowPageTraceBehavior [ RunTime:0.000046s ]
INFO: [ app_end ] --END-- [ RunTime:0.000086s ]

[ 2017-06-20T14:59:44+08:00 ] 101.226.102.52 /index.php?m=Home&c=Api&a=getTwon&parent_id=5859
INFO: [ app_init ] --START--
INFO: Run Behavior\BuildLiteBehavior [ RunTime:0.000012s ]
INFO: [ app_init ] --END-- [ RunTime:0.000079s ]
INFO: [ app_begin ] --START--
INFO: Run Behavior\ReadHtmlCacheBehavior [ RunTime:0.000048s ]
INFO: [ app_begin ] --END-- [ RunTime:0.000082s ]
INFO: [ app_end ] --START--
INFO: Run Behavior\ShowPageTraceBehavior [ RunTime:0.000058s ]
INFO: [ app_end ] --END-- [ RunTime:0.000107s ]

[ 2017-06-20T15:00:44+08:00 ] 140.207.54.199 /index.php?m=Home&c=Api&a=getRegion&level=2&parent_id=338
INFO: [ app_init ] --START--
INFO: Run Behavior\BuildLiteBehavior [ RunTime:0.000012s ]
INFO: [ app_init ] --END-- [ RunTime:0.000075s ]
INFO: [ app_begin ] --START--
INFO: Run Behavior\ReadHtmlCacheBehavior [ RunTime:0.000050s ]
INFO: [ app_begin ] --END-- [ RunTime:0.000083s ]
INFO: [ app_end ] --START--
INFO: Run Behavior\ShowPageTraceBehavior [ RunTime:0.000056s ]
INFO: [ app_end ] --END-- [ RunTime:0.000105s ]

[ 2017-06-20T15:00:45+08:00 ] 101.226.102.52 /index.php?m=Home&c=Api&a=getRegion&level=3&parent_id=339
INFO: [ app_init ] --START--
INFO: Run Behavior\BuildLiteBehavior [ RunTime:0.000012s ]
INFO: [ app_init ] --END-- [ RunTime:0.000077s ]
INFO: [ app_begin ] --START--
INFO: Run Behavior\ReadHtmlCacheBehavior [ RunTime:0.000048s ]
INFO: [ app_begin ] --END-- [ RunTime:0.000080s ]
INFO: [ app_end ] --START--
INFO: Run Behavior\ShowPageTraceBehavior [ RunTime:0.000073s ]
INFO: [ app_end ] --END-- [ RunTime:0.000123s ]

[ 2017-06-20T15:00:47+08:00 ] 101.226.102.52 /index.php?m=Home&c=Api&a=getTwon&parent_id=347
INFO: [ app_init ] --START--
INFO: Run Behavior\BuildLiteBehavior [ RunTime:0.000012s ]
INFO: [ app_init ] --END-- [ RunTime:0.000080s ]
INFO: [ app_begin ] --START--
INFO: Run Behavior\ReadHtmlCacheBehavior [ RunTime:0.000047s ]
INFO: [ app_begin ] --END-- [ RunTime:0.000079s ]
INFO: [ app_end ] --START--
INFO: Run Behavior\ShowPageTraceBehavior [ RunTime:0.000049s ]
INFO: [ app_end ] --END-- [ RunTime:0.000090s ]

[ 2017-06-20T16:03:26+08:00 ] 180.173.83.155 /index.php?m=Home&c=Cart&a=header_cart_list
INFO: [ app_init ] --START--
INFO: Run Behavior\BuildLiteBehavior [ RunTime:0.000011s ]
INFO: [ app_init ] --END-- [ RunTime:0.000071s ]
INFO: [ app_begin ] --START--
INFO: Run Behavior\ReadHtmlCacheBehavior [ RunTime:0.000046s ]
INFO: [ app_begin ] --END-- [ RunTime:0.000081s ]
NOTIC: [8] Use of undefined constant discount - assumed 'discount' /data/wwwroot/shop.rehoming.cn/Application/Home/Controller/CartController.class.php 第 29 行.
NOTIC: [8] Use of undefined constant discount - assumed 'discount' /data/wwwroot/shop.rehoming.cn/Application/Home/Controller/CartController.class.php 第 29 行.
NOTIC: [8] Use of undefined constant discount - assumed 'discount' /data/wwwroot/shop.rehoming.cn/Application/Home/Controller/CartController.class.php 第 29 行.
NOTIC: [8] Use of undefined constant discount - assumed 'discount' /data/wwwroot/shop.rehoming.cn/Application/Home/Controller/CartController.class.php 第 30 行.
NOTIC: [8] Use of undefined constant user_id - assumed 'user_id' /data/wwwroot/shop.rehoming.cn/Application/Home/Controller/CartController.class.php 第 30 行.
NOTIC: [8] Use of undefined constant user_id - assumed 'user_id' /data/wwwroot/shop.rehoming.cn/Application/Home/Logic/CartLogic.class.php 第 157 行.
INFO: [ view_begin ] --START--
INFO: Run Home\Behaviors\testBehavior [ RunTime:0.000096s ]
INFO: [ view_begin ] --END-- [ RunTime:0.000141s ]
INFO: [ view_parse ] --START--
INFO: [ template_filter ] --START--
INFO: Run Behavior\ContentReplaceBehavior [ RunTime:0.000038s ]
INFO: [ template_filter ] --END-- [ RunTime:0.000076s ]
NOTIC: [8] Use of undefined constant anum - assumed 'anum' /data/wwwroot/shop.rehoming.cn/Application/Runtime/Cache/Home/fb4a9ff6a7ee6538416cd11436248c35.php 第 58 行.
NOTIC: [8] Undefined index: anum /data/wwwroot/shop.rehoming.cn/Application/Runtime/Cache/Home/fb4a9ff6a7ee6538416cd11436248c35.php 第 58 行.
INFO: Run Behavior\ParseTemplateBehavior [ RunTime:0.003332s ]
INFO: [ view_parse ] --END-- [ RunTime:0.003363s ]
INFO: [ view_filter ] --START--
INFO: Run Behavior\WriteHtmlCacheBehavior [ RunTime:0.000056s ]
INFO: Run Behavior\TokenBuildBehavior [ RunTime:0.000085s ]
INFO: [ view_filter ] --END-- [ RunTime:0.000188s ]
INFO: [ app_end ] --START--
INFO: Run Behavior\ShowPageTraceBehavior [ RunTime:0.000031s ]
INFO: [ app_end ] --END-- [ RunTime:0.000057s ]

[ 2017-06-20T16:03:41+08:00 ] 180.173.83.155 /index.php?m=Home&c=Cart&a=ajaxAddCart
INFO: [ app_init ] --START--
INFO: Run Behavior\BuildLiteBehavior [ RunTime:0.000012s ]
INFO: [ app_init ] --END-- [ RunTime:0.000080s ]
INFO: [ app_begin ] --START--
INFO: Run Behavior\ReadHtmlCacheBehavior [ RunTime:0.000034s ]
INFO: [ app_begin ] --END-- [ RunTime:0.000066s ]
NOTIC: [8] Use of undefined constant discount - assumed 'discount' /data/wwwroot/shop.rehoming.cn/Application/Home/Controller/CartController.class.php 第 29 行.
NOTIC: [8] Use of undefined constant discount - assumed 'discount' /data/wwwroot/shop.rehoming.cn/Application/Home/Controller/CartController.class.php 第 29 行.
NOTIC: [8] Use of undefined constant discount - assumed 'discount' /data/wwwroot/shop.rehoming.cn/Application/Home/Controller/CartController.class.php 第 29 行.
NOTIC: [8] Use of undefined constant discount - assumed 'discount' /data/wwwroot/shop.rehoming.cn/Application/Home/Controller/CartController.class.php 第 30 行.
NOTIC: [8] Use of undefined constant user_id - assumed 'user_id' /data/wwwroot/shop.rehoming.cn/Application/Home/Controller/CartController.class.php 第 30 行.
NOTIC: [2] Invalid argument supplied for foreach() /data/wwwroot/shop.rehoming.cn/Application/Home/Logic/CartLogic.class.php 第 70 行.
NOTIC: [8] Undefined variable: spec_key /data/wwwroot/shop.rehoming.cn/Application/Home/Logic/CartLogic.class.php 第 85 行.
NOTIC: [8] Undefined variable: spec_price /data/wwwroot/shop.rehoming.cn/Application/Home/Logic/CartLogic.class.php 第 92 行.
NOTIC: [8] Undefined variable: spec_key /data/wwwroot/shop.rehoming.cn/Application/Home/Logic/CartLogic.class.php 第 113 行.
NOTIC: [8] Undefined variable: spec_key /data/wwwroot/shop.rehoming.cn/Application/Home/Logic/CartLogic.class.php 第 114 行.
NOTIC: [8] Undefined variable: spec_key /data/wwwroot/shop.rehoming.cn/Application/Home/Logic/CartLogic.class.php 第 115 行.

[ 2017-06-20T16:04:43+08:00 ] 180.173.83.155 /index.php?m=Home&c=Cart&a=ajaxAddCart
INFO: [ app_init ] --START--
INFO: Run Behavior\BuildLiteBehavior [ RunTime:0.000012s ]
INFO: [ app_init ] --END-- [ RunTime:0.000080s ]
INFO: [ app_begin ] --START--
INFO: Run Behavior\ReadHtmlCacheBehavior [ RunTime:0.000034s ]
INFO: [ app_begin ] --END-- [ RunTime:0.000068s ]
NOTIC: [8] Use of undefined constant discount - assumed 'discount' /data/wwwroot/shop.rehoming.cn/Application/Home/Controller/CartController.class.php 第 29 行.
NOTIC: [8] Use of undefined constant discount - assumed 'discount' /data/wwwroot/shop.rehoming.cn/Application/Home/Controller/CartController.class.php 第 29 行.
NOTIC: [8] Use of undefined constant discount - assumed 'discount' /data/wwwroot/shop.rehoming.cn/Application/Home/Controller/CartController.class.php 第 29 行.
NOTIC: [8] Use of undefined constant discount - assumed 'discount' /data/wwwroot/shop.rehoming.cn/Application/Home/Controller/CartController.class.php 第 30 行.
NOTIC: [8] Use of undefined constant user_id - assumed 'user_id' /data/wwwroot/shop.rehoming.cn/Application/Home/Controller/CartController.class.php 第 30 行.
NOTIC: [2] Invalid argument supplied for foreach() /data/wwwroot/shop.rehoming.cn/Application/Home/Logic/CartLogic.class.php 第 70 行.
NOTIC: [8] Undefined variable: spec_key /data/wwwroot/shop.rehoming.cn/Application/Home/Logic/CartLogic.class.php 第 85 行.
NOTIC: [8] Undefined variable: spec_price /data/wwwroot/shop.rehoming.cn/Application/Home/Logic/CartLogic.class.php 第 92 行.
NOTIC: [8] Undefined variable: spec_key /data/wwwroot/shop.rehoming.cn/Application/Home/Logic/CartLogic.class.php 第 113 行.
NOTIC: [8] Undefined variable: spec_key /data/wwwroot/shop.rehoming.cn/Application/Home/Logic/CartLogic.class.php 第 114 行.
NOTIC: [8] Undefined variable: spec_key /data/wwwroot/shop.rehoming.cn/Application/Home/Logic/CartLogic.class.php 第 115 行.
NOTIC: [8] Use of undefined constant id - assumed 'id' /data/wwwroot/shop.rehoming.cn/Application/Home/Logic/CartLogic.class.php 第 127 行.

[ 2017-06-20T16:05:14+08:00 ] 180.173.83.155 /index.php?m=Home&c=Cart&a=ajaxAddCart
INFO: [ app_init ] --START--
INFO: Run Behavior\BuildLiteBehavior [ RunTime:0.000010s ]
INFO: [ app_init ] --END-- [ RunTime:0.000075s ]
INFO: [ app_begin ] --START--
INFO: Run Behavior\ReadHtmlCacheBehavior [ RunTime:0.000032s ]
INFO: [ app_begin ] --END-- [ RunTime:0.000063s ]
NOTIC: [8] Use of undefined constant discount - assumed 'discount' /data/wwwroot/shop.rehoming.cn/Application/Home/Controller/CartController.class.php 第 29 行.
NOTIC: [8] Use of undefined constant discount - assumed 'discount' /data/wwwroot/shop.rehoming.cn/Application/Home/Controller/CartController.class.php 第 29 行.
NOTIC: [8] Use of undefined constant discount - assumed 'discount' /data/wwwroot/shop.rehoming.cn/Application/Home/Controller/CartController.class.php 第 29 行.
NOTIC: [8] Use of undefined constant discount - assumed 'discount' /data/wwwroot/shop.rehoming.cn/Application/Home/Controller/CartController.class.php 第 30 行.
NOTIC: [8] Use of undefined constant user_id - assumed 'user_id' /data/wwwroot/shop.rehoming.cn/Application/Home/Controller/CartController.class.php 第 30 行.
NOTIC: [2] Invalid argument supplied for foreach() /data/wwwroot/shop.rehoming.cn/Application/Home/Logic/CartLogic.class.php 第 70 行.
NOTIC: [8] Undefined variable: spec_key /data/wwwroot/shop.rehoming.cn/Application/Home/Logic/CartLogic.class.php 第 85 行.
NOTIC: [8] Undefined variable: spec_price /data/wwwroot/shop.rehoming.cn/Application/Home/Logic/CartLogic.class.php 第 92 行.
NOTIC: [8] Undefined variable: spec_key /data/wwwroot/shop.rehoming.cn/Application/Home/Logic/CartLogic.class.php 第 113 行.
NOTIC: [8] Undefined variable: spec_key /data/wwwroot/shop.rehoming.cn/Application/Home/Logic/CartLogic.class.php 第 114 行.
NOTIC: [8] Undefined variable: spec_key /data/wwwroot/shop.rehoming.cn/Application/Home/Logic/CartLogic.class.php 第 115 行.

[ 2017-06-20T16:05:24+08:00 ] 180.173.83.155 /index.php?m=Home&c=Cart&a=ajaxAddCart
INFO: [ app_init ] --START--
INFO: Run Behavior\BuildLiteBehavior [ RunTime:0.000012s ]
INFO: [ app_init ] --END-- [ RunTime:0.000079s ]
INFO: [ app_begin ] --START--
INFO: Run Behavior\ReadHtmlCacheBehavior [ RunTime:0.000034s ]
INFO: [ app_begin ] --END-- [ RunTime:0.000068s ]
NOTIC: [8] Use of undefined constant discount - assumed 'discount' /data/wwwroot/shop.rehoming.cn/Application/Home/Controller/CartController.class.php 第 29 行.
NOTIC: [8] Use of undefined constant discount - assumed 'discount' /data/wwwroot/shop.rehoming.cn/Application/Home/Controller/CartController.class.php 第 29 行.
NOTIC: [8] Use of undefined constant discount - assumed 'discount' /data/wwwroot/shop.rehoming.cn/Application/Home/Controller/CartController.class.php 第 29 行.
NOTIC: [8] Use of undefined constant discount - assumed 'discount' /data/wwwroot/shop.rehoming.cn/Application/Home/Controller/CartController.class.php 第 30 行.
NOTIC: [8] Use of undefined constant user_id - assumed 'user_id' /data/wwwroot/shop.rehoming.cn/Application/Home/Controller/CartController.class.php 第 30 行.
NOTIC: [2] Invalid argument supplied for foreach() /data/wwwroot/shop.rehoming.cn/Application/Home/Logic/CartLogic.class.php 第 70 行.
NOTIC: [8] Undefined variable: spec_key /data/wwwroot/shop.rehoming.cn/Application/Home/Logic/CartLogic.class.php 第 85 行.
NOTIC: [8] Undefined variable: spec_price /data/wwwroot/shop.rehoming.cn/Application/Home/Logic/CartLogic.class.php 第 92 行.
NOTIC: [8] Undefined variable: spec_key /data/wwwroot/shop.rehoming.cn/Application/Home/Logic/CartLogic.class.php 第 113 行.
NOTIC: [8] Undefined variable: spec_key /data/wwwroot/shop.rehoming.cn/Application/Home/Logic/CartLogic.class.php 第 114 行.
NOTIC: [8] Undefined variable: spec_key /data/wwwroot/shop.rehoming.cn/Application/Home/Logic/CartLogic.class.php 第 115 行.
NOTIC: [8] Use of undefined constant id - assumed 'id' /data/wwwroot/shop.rehoming.cn/Application/Home/Logic/CartLogic.class.php 第 127 行.

[ 2017-06-20T16:05:26+08:00 ] 180.173.83.155 /index.php?m=Home&c=Cart&a=ajaxAddCart
INFO: [ app_init ] --START--
INFO: Run Behavior\BuildLiteBehavior [ RunTime:0.000014s ]
INFO: [ app_init ] --END-- [ RunTime:0.000079s ]
INFO: [ app_begin ] --START--
INFO: Run Behavior\ReadHtmlCacheBehavior [ RunTime:0.000033s ]
INFO: [ app_begin ] --END-- [ RunTime:0.000068s ]
NOTIC: [8] Use of undefined constant discount - assumed 'discount' /data/wwwroot/shop.rehoming.cn/Application/Home/Controller/CartController.class.php 第 29 行.
NOTIC: [8] Use of undefined constant discount - assumed 'discount' /data/wwwroot/shop.rehoming.cn/Application/Home/Controller/CartController.class.php 第 29 行.
NOTIC: [8] Use of undefined constant discount - assumed 'discount' /data/wwwroot/shop.rehoming.cn/Application/Home/Controller/CartController.class.php 第 29 行.
NOTIC: [8] Use of undefined constant discount - assumed 'discount' /data/wwwroot/shop.rehoming.cn/Application/Home/Controller/CartController.class.php 第 30 行.
NOTIC: [8] Use of undefined constant user_id - assumed 'user_id' /data/wwwroot/shop.rehoming.cn/Application/Home/Controller/CartController.class.php 第 30 行.
NOTIC: [2] Invalid argument supplied for foreach() /data/wwwroot/shop.rehoming.cn/Application/Home/Logic/CartLogic.class.php 第 70 行.
NOTIC: [8] Undefined variable: spec_key /data/wwwroot/shop.rehoming.cn/Application/Home/Logic/CartLogic.class.php 第 85 行.
NOTIC: [8] Undefined variable: spec_price /data/wwwroot/shop.rehoming.cn/Application/Home/Logic/CartLogic.class.php 第 92 行.
NOTIC: [8] Undefined variable: spec_key /data/wwwroot/shop.rehoming.cn/Application/Home/Logic/CartLogic.class.php 第 113 行.
NOTIC: [8] Undefined variable: spec_key /data/wwwroot/shop.rehoming.cn/Application/Home/Logic/CartLogic.class.php 第 114 行.
NOTIC: [8] Undefined variable: spec_key /data/wwwroot/shop.rehoming.cn/Application/Home/Logic/CartLogic.class.php 第 115 行.
NOTIC: [8] Use of undefined constant id - assumed 'id' /data/wwwroot/shop.rehoming.cn/Application/Home/Logic/CartLogic.class.php 第 127 行.

[ 2017-06-20T16:19:00+08:00 ] 180.173.83.155 /index.php?m=Home&c=Cart&a=header_cart_list
INFO: [ app_init ] --START--
INFO: Run Behavior\BuildLiteBehavior [ RunTime:0.000020s ]
INFO: [ app_init ] --END-- [ RunTime:0.000073s ]
INFO: [ app_begin ] --START--
INFO: Run Behavior\ReadHtmlCacheBehavior [ RunTime:0.000044s ]
INFO: [ app_begin ] --END-- [ RunTime:0.000077s ]
NOTIC: [8] Use of undefined constant discount - assumed 'discount' /data/wwwroot/shop.rehoming.cn/Application/Home/Controller/CartController.class.php 第 29 行.
NOTIC: [8] Use of undefined constant discount - assumed 'discount' /data/wwwroot/shop.rehoming.cn/Application/Home/Controller/CartController.class.php 第 29 行.
NOTIC: [8] Use of undefined constant discount - assumed 'discount' /data/wwwroot/shop.rehoming.cn/Application/Home/Controller/CartController.class.php 第 29 行.
NOTIC: [8] Use of undefined constant discount - assumed 'discount' /data/wwwroot/shop.rehoming.cn/Application/Home/Controller/CartController.class.php 第 30 行.
NOTIC: [8] Use of undefined constant user_id - assumed 'user_id' /data/wwwroot/shop.rehoming.cn/Application/Home/Controller/CartController.class.php 第 30 行.
NOTIC: [8] Use of undefined constant user_id - assumed 'user_id' /data/wwwroot/shop.rehoming.cn/Application/Home/Logic/CartLogic.class.php 第 157 行.
INFO: [ view_begin ] --START--
INFO: Run Home\Behaviors\testBehavior [ RunTime:0.000064s ]
INFO: [ view_begin ] --END-- [ RunTime:0.000120s ]
INFO: [ view_parse ] --START--
INFO: [ template_filter ] --START--
INFO: Run Behavior\ContentReplaceBehavior [ RunTime:0.000034s ]
INFO: [ template_filter ] --END-- [ RunTime:0.000071s ]
NOTIC: [8] Use of undefined constant goods_id - assumed 'goods_id' /data/wwwroot/shop.rehoming.cn/Application/Runtime/Cache/Home/fb4a9ff6a7ee6538416cd11436248c35.php 第 22 行.
NOTIC: [8] Undefined variable: x /data/wwwroot/shop.rehoming.cn/ThinkPHP/Library/Think/Image/Driver/Gd.class.php 第 273 行.
NOTIC: [8] Undefined variable: y /data/wwwroot/shop.rehoming.cn/ThinkPHP/Library/Think/Image/Driver/Gd.class.php 第 273 行.
NOTIC: [8] Use of undefined constant goods_id - assumed 'goods_id' /data/wwwroot/shop.rehoming.cn/Application/Runtime/Cache/Home/fb4a9ff6a7ee6538416cd11436248c35.php 第 27 行.
NOTIC: [8] Use of undefined constant goods_name - assumed 'goods_name' /data/wwwroot/shop.rehoming.cn/Application/Runtime/Cache/Home/fb4a9ff6a7ee6538416cd11436248c35.php 第 28 行.
NOTIC: [8] Use of undefined constant goods_num - assumed 'goods_num' /data/wwwroot/shop.rehoming.cn/Application/Runtime/Cache/Home/fb4a9ff6a7ee6538416cd11436248c35.php 第 31 行.
NOTIC: [8] Use of undefined constant member_goods_price - assumed 'member_goods_price' /data/wwwroot/shop.rehoming.cn/Application/Runtime/Cache/Home/fb4a9ff6a7ee6538416cd11436248c35.php 第 33 行.
NOTIC: [8] Use of undefined constant num - assumed 'num' /data/wwwroot/shop.rehoming.cn/Application/Runtime/Cache/Home/fb4a9ff6a7ee6538416cd11436248c35.php 第 45 行.
NOTIC: [8] Use of undefined constant total_fee - assumed 'total_fee' /data/wwwroot/shop.rehoming.cn/Application/Runtime/Cache/Home/fb4a9ff6a7ee6538416cd11436248c35.php 第 49 行.
NOTIC: [8] Use of undefined constant anum - assumed 'anum' /data/wwwroot/shop.rehoming.cn/Application/Runtime/Cache/Home/fb4a9ff6a7ee6538416cd11436248c35.php 第 58 行.
NOTIC: [8] Undefined index: anum /data/wwwroot/shop.rehoming.cn/Application/Runtime/Cache/Home/fb4a9ff6a7ee6538416cd11436248c35.php 第 58 行.
INFO: Run Behavior\ParseTemplateBehavior [ RunTime:0.034070s ]
INFO: [ view_parse ] --END-- [ RunTime:0.034108s ]
INFO: [ view_filter ] --START--
INFO: Run Behavior\WriteHtmlCacheBehavior [ RunTime:0.000041s ]
INFO: Run Behavior\TokenBuildBehavior [ RunTime:0.000089s ]
INFO: [ view_filter ] --END-- [ RunTime:0.000173s ]
INFO: [ app_end ] --START--
INFO: Run Behavior\ShowPageTraceBehavior [ RunTime:0.000032s ]
INFO: [ app_end ] --END-- [ RunTime:0.000057s ]

[ 2017-06-20T16:19:07+08:00 ] 180.173.83.155 /index.php?m=Home&c=Cart&a=ajaxAddCart
INFO: [ app_init ] --START--
INFO: Run Behavior\BuildLiteBehavior [ RunTime:0.000012s ]
INFO: [ app_init ] --END-- [ RunTime:0.000078s ]
INFO: [ app_begin ] --START--
INFO: Run Behavior\ReadHtmlCacheBehavior [ RunTime:0.000034s ]
INFO: [ app_begin ] --END-- [ RunTime:0.000066s ]
NOTIC: [8] Use of undefined constant discount - assumed 'discount' /data/wwwroot/shop.rehoming.cn/Application/Home/Controller/CartController.class.php 第 29 行.
NOTIC: [8] Use of undefined constant discount - assumed 'discount' /data/wwwroot/shop.rehoming.cn/Application/Home/Controller/CartController.class.php 第 29 行.
NOTIC: [8] Use of undefined constant discount - assumed 'discount' /data/wwwroot/shop.rehoming.cn/Application/Home/Controller/CartController.class.php 第 29 行.
NOTIC: [8] Use of undefined constant discount - assumed 'discount' /data/wwwroot/shop.rehoming.cn/Application/Home/Controller/CartController.class.php 第 30 行.
NOTIC: [8] Use of undefined constant user_id - assumed 'user_id' /data/wwwroot/shop.rehoming.cn/Application/Home/Controller/CartController.class.php 第 30 行.
NOTIC: [2] Invalid argument supplied for foreach() /data/wwwroot/shop.rehoming.cn/Application/Home/Logic/CartLogic.class.php 第 70 行.
NOTIC: [8] Undefined variable: spec_key /data/wwwroot/shop.rehoming.cn/Application/Home/Logic/CartLogic.class.php 第 85 行.
NOTIC: [8] Undefined variable: spec_price /data/wwwroot/shop.rehoming.cn/Application/Home/Logic/CartLogic.class.php 第 92 行.
NOTIC: [8] Undefined variable: spec_key /data/wwwroot/shop.rehoming.cn/Application/Home/Logic/CartLogic.class.php 第 113 行.
NOTIC: [8] Undefined variable: spec_key /data/wwwroot/shop.rehoming.cn/Application/Home/Logic/CartLogic.class.php 第 114 行.
NOTIC: [8] Undefined variable: spec_key /data/wwwroot/shop.rehoming.cn/Application/Home/Logic/CartLogic.class.php 第 115 行.
NOTIC: [8] Use of undefined constant id - assumed 'id' /data/wwwroot/shop.rehoming.cn/Application/Home/Logic/CartLogic.class.php 第 127 行.

[ 2017-06-20T16:19:14+08:00 ] 180.173.83.155 /index.php?m=Home&c=Cart&a=ajaxAddCart
INFO: [ app_init ] --START--
INFO: Run Behavior\BuildLiteBehavior [ RunTime:0.000012s ]
INFO: [ app_init ] --END-- [ RunTime:0.000079s ]
INFO: [ app_begin ] --START--
INFO: Run Behavior\ReadHtmlCacheBehavior [ RunTime:0.000032s ]
INFO: [ app_begin ] --END-- [ RunTime:0.000072s ]
NOTIC: [8] Use of undefined constant discount - assumed 'discount' /data/wwwroot/shop.rehoming.cn/Application/Home/Controller/CartController.class.php 第 29 行.
NOTIC: [8] Use of undefined constant discount - assumed 'discount' /data/wwwroot/shop.rehoming.cn/Application/Home/Controller/CartController.class.php 第 29 行.
NOTIC: [8] Use of undefined constant discount - assumed 'discount' /data/wwwroot/shop.rehoming.cn/Application/Home/Controller/CartController.class.php 第 29 行.
NOTIC: [8] Use of undefined constant discount - assumed 'discount' /data/wwwroot/shop.rehoming.cn/Application/Home/Controller/CartController.class.php 第 30 行.
NOTIC: [8] Use of undefined constant user_id - assumed 'user_id' /data/wwwroot/shop.rehoming.cn/Application/Home/Controller/CartController.class.php 第 30 行.
NOTIC: [2] Invalid argument supplied for foreach() /data/wwwroot/shop.rehoming.cn/Application/Home/Logic/CartLogic.class.php 第 70 行.
NOTIC: [8] Undefined variable: spec_key /data/wwwroot/shop.rehoming.cn/Application/Home/Logic/CartLogic.class.php 第 85 行.
NOTIC: [8] Undefined variable: spec_price /data/wwwroot/shop.rehoming.cn/Application/Home/Logic/CartLogic.class.php 第 92 行.
NOTIC: [8] Undefined variable: spec_key /data/wwwroot/shop.rehoming.cn/Application/Home/Logic/CartLogic.class.php 第 113 行.
NOTIC: [8] Undefined variable: spec_key /data/wwwroot/shop.rehoming.cn/Application/Home/Logic/CartLogic.class.php 第 114 行.
NOTIC: [8] Undefined variable: spec_key /data/wwwroot/shop.rehoming.cn/Application/Home/Logic/CartLogic.class.php 第 115 行.
NOTIC: [8] Use of undefined constant id - assumed 'id' /data/wwwroot/shop.rehoming.cn/Application/Home/Logic/CartLogic.class.php 第 127 行.

[ 2017-06-20T16:19:17+08:00 ] 180.173.83.155 /index.php?m=Home&c=Cart&a=ajaxAddCart
INFO: [ app_init ] --START--
INFO: Run Behavior\BuildLiteBehavior [ RunTime:0.000012s ]
INFO: [ app_init ] --END-- [ RunTime:0.000079s ]
INFO: [ app_begin ] --START--
INFO: Run Behavior\ReadHtmlCacheBehavior [ RunTime:0.000033s ]
INFO: [ app_begin ] --END-- [ RunTime:0.000064s ]
NOTIC: [8] Use of undefined constant discount - assumed 'discount' /data/wwwroot/shop.rehoming.cn/Application/Home/Controller/CartController.class.php 第 29 行.
NOTIC: [8] Use of undefined constant discount - assumed 'discount' /data/wwwroot/shop.rehoming.cn/Application/Home/Controller/CartController.class.php 第 29 行.
NOTIC: [8] Use of undefined constant discount - assumed 'discount' /data/wwwroot/shop.rehoming.cn/Application/Home/Controller/CartController.class.php 第 29 行.
NOTIC: [8] Use of undefined constant discount - assumed 'discount' /data/wwwroot/shop.rehoming.cn/Application/Home/Controller/CartController.class.php 第 30 行.
NOTIC: [8] Use of undefined constant user_id - assumed 'user_id' /data/wwwroot/shop.rehoming.cn/Application/Home/Controller/CartController.class.php 第 30 行.
NOTIC: [2] Invalid argument supplied for foreach() /data/wwwroot/shop.rehoming.cn/Application/Home/Logic/CartLogic.class.php 第 70 行.
NOTIC: [8] Undefined variable: spec_key /data/wwwroot/shop.rehoming.cn/Application/Home/Logic/CartLogic.class.php 第 85 行.
NOTIC: [8] Undefined variable: spec_price /data/wwwroot/shop.rehoming.cn/Application/Home/Logic/CartLogic.class.php 第 92 行.
NOTIC: [8] Undefined variable: spec_key /data/wwwroot/shop.rehoming.cn/Application/Home/Logic/CartLogic.class.php 第 113 行.
NOTIC: [8] Undefined variable: spec_key /data/wwwroot/shop.rehoming.cn/Application/Home/Logic/CartLogic.class.php 第 114 行.
NOTIC: [8] Undefined variable: spec_key /data/wwwroot/shop.rehoming.cn/Application/Home/Logic/CartLogic.class.php 第 115 行.
NOTIC: [8] Use of undefined constant id - assumed 'id' /data/wwwroot/shop.rehoming.cn/Application/Home/Logic/CartLogic.class.php 第 127 行.

[ 2017-06-20T16:19:49+08:00 ] 180.173.83.155 /index.php?m=Home&c=Cart&a=ajaxAddCart
INFO: [ app_init ] --START--
INFO: Run Behavior\BuildLiteBehavior [ RunTime:0.000013s ]
INFO: [ app_init ] --END-- [ RunTime:0.000104s ]
INFO: [ app_begin ] --START--
INFO: Run Behavior\ReadHtmlCacheBehavior [ RunTime:0.000033s ]
INFO: [ app_begin ] --END-- [ RunTime:0.000066s ]
NOTIC: [8] Use of undefined constant discount - assumed 'discount' /data/wwwroot/shop.rehoming.cn/Application/Home/Controller/CartController.class.php 第 29 行.
NOTIC: [8] Use of undefined constant discount - assumed 'discount' /data/wwwroot/shop.rehoming.cn/Application/Home/Controller/CartController.class.php 第 29 行.
NOTIC: [8] Use of undefined constant discount - assumed 'discount' /data/wwwroot/shop.rehoming.cn/Application/Home/Controller/CartController.class.php 第 29 行.
NOTIC: [8] Use of undefined constant discount - assumed 'discount' /data/wwwroot/shop.rehoming.cn/Application/Home/Controller/CartController.class.php 第 30 行.
NOTIC: [8] Use of undefined constant user_id - assumed 'user_id' /data/wwwroot/shop.rehoming.cn/Application/Home/Controller/CartController.class.php 第 30 行.
NOTIC: [2] Invalid argument supplied for foreach() /data/wwwroot/shop.rehoming.cn/Application/Home/Logic/CartLogic.class.php 第 70 行.
NOTIC: [8] Undefined variable: spec_key /data/wwwroot/shop.rehoming.cn/Application/Home/Logic/CartLogic.class.php 第 85 行.
NOTIC: [8] Undefined variable: spec_price /data/wwwroot/shop.rehoming.cn/Application/Home/Logic/CartLogic.class.php 第 92 行.
NOTIC: [8] Undefined variable: spec_key /data/wwwroot/shop.rehoming.cn/Application/Home/Logic/CartLogic.class.php 第 113 行.
NOTIC: [8] Undefined variable: spec_key /data/wwwroot/shop.rehoming.cn/Application/Home/Logic/CartLogic.class.php 第 114 行.
NOTIC: [8] Undefined variable: spec_key /data/wwwroot/shop.rehoming.cn/Application/Home/Logic/CartLogic.class.php 第 115 行.

[ 2017-06-20T16:19:54+08:00 ] 180.173.83.155 /index.php?m=Home&c=Cart&a=ajaxAddCart
INFO: [ app_init ] --START--
INFO: Run Behavior\BuildLiteBehavior [ RunTime:0.000012s ]
INFO: [ app_init ] --END-- [ RunTime:0.000082s ]
INFO: [ app_begin ] --START--
INFO: Run Behavior\ReadHtmlCacheBehavior [ RunTime:0.000032s ]
INFO: [ app_begin ] --END-- [ RunTime:0.000071s ]
NOTIC: [8] Use of undefined constant discount - assumed 'discount' /data/wwwroot/shop.rehoming.cn/Application/Home/Controller/CartController.class.php 第 29 行.
NOTIC: [8] Use of undefined constant discount - assumed 'discount' /data/wwwroot/shop.rehoming.cn/Application/Home/Controller/CartController.class.php 第 29 行.
NOTIC: [8] Use of undefined constant discount - assumed 'discount' /data/wwwroot/shop.rehoming.cn/Application/Home/Controller/CartController.class.php 第 29 行.
NOTIC: [8] Use of undefined constant discount - assumed 'discount' /data/wwwroot/shop.rehoming.cn/Application/Home/Controller/CartController.class.php 第 30 行.
NOTIC: [8] Use of undefined constant user_id - assumed 'user_id' /data/wwwroot/shop.rehoming.cn/Application/Home/Controller/CartController.class.php 第 30 行.
NOTIC: [2] Invalid argument supplied for foreach() /data/wwwroot/shop.rehoming.cn/Application/Home/Logic/CartLogic.class.php 第 70 行.
NOTIC: [8] Undefined variable: spec_key /data/wwwroot/shop.rehoming.cn/Application/Home/Logic/CartLogic.class.php 第 85 行.
NOTIC: [8] Undefined variable: spec_price /data/wwwroot/shop.rehoming.cn/Application/Home/Logic/CartLogic.class.php 第 92 行.
NOTIC: [8] Undefined variable: spec_key /data/wwwroot/shop.rehoming.cn/Application/Home/Logic/CartLogic.class.php 第 113 行.
NOTIC: [8] Undefined variable: spec_key /data/wwwroot/shop.rehoming.cn/Application/Home/Logic/CartLogic.class.php 第 114 行.
NOTIC: [8] Undefined variable: spec_key /data/wwwroot/shop.rehoming.cn/Application/Home/Logic/CartLogic.class.php 第 115 行.
NOTIC: [8] Use of undefined constant id - assumed 'id' /data/wwwroot/shop.rehoming.cn/Application/Home/Logic/CartLogic.class.php 第 127 行.

[ 2017-06-20T16:19:55+08:00 ] 180.173.83.155 /index.php?m=Home&c=Cart&a=ajaxAddCart
INFO: [ app_init ] --START--
INFO: Run Behavior\BuildLiteBehavior [ RunTime:0.000012s ]
INFO: [ app_init ] --END-- [ RunTime:0.000077s ]
INFO: [ app_begin ] --START--
INFO: Run Behavior\ReadHtmlCacheBehavior [ RunTime:0.000031s ]
INFO: [ app_begin ] --END-- [ RunTime:0.000075s ]
NOTIC: [8] Use of undefined constant discount - assumed 'discount' /data/wwwroot/shop.rehoming.cn/Application/Home/Controller/CartController.class.php 第 29 行.
NOTIC: [8] Use of undefined constant discount - assumed 'discount' /data/wwwroot/shop.rehoming.cn/Application/Home/Controller/CartController.class.php 第 29 行.
NOTIC: [8] Use of undefined constant discount - assumed 'discount' /data/wwwroot/shop.rehoming.cn/Application/Home/Controller/CartController.class.php 第 29 行.
NOTIC: [8] Use of undefined constant discount - assumed 'discount' /data/wwwroot/shop.rehoming.cn/Application/Home/Controller/CartController.class.php 第 30 行.
NOTIC: [8] Use of undefined constant user_id - assumed 'user_id' /data/wwwroot/shop.rehoming.cn/Application/Home/Controller/CartController.class.php 第 30 行.
NOTIC: [2] Invalid argument supplied for foreach() /data/wwwroot/shop.rehoming.cn/Application/Home/Logic/CartLogic.class.php 第 70 行.
NOTIC: [8] Undefined variable: spec_key /data/wwwroot/shop.rehoming.cn/Application/Home/Logic/CartLogic.class.php 第 85 行.
NOTIC: [8] Undefined variable: spec_price /data/wwwroot/shop.rehoming.cn/Application/Home/Logic/CartLogic.class.php 第 92 行.
NOTIC: [8] Undefined variable: spec_key /data/wwwroot/shop.rehoming.cn/Application/Home/Logic/CartLogic.class.php 第 113 行.
NOTIC: [8] Undefined variable: spec_key /data/wwwroot/shop.rehoming.cn/Application/Home/Logic/CartLogic.class.php 第 114 行.
NOTIC: [8] Undefined variable: spec_key /data/wwwroot/shop.rehoming.cn/Application/Home/Logic/CartLogic.class.php 第 115 行.
NOTIC: [8] Use of undefined constant id - assumed 'id' /data/wwwroot/shop.rehoming.cn/Application/Home/Logic/CartLogic.class.php 第 127 行.

[ 2017-06-20T16:19:57+08:00 ] 180.173.83.155 /index.php?m=Home&c=Cart&a=ajaxAddCart
INFO: [ app_init ] --START--
INFO: Run Behavior\BuildLiteBehavior [ RunTime:0.000013s ]
INFO: [ app_init ] --END-- [ RunTime:0.000078s ]
INFO: [ app_begin ] --START--
INFO: Run Behavior\ReadHtmlCacheBehavior [ RunTime:0.000030s ]
INFO: [ app_begin ] --END-- [ RunTime:0.000060s ]
NOTIC: [8] Use of undefined constant discount - assumed 'discount' /data/wwwroot/shop.rehoming.cn/Application/Home/Controller/CartController.class.php 第 29 行.
NOTIC: [8] Use of undefined constant discount - assumed 'discount' /data/wwwroot/shop.rehoming.cn/Application/Home/Controller/CartController.class.php 第 29 行.
NOTIC: [8] Use of undefined constant discount - assumed 'discount' /data/wwwroot/shop.rehoming.cn/Application/Home/Controller/CartController.class.php 第 29 行.
NOTIC: [8] Use of undefined constant discount - assumed 'discount' /data/wwwroot/shop.rehoming.cn/Application/Home/Controller/CartController.class.php 第 30 行.
NOTIC: [8] Use of undefined constant user_id - assumed 'user_id' /data/wwwroot/shop.rehoming.cn/Application/Home/Controller/CartController.class.php 第 30 行.
NOTIC: [2] Invalid argument supplied for foreach() /data/wwwroot/shop.rehoming.cn/Application/Home/Logic/CartLogic.class.php 第 70 行.
NOTIC: [8] Undefined variable: spec_key /data/wwwroot/shop.rehoming.cn/Application/Home/Logic/CartLogic.class.php 第 85 行.
NOTIC: [8] Undefined variable: spec_price /data/wwwroot/shop.rehoming.cn/Application/Home/Logic/CartLogic.class.php 第 92 行.
NOTIC: [8] Undefined variable: spec_key /data/wwwroot/shop.rehoming.cn/Application/Home/Logic/CartLogic.class.php 第 113 行.
NOTIC: [8] Undefined variable: spec_key /data/wwwroot/shop.rehoming.cn/Application/Home/Logic/CartLogic.class.php 第 114 行.
NOTIC: [8] Undefined variable: spec_key /data/wwwroot/shop.rehoming.cn/Application/Home/Logic/CartLogic.class.php 第 115 行.
NOTIC: [8] Use of undefined constant id - assumed 'id' /data/wwwroot/shop.rehoming.cn/Application/Home/Logic/CartLogic.class.php 第 127 行.

[ 2017-06-20T16:22:16+08:00 ] 180.173.83.155 /index.php?m=Home&c=Cart&a=header_cart_list
INFO: [ app_init ] --START--
INFO: Run Behavior\BuildLiteBehavior [ RunTime:0.000010s ]
INFO: [ app_init ] --END-- [ RunTime:0.000067s ]
INFO: [ app_begin ] --START--
INFO: Run Behavior\ReadHtmlCacheBehavior [ RunTime:0.000043s ]
INFO: [ app_begin ] --END-- [ RunTime:0.000075s ]
NOTIC: [8] Use of undefined constant discount - assumed 'discount' /data/wwwroot/shop.rehoming.cn/Application/Home/Controller/CartController.class.php 第 29 行.
NOTIC: [8] Use of undefined constant discount - assumed 'discount' /data/wwwroot/shop.rehoming.cn/Application/Home/Controller/CartController.class.php 第 29 行.
NOTIC: [8] Use of undefined constant discount - assumed 'discount' /data/wwwroot/shop.rehoming.cn/Application/Home/Controller/CartController.class.php 第 29 行.
NOTIC: [8] Use of undefined constant discount - assumed 'discount' /data/wwwroot/shop.rehoming.cn/Application/Home/Controller/CartController.class.php 第 30 行.
NOTIC: [8] Use of undefined constant user_id - assumed 'user_id' /data/wwwroot/shop.rehoming.cn/Application/Home/Controller/CartController.class.php 第 30 行.
NOTIC: [8] Use of undefined constant user_id - assumed 'user_id' /data/wwwroot/shop.rehoming.cn/Application/Home/Logic/CartLogic.class.php 第 157 行.
INFO: [ view_begin ] --START--
INFO: Run Home\Behaviors\testBehavior [ RunTime:0.000057s ]
INFO: [ view_begin ] --END-- [ RunTime:0.000091s ]
INFO: [ view_parse ] --START--
INFO: [ template_filter ] --START--
INFO: Run Behavior\ContentReplaceBehavior [ RunTime:0.000035s ]
INFO: [ template_filter ] --END-- [ RunTime:0.000074s ]
NOTIC: [8] Use of undefined constant anum - assumed 'anum' /data/wwwroot/shop.rehoming.cn/Application/Runtime/Cache/Home/fb4a9ff6a7ee6538416cd11436248c35.php 第 58 行.
NOTIC: [8] Undefined index: anum /data/wwwroot/shop.rehoming.cn/Application/Runtime/Cache/Home/fb4a9ff6a7ee6538416cd11436248c35.php 第 58 行.
INFO: Run Behavior\ParseTemplateBehavior [ RunTime:0.003124s ]
INFO: [ view_parse ] --END-- [ RunTime:0.003154s ]
INFO: [ view_filter ] --START--
INFO: Run Behavior\WriteHtmlCacheBehavior [ RunTime:0.000034s ]
INFO: Run Behavior\TokenBuildBehavior [ RunTime:0.000058s ]
INFO: [ view_filter ] --END-- [ RunTime:0.000130s ]
INFO: [ app_end ] --START--
INFO: Run Behavior\ShowPageTraceBehavior [ RunTime:0.000026s ]
INFO: [ app_end ] --END-- [ RunTime:0.000051s ]

[ 2017-06-20T16:22:21+08:00 ] 180.173.83.155 /index.php?m=Home&c=Cart&a=ajaxAddCart
INFO: [ app_init ] --START--
INFO: Run Behavior\BuildLiteBehavior [ RunTime:0.000012s ]
INFO: [ app_init ] --END-- [ RunTime:0.000076s ]
INFO: [ app_begin ] --START--
INFO: Run Behavior\ReadHtmlCacheBehavior [ RunTime:0.000032s ]
INFO: [ app_begin ] --END-- [ RunTime:0.000065s ]
NOTIC: [8] Use of undefined constant discount - assumed 'discount' /data/wwwroot/shop.rehoming.cn/Application/Home/Controller/CartController.class.php 第 29 行.
NOTIC: [8] Use of undefined constant discount - assumed 'discount' /data/wwwroot/shop.rehoming.cn/Application/Home/Controller/CartController.class.php 第 29 行.
NOTIC: [8] Use of undefined constant discount - assumed 'discount' /data/wwwroot/shop.rehoming.cn/Application/Home/Controller/CartController.class.php 第 29 行.
NOTIC: [8] Use of undefined constant discount - assumed 'discount' /data/wwwroot/shop.rehoming.cn/Application/Home/Controller/CartController.class.php 第 30 行.
NOTIC: [8] Use of undefined constant user_id - assumed 'user_id' /data/wwwroot/shop.rehoming.cn/Application/Home/Controller/CartController.class.php 第 30 行.
NOTIC: [2] Invalid argument supplied for foreach() /data/wwwroot/shop.rehoming.cn/Application/Home/Logic/CartLogic.class.php 第 70 行.
NOTIC: [8] Undefined variable: spec_key /data/wwwroot/shop.rehoming.cn/Application/Home/Logic/CartLogic.class.php 第 85 行.
NOTIC: [8] Undefined variable: spec_price /data/wwwroot/shop.rehoming.cn/Application/Home/Logic/CartLogic.class.php 第 92 行.
NOTIC: [8] Undefined variable: spec_key /data/wwwroot/shop.rehoming.cn/Application/Home/Logic/CartLogic.class.php 第 113 行.
NOTIC: [8] Undefined variable: spec_key /data/wwwroot/shop.rehoming.cn/Application/Home/Logic/CartLogic.class.php 第 114 行.
NOTIC: [8] Undefined variable: spec_key /data/wwwroot/shop.rehoming.cn/Application/Home/Logic/CartLogic.class.php 第 115 行.

[ 2017-06-20T16:22:25+08:00 ] 180.173.83.155 /index.php?m=Home&c=Cart&a=ajaxAddCart
INFO: [ app_init ] --START--
INFO: Run Behavior\BuildLiteBehavior [ RunTime:0.000012s ]
INFO: [ app_init ] --END-- [ RunTime:0.000077s ]
INFO: [ app_begin ] --START--
INFO: Run Behavior\ReadHtmlCacheBehavior [ RunTime:0.000044s ]
INFO: [ app_begin ] --END-- [ RunTime:0.000076s ]
NOTIC: [8] Use of undefined constant discount - assumed 'discount' /data/wwwroot/shop.rehoming.cn/Application/Home/Controller/CartController.class.php 第 29 行.
NOTIC: [8] Use of undefined constant discount - assumed 'discount' /data/wwwroot/shop.rehoming.cn/Application/Home/Controller/CartController.class.php 第 29 行.
NOTIC: [8] Use of undefined constant discount - assumed 'discount' /data/wwwroot/shop.rehoming.cn/Application/Home/Controller/CartController.class.php 第 29 行.
NOTIC: [8] Use of undefined constant discount - assumed 'discount' /data/wwwroot/shop.rehoming.cn/Application/Home/Controller/CartController.class.php 第 30 行.
NOTIC: [8] Use of undefined constant user_id - assumed 'user_id' /data/wwwroot/shop.rehoming.cn/Application/Home/Controller/CartController.class.php 第 30 行.
NOTIC: [2] Invalid argument supplied for foreach() /data/wwwroot/shop.rehoming.cn/Application/Home/Logic/CartLogic.class.php 第 70 行.
NOTIC: [8] Undefined variable: spec_key /data/wwwroot/shop.rehoming.cn/Application/Home/Logic/CartLogic.class.php 第 85 行.
NOTIC: [8] Undefined variable: spec_price /data/wwwroot/shop.rehoming.cn/Application/Home/Logic/CartLogic.class.php 第 92 行.
NOTIC: [8] Undefined variable: spec_key /data/wwwroot/shop.rehoming.cn/Application/Home/Logic/CartLogic.class.php 第 113 行.
NOTIC: [8] Undefined variable: spec_key /data/wwwroot/shop.rehoming.cn/Application/Home/Logic/CartLogic.class.php 第 114 行.
NOTIC: [8] Undefined variable: spec_key /data/wwwroot/shop.rehoming.cn/Application/Home/Logic/CartLogic.class.php 第 115 行.
NOTIC: [8] Use of undefined constant id - assumed 'id' /data/wwwroot/shop.rehoming.cn/Application/Home/Logic/CartLogic.class.php 第 127 行.

[ 2017-06-20T16:23:02+08:00 ] 180.173.83.155 /index.php?m=Home&c=Cart&a=header_cart_list
INFO: [ app_init ] --START--
INFO: Run Behavior\BuildLiteBehavior [ RunTime:0.000010s ]
INFO: [ app_init ] --END-- [ RunTime:0.000065s ]
INFO: [ app_begin ] --START--
INFO: Run Behavior\ReadHtmlCacheBehavior [ RunTime:0.000043s ]
INFO: [ app_begin ] --END-- [ RunTime:0.000075s ]
NOTIC: [8] Use of undefined constant discount - assumed 'discount' /data/wwwroot/shop.rehoming.cn/Application/Home/Controller/CartController.class.php 第 29 行.
NOTIC: [8] Use of undefined constant discount - assumed 'discount' /data/wwwroot/shop.rehoming.cn/Application/Home/Controller/CartController.class.php 第 29 行.
NOTIC: [8] Use of undefined constant discount - assumed 'discount' /data/wwwroot/shop.rehoming.cn/Application/Home/Controller/CartController.class.php 第 29 行.
NOTIC: [8] Use of undefined constant discount - assumed 'discount' /data/wwwroot/shop.rehoming.cn/Application/Home/Controller/CartController.class.php 第 30 行.
NOTIC: [8] Use of undefined constant user_id - assumed 'user_id' /data/wwwroot/shop.rehoming.cn/Application/Home/Controller/CartController.class.php 第 30 行.
NOTIC: [8] Use of undefined constant user_id - assumed 'user_id' /data/wwwroot/shop.rehoming.cn/Application/Home/Logic/CartLogic.class.php 第 157 行.
INFO: [ view_begin ] --START--
INFO: Run Home\Behaviors\testBehavior [ RunTime:0.000066s ]
INFO: [ view_begin ] --END-- [ RunTime:0.000102s ]
INFO: [ view_parse ] --START--
INFO: [ template_filter ] --START--
INFO: Run Behavior\ContentReplaceBehavior [ RunTime:0.000038s ]
INFO: [ template_filter ] --END-- [ RunTime:0.000081s ]
NOTIC: [8] Use of undefined constant goods_id - assumed 'goods_id' /data/wwwroot/shop.rehoming.cn/Application/Runtime/Cache/Home/fb4a9ff6a7ee6538416cd11436248c35.php 第 22 行.
NOTIC: [8] Use of undefined constant goods_id - assumed 'goods_id' /data/wwwroot/shop.rehoming.cn/Application/Runtime/Cache/Home/fb4a9ff6a7ee6538416cd11436248c35.php 第 27 行.
NOTIC: [8] Use of undefined constant goods_name - assumed 'goods_name' /data/wwwroot/shop.rehoming.cn/Application/Runtime/Cache/Home/fb4a9ff6a7ee6538416cd11436248c35.php 第 28 行.
NOTIC: [8] Use of undefined constant goods_num - assumed 'goods_num' /data/wwwroot/shop.rehoming.cn/Application/Runtime/Cache/Home/fb4a9ff6a7ee6538416cd11436248c35.php 第 31 行.
NOTIC: [8] Use of undefined constant member_goods_price - assumed 'member_goods_price' /data/wwwroot/shop.rehoming.cn/Application/Runtime/Cache/Home/fb4a9ff6a7ee6538416cd11436248c35.php 第 33 行.
NOTIC: [8] Use of undefined constant num - assumed 'num' /data/wwwroot/shop.rehoming.cn/Application/Runtime/Cache/Home/fb4a9ff6a7ee6538416cd11436248c35.php 第 45 行.
NOTIC: [8] Use of undefined constant total_fee - assumed 'total_fee' /data/wwwroot/shop.rehoming.cn/Application/Runtime/Cache/Home/fb4a9ff6a7ee6538416cd11436248c35.php 第 49 行.
NOTIC: [8] Use of undefined constant anum - assumed 'anum' /data/wwwroot/shop.rehoming.cn/Application/Runtime/Cache/Home/fb4a9ff6a7ee6538416cd11436248c35.php 第 58 行.
NOTIC: [8] Undefined index: anum /data/wwwroot/shop.rehoming.cn/Application/Runtime/Cache/Home/fb4a9ff6a7ee6538416cd11436248c35.php 第 58 行.
INFO: Run Behavior\ParseTemplateBehavior [ RunTime:0.003541s ]
INFO: [ view_parse ] --END-- [ RunTime:0.003573s ]
INFO: [ view_filter ] --START--
INFO: Run Behavior\WriteHtmlCacheBehavior [ RunTime:0.000047s ]
INFO: Run Behavior\TokenBuildBehavior [ RunTime:0.000073s ]
INFO: [ view_filter ] --END-- [ RunTime:0.000164s ]
INFO: [ app_end ] --START--
INFO: Run Behavior\ShowPageTraceBehavior [ RunTime:0.000030s ]
INFO: [ app_end ] --END-- [ RunTime:0.000056s ]

[ 2017-06-20T16:23:06+08:00 ] 180.173.83.155 /index.php?m=Home&c=Cart&a=ajaxAddCart
INFO: [ app_init ] --START--
INFO: Run Behavior\BuildLiteBehavior [ RunTime:0.000025s ]
INFO: [ app_init ] --END-- [ RunTime:0.000089s ]
INFO: [ app_begin ] --START--
INFO: Run Behavior\ReadHtmlCacheBehavior [ RunTime:0.000032s ]
INFO: [ app_begin ] --END-- [ RunTime:0.000064s ]
NOTIC: [8] Use of undefined constant discount - assumed 'discount' /data/wwwroot/shop.rehoming.cn/Application/Home/Controller/CartController.class.php 第 29 行.
NOTIC: [8] Use of undefined constant discount - assumed 'discount' /data/wwwroot/shop.rehoming.cn/Application/Home/Controller/CartController.class.php 第 29 行.
NOTIC: [8] Use of undefined constant discount - assumed 'discount' /data/wwwroot/shop.rehoming.cn/Application/Home/Controller/CartController.class.php 第 29 行.
NOTIC: [8] Use of undefined constant discount - assumed 'discount' /data/wwwroot/shop.rehoming.cn/Application/Home/Controller/CartController.class.php 第 30 行.
NOTIC: [8] Use of undefined constant user_id - assumed 'user_id' /data/wwwroot/shop.rehoming.cn/Application/Home/Controller/CartController.class.php 第 30 行.
NOTIC: [2] Invalid argument supplied for foreach() /data/wwwroot/shop.rehoming.cn/Application/Home/Logic/CartLogic.class.php 第 70 行.
NOTIC: [8] Undefined variable: spec_key /data/wwwroot/shop.rehoming.cn/Application/Home/Logic/CartLogic.class.php 第 85 行.
NOTIC: [8] Undefined variable: spec_price /data/wwwroot/shop.rehoming.cn/Application/Home/Logic/CartLogic.class.php 第 92 行.
NOTIC: [8] Undefined variable: spec_key /data/wwwroot/shop.rehoming.cn/Application/Home/Logic/CartLogic.class.php 第 113 行.
NOTIC: [8] Undefined variable: spec_key /data/wwwroot/shop.rehoming.cn/Application/Home/Logic/CartLogic.class.php 第 114 行.
NOTIC: [8] Undefined variable: spec_key /data/wwwroot/shop.rehoming.cn/Application/Home/Logic/CartLogic.class.php 第 115 行.
NOTIC: [8] Use of undefined constant id - assumed 'id' /data/wwwroot/shop.rehoming.cn/Application/Home/Logic/CartLogic.class.php 第 127 行.

[ 2017-06-20T16:23:08+08:00 ] 180.173.83.155 /index.php?m=Home&c=Cart&a=ajaxAddCart
INFO: [ app_init ] --START--
INFO: Run Behavior\BuildLiteBehavior [ RunTime:0.000012s ]
INFO: [ app_init ] --END-- [ RunTime:0.000079s ]
INFO: [ app_begin ] --START--
INFO: Run Behavior\ReadHtmlCacheBehavior [ RunTime:0.000031s ]
INFO: [ app_begin ] --END-- [ RunTime:0.000065s ]
NOTIC: [8] Use of undefined constant discount - assumed 'discount' /data/wwwroot/shop.rehoming.cn/Application/Home/Controller/CartController.class.php 第 29 行.
NOTIC: [8] Use of undefined constant discount - assumed 'discount' /data/wwwroot/shop.rehoming.cn/Application/Home/Controller/CartController.class.php 第 29 行.
NOTIC: [8] Use of undefined constant discount - assumed 'discount' /data/wwwroot/shop.rehoming.cn/Application/Home/Controller/CartController.class.php 第 29 行.
NOTIC: [8] Use of undefined constant discount - assumed 'discount' /data/wwwroot/shop.rehoming.cn/Application/Home/Controller/CartController.class.php 第 30 行.
NOTIC: [8] Use of undefined constant user_id - assumed 'user_id' /data/wwwroot/shop.rehoming.cn/Application/Home/Controller/CartController.class.php 第 30 行.
NOTIC: [2] Invalid argument supplied for foreach() /data/wwwroot/shop.rehoming.cn/Application/Home/Logic/CartLogic.class.php 第 70 行.
NOTIC: [8] Undefined variable: spec_key /data/wwwroot/shop.rehoming.cn/Application/Home/Logic/CartLogic.class.php 第 85 行.
NOTIC: [8] Undefined variable: spec_price /data/wwwroot/shop.rehoming.cn/Application/Home/Logic/CartLogic.class.php 第 92 行.
NOTIC: [8] Undefined variable: spec_key /data/wwwroot/shop.rehoming.cn/Application/Home/Logic/CartLogic.class.php 第 113 行.
NOTIC: [8] Undefined variable: spec_key /data/wwwroot/shop.rehoming.cn/Application/Home/Logic/CartLogic.class.php 第 114 行.
NOTIC: [8] Undefined variable: spec_key /data/wwwroot/shop.rehoming.cn/Application/Home/Logic/CartLogic.class.php 第 115 行.
NOTIC: [8] Use of undefined constant id - assumed 'id' /data/wwwroot/shop.rehoming.cn/Application/Home/Logic/CartLogic.class.php 第 127 行.

[ 2017-06-20T16:23:09+08:00 ] 180.173.83.155 /index.php?m=Home&c=Cart&a=ajaxAddCart
INFO: [ app_init ] --START--
INFO: Run Behavior\BuildLiteBehavior [ RunTime:0.000012s ]
INFO: [ app_init ] --END-- [ RunTime:0.000079s ]
INFO: [ app_begin ] --START--
INFO: Run Behavior\ReadHtmlCacheBehavior [ RunTime:0.000032s ]
INFO: [ app_begin ] --END-- [ RunTime:0.000074s ]
NOTIC: [8] Use of undefined constant discount - assumed 'discount' /data/wwwroot/shop.rehoming.cn/Application/Home/Controller/CartController.class.php 第 29 行.
NOTIC: [8] Use of undefined constant discount - assumed 'discount' /data/wwwroot/shop.rehoming.cn/Application/Home/Controller/CartController.class.php 第 29 行.
NOTIC: [8] Use of undefined constant discount - assumed 'discount' /data/wwwroot/shop.rehoming.cn/Application/Home/Controller/CartController.class.php 第 29 行.
NOTIC: [8] Use of undefined constant discount - assumed 'discount' /data/wwwroot/shop.rehoming.cn/Application/Home/Controller/CartController.class.php 第 30 行.
NOTIC: [8] Use of undefined constant user_id - assumed 'user_id' /data/wwwroot/shop.rehoming.cn/Application/Home/Controller/CartController.class.php 第 30 行.
NOTIC: [2] Invalid argument supplied for foreach() /data/wwwroot/shop.rehoming.cn/Application/Home/Logic/CartLogic.class.php 第 70 行.
NOTIC: [8] Undefined variable: spec_key /data/wwwroot/shop.rehoming.cn/Application/Home/Logic/CartLogic.class.php 第 85 行.
NOTIC: [8] Undefined variable: spec_price /data/wwwroot/shop.rehoming.cn/Application/Home/Logic/CartLogic.class.php 第 92 行.
NOTIC: [8] Undefined variable: spec_key /data/wwwroot/shop.rehoming.cn/Application/Home/Logic/CartLogic.class.php 第 113 行.
NOTIC: [8] Undefined variable: spec_key /data/wwwroot/shop.rehoming.cn/Application/Home/Logic/CartLogic.class.php 第 114 行.
NOTIC: [8] Undefined variable: spec_key /data/wwwroot/shop.rehoming.cn/Application/Home/Logic/CartLogic.class.php 第 115 行.
NOTIC: [8] Use of undefined constant id - assumed 'id' /data/wwwroot/shop.rehoming.cn/Application/Home/Logic/CartLogic.class.php 第 127 行.

[ 2017-06-20T16:52:36+08:00 ] 101.90.255.90 /index.php?m=Home&c=Api&a=getRegion&level=2&parent_id=10543
INFO: [ app_init ] --START--
INFO: Run Behavior\BuildLiteBehavior [ RunTime:0.000011s ]
INFO: [ app_init ] --END-- [ RunTime:0.000091s ]
INFO: [ app_begin ] --START--
INFO: Run Behavior\ReadHtmlCacheBehavior [ RunTime:0.000066s ]
INFO: [ app_begin ] --END-- [ RunTime:0.000133s ]
INFO: [ app_end ] --START--
INFO: Run Behavior\ShowPageTraceBehavior [ RunTime:0.000045s ]
INFO: [ app_end ] --END-- [ RunTime:0.000084s ]

[ 2017-06-20T16:52:44+08:00 ] 101.90.255.90 /index.php?m=Home&c=Api&a=getRegion&level=3&parent_id=10544
INFO: [ app_init ] --START--
INFO: Run Behavior\BuildLiteBehavior [ RunTime:0.000011s ]
INFO: [ app_init ] --END-- [ RunTime:0.000078s ]
INFO: [ app_begin ] --START--
INFO: Run Behavior\ReadHtmlCacheBehavior [ RunTime:0.000049s ]
INFO: [ app_begin ] --END-- [ RunTime:0.000083s ]
INFO: [ app_end ] --START--
INFO: Run Behavior\ShowPageTraceBehavior [ RunTime:0.000041s ]
INFO: [ app_end ] --END-- [ RunTime:0.000080s ]

[ 2017-06-20T16:52:49+08:00 ] 101.90.255.90 /index.php?m=Home&c=Api&a=getTwon&parent_id=10623
INFO: [ app_init ] --START--
INFO: Run Behavior\BuildLiteBehavior [ RunTime:0.000011s ]
INFO: [ app_init ] --END-- [ RunTime:0.000077s ]
INFO: [ app_begin ] --START--
INFO: Run Behavior\ReadHtmlCacheBehavior [ RunTime:0.000047s ]
INFO: [ app_begin ] --END-- [ RunTime:0.000081s ]
INFO: [ app_end ] --START--
INFO: Run Behavior\ShowPageTraceBehavior [ RunTime:0.000046s ]
INFO: [ app_end ] --END-- [ RunTime:0.000085s ]

[ 2017-06-20T18:39:03+08:00 ] 180.173.83.155 /index.php?m=Home&c=Cart&a=ajaxAddCart
INFO: [ app_init ] --START--
INFO: Run Behavior\BuildLiteBehavior [ RunTime:0.000013s ]
INFO: [ app_init ] --END-- [ RunTime:0.000094s ]
INFO: [ app_begin ] --START--
INFO: Run Behavior\ReadHtmlCacheBehavior [ RunTime:0.000047s ]
INFO: [ app_begin ] --END-- [ RunTime:0.000090s ]
NOTIC: [8] Use of undefined constant discount - assumed 'discount' /data/wwwroot/shop.rehoming.cn/Application/Home/Controller/CartController.class.php 第 29 行.
NOTIC: [8] Use of undefined constant discount - assumed 'discount' /data/wwwroot/shop.rehoming.cn/Application/Home/Controller/CartController.class.php 第 29 行.
NOTIC: [8] Use of undefined constant discount - assumed 'discount' /data/wwwroot/shop.rehoming.cn/Application/Home/Controller/CartController.class.php 第 29 行.
NOTIC: [8] Use of undefined constant discount - assumed 'discount' /data/wwwroot/shop.rehoming.cn/Application/Home/Controller/CartController.class.php 第 30 行.
NOTIC: [8] Use of undefined constant user_id - assumed 'user_id' /data/wwwroot/shop.rehoming.cn/Application/Home/Controller/CartController.class.php 第 30 行.
NOTIC: [2] Invalid argument supplied for foreach() /data/wwwroot/shop.rehoming.cn/Application/Home/Logic/CartLogic.class.php 第 70 行.
NOTIC: [8] Undefined variable: spec_key /data/wwwroot/shop.rehoming.cn/Application/Home/Logic/CartLogic.class.php 第 85 行.
NOTIC: [8] Undefined variable: spec_price /data/wwwroot/shop.rehoming.cn/Application/Home/Logic/CartLogic.class.php 第 92 行.
NOTIC: [8] Undefined variable: spec_key /data/wwwroot/shop.rehoming.cn/Application/Home/Logic/CartLogic.class.php 第 113 行.
NOTIC: [8] Undefined variable: spec_key /data/wwwroot/shop.rehoming.cn/Application/Home/Logic/CartLogic.class.php 第 114 行.
NOTIC: [8] Undefined variable: spec_key /data/wwwroot/shop.rehoming.cn/Application/Home/Logic/CartLogic.class.php 第 115 行.

