[ 2017-06-18T21:05:55+08:00 ] 222.71.124.36 /index.php/Home/Goods/goodsInfo/id/503
INFO: [ app_init ] --START--
INFO: Run Behavior\BuildLiteBehavior [ RunTime:0.000012s ]
INFO: [ app_init ] --END-- [ RunTime:0.000076s ]
INFO: [ app_begin ] --START--
INFO: Run Behavior\ReadHtmlCacheBehavior [ RunTime:0.000142s ]
INFO: [ app_begin ] --END-- [ RunTime:0.000179s ]
NOTIC: [2] Division by zero /data/wwwroot/shop.rehoming.cn/Application/Home/Logic/GoodsLogic.class.php 第 227 行.
NOTIC: [2] Division by zero /data/wwwroot/shop.rehoming.cn/Application/Home/Logic/GoodsLogic.class.php 第 228 行.
NOTIC: [2] Division by zero /data/wwwroot/shop.rehoming.cn/Application/Home/Logic/GoodsLogic.class.php 第 230 行.
INFO: [ view_begin ] --START--
INFO: Run Home\Behaviors\testBehavior [ RunTime:0.000068s ]
INFO: [ view_begin ] --END-- [ RunTime:0.000109s ]
INFO: [ view_parse ] --START--
NOTIC: [8] Undefined index: order /data/wwwroot/shop.rehoming.cn/ThinkPHP/Library/Think/Template/TagLib/Tpshop.class.php 第 35 行.
NOTIC: [8] Undefined index: where /data/wwwroot/shop.rehoming.cn/ThinkPHP/Library/Think/Template/TagLib/Tpshop.class.php 第 37 行.
NOTIC: [8] Undefined index: order /data/wwwroot/shop.rehoming.cn/ThinkPHP/Library/Think/Template/TagLib/Tpshop.class.php 第 35 行.
NOTIC: [8] Undefined index: where /data/wwwroot/shop.rehoming.cn/ThinkPHP/Library/Think/Template/TagLib/Tpshop.class.php 第 37 行.
NOTIC: [8] Undefined index: level /data/wwwroot/shop.rehoming.cn/ThinkPHP/Library/Think/Template/TagLib/Tpshop.class.php 第 155 行.
NOTIC: [8] Undefined index: level /data/wwwroot/shop.rehoming.cn/ThinkPHP/Library/Think/Template/TagLib/Tpshop.class.php 第 155 行.
NOTIC: [8] Undefined index: level /data/wwwroot/shop.rehoming.cn/ThinkPHP/Library/Think/Template/TagLib/Tpshop.class.php 第 155 行.
NOTIC: [8] Undefined index: level /data/wwwroot/shop.rehoming.cn/ThinkPHP/Library/Think/Template/TagLib/Tpshop.class.php 第 155 行.
NOTIC: [8] Undefined index: level /data/wwwroot/shop.rehoming.cn/ThinkPHP/Library/Think/Template/TagLib/Tpshop.class.php 第 155 行.
INFO: [ template_filter ] --START--
INFO: Run Behavior\ContentReplaceBehavior [ RunTime:0.000315s ]
INFO: [ template_filter ] --END-- [ RunTime:0.000359s ]
NOTIC: [8] Use of undefined constant position - assumed 'position' /data/wwwroot/shop.rehoming.cn/Application/Runtime/Cache/Home/1f1b51e838fec21c657ed8bdd46a87ac.php 第 23 行.
NOTIC: [8] Use of undefined constant pid - assumed 'pid' /data/wwwroot/shop.rehoming.cn/Application/Runtime/Cache/Home/1f1b51e838fec21c657ed8bdd46a87ac.php 第 23 行.
NOTIC: [8] Use of undefined constant edit_ad - assumed 'edit_ad' /data/wwwroot/shop.rehoming.cn/Application/Runtime/Cache/Home/1f1b51e838fec21c657ed8bdd46a87ac.php 第 23 行.
NOTIC: [8] Undefined index: edit_ad /data/wwwroot/shop.rehoming.cn/Application/Runtime/Cache/Home/1f1b51e838fec21c657ed8bdd46a87ac.php 第 23 行.
NOTIC: [8] Use of undefined constant ad_code - assumed 'ad_code' /data/wwwroot/shop.rehoming.cn/Application/Runtime/Cache/Home/1f1b51e838fec21c657ed8bdd46a87ac.php 第 25 行.
NOTIC: [8] Use of undefined constant title - assumed 'title' /data/wwwroot/shop.rehoming.cn/Application/Runtime/Cache/Home/1f1b51e838fec21c657ed8bdd46a87ac.php 第 25 行.
NOTIC: [8] Undefined index: title /data/wwwroot/shop.rehoming.cn/Application/Runtime/Cache/Home/1f1b51e838fec21c657ed8bdd46a87ac.php 第 25 行.
NOTIC: [8] Use of undefined constant style - assumed 'style' /data/wwwroot/shop.rehoming.cn/Application/Runtime/Cache/Home/1f1b51e838fec21c657ed8bdd46a87ac.php 第 25 行.
NOTIC: [8] Undefined index: style /data/wwwroot/shop.rehoming.cn/Application/Runtime/Cache/Home/1f1b51e838fec21c657ed8bdd46a87ac.php 第 25 行.
NOTIC: [8] Use of undefined constant id - assumed 'id' /data/wwwroot/shop.rehoming.cn/Application/Runtime/Cache/Home/1f1b51e838fec21c657ed8bdd46a87ac.php 第 193 行.
NOTIC: [8] Use of undefined constant id - assumed 'id' /data/wwwroot/shop.rehoming.cn/Application/Runtime/Cache/Home/1f1b51e838fec21c657ed8bdd46a87ac.php 第 193 行.
NOTIC: [8] Use of undefined constant id - assumed 'id' /data/wwwroot/shop.rehoming.cn/Application/Runtime/Cache/Home/1f1b51e838fec21c657ed8bdd46a87ac.php 第 193 行.
NOTIC: [8] Use of undefined constant id - assumed 'id' /data/wwwroot/shop.rehoming.cn/Application/Runtime/Cache/Home/1f1b51e838fec21c657ed8bdd46a87ac.php 第 193 行.
NOTIC: [8] Use of undefined constant id - assumed 'id' /data/wwwroot/shop.rehoming.cn/Application/Runtime/Cache/Home/1f1b51e838fec21c657ed8bdd46a87ac.php 第 193 行.
NOTIC: [8] Use of undefined constant id - assumed 'id' /data/wwwroot/shop.rehoming.cn/Application/Runtime/Cache/Home/1f1b51e838fec21c657ed8bdd46a87ac.php 第 193 行.
NOTIC: [8] Use of undefined constant id - assumed 'id' /data/wwwroot/shop.rehoming.cn/Application/Runtime/Cache/Home/1f1b51e838fec21c657ed8bdd46a87ac.php 第 193 行.
NOTIC: [8] Use of undefined constant id - assumed 'id' /data/wwwroot/shop.rehoming.cn/Application/Runtime/Cache/Home/1f1b51e838fec21c657ed8bdd46a87ac.php 第 193 行.
NOTIC: [8] Use of undefined constant id - assumed 'id' /data/wwwroot/shop.rehoming.cn/Application/Runtime/Cache/Home/1f1b51e838fec21c657ed8bdd46a87ac.php 第 193 行.
NOTIC: [8] Use of undefined constant id - assumed 'id' /data/wwwroot/shop.rehoming.cn/Application/Runtime/Cache/Home/1f1b51e838fec21c657ed8bdd46a87ac.php 第 193 行.
NOTIC: [8] Use of undefined constant id - assumed 'id' /data/wwwroot/shop.rehoming.cn/Application/Runtime/Cache/Home/1f1b51e838fec21c657ed8bdd46a87ac.php 第 193 行.
NOTIC: [8] Use of undefined constant id - assumed 'id' /data/wwwroot/shop.rehoming.cn/Application/Runtime/Cache/Home/1f1b51e838fec21c657ed8bdd46a87ac.php 第 193 行.
NOTIC: [8] Use of undefined constant id - assumed 'id' /data/wwwroot/shop.rehoming.cn/Application/Runtime/Cache/Home/1f1b51e838fec21c657ed8bdd46a87ac.php 第 193 行.
NOTIC: [8] Use of undefined constant id - assumed 'id' /data/wwwroot/shop.rehoming.cn/Application/Runtime/Cache/Home/1f1b51e838fec21c657ed8bdd46a87ac.php 第 193 行.
NOTIC: [8] Use of undefined constant id - assumed 'id' /data/wwwroot/shop.rehoming.cn/Application/Runtime/Cache/Home/1f1b51e838fec21c657ed8bdd46a87ac.php 第 201 行.
NOTIC: [8] Use of undefined constant id - assumed 'id' /data/wwwroot/shop.rehoming.cn/Application/Runtime/Cache/Home/1f1b51e838fec21c657ed8bdd46a87ac.php 第 201 行.
NOTIC: [8] Use of undefined constant id - assumed 'id' /data/wwwroot/shop.rehoming.cn/Application/Runtime/Cache/Home/1f1b51e838fec21c657ed8bdd46a87ac.php 第 212 行.
NOTIC: [8] Use of undefined constant id - assumed 'id' /data/wwwroot/shop.rehoming.cn/Application/Runtime/Cache/Home/1f1b51e838fec21c657ed8bdd46a87ac.php 第 212 行.
NOTIC: [8] Use of undefined constant id - assumed 'id' /data/wwwroot/shop.rehoming.cn/Application/Runtime/Cache/Home/1f1b51e838fec21c657ed8bdd46a87ac.php 第 222 行.
NOTIC: [8] Use of undefined constant id - assumed 'id' /data/wwwroot/shop.rehoming.cn/Application/Runtime/Cache/Home/1f1b51e838fec21c657ed8bdd46a87ac.php 第 222 行.
NOTIC: [8] Undefined index: brand /data/wwwroot/shop.rehoming.cn/Application/Runtime/Cache/Home/1f1b51e838fec21c657ed8bdd46a87ac.php 第 231 行.
NOTIC: [8] Use of undefined constant edit_ad - assumed 'edit_ad' /data/wwwroot/shop.rehoming.cn/Application/Runtime/Cache/Home/1f1b51e838fec21c657ed8bdd46a87ac.php 第 238 行.
NOTIC: [8] Undefined index: edit_ad /data/wwwroot/shop.rehoming.cn/Application/Runtime/Cache/Home/1f1b51e838fec21c657ed8bdd46a87ac.php 第 238 行.
NOTIC: [8] Use of undefined constant id - assumed 'id' /data/wwwroot/shop.rehoming.cn/Application/Runtime/Cache/Home/1f1b51e838fec21c657ed8bdd46a87ac.php 第 201 行.
NOTIC: [8] Use of undefined constant id - assumed 'id' /data/wwwroot/shop.rehoming.cn/Application/Runtime/Cache/Home/1f1b51e838fec21c657ed8bdd46a87ac.php 第 201 行.
NOTIC: [8] Use of undefined constant id - assumed 'id' /data/wwwroot/shop.rehoming.cn/Application/Runtime/Cache/Home/1f1b51e838fec21c657ed8bdd46a87ac.php 第 201 行.
NOTIC: [8] Use of undefined constant id - assumed 'id' /data/wwwroot/shop.rehoming.cn/Application/Runtime/Cache/Home/1f1b51e838fec21c657ed8bdd46a87ac.php 第 201 行.
NOTIC: [8] Use of undefined constant id - assumed 'id' /data/wwwroot/shop.rehoming.cn/Application/Runtime/Cache/Home/1f1b51e838fec21c657ed8bdd46a87ac.php 第 212 行.
NOTIC: [8] Use of undefined constant id - assumed 'id' /data/wwwroot/shop.rehoming.cn/Application/Runtime/Cache/Home/1f1b51e838fec21c657ed8bdd46a87ac.php 第 212 行.
NOTIC: [8] Use of undefined constant id - assumed 'id' /data/wwwroot/shop.rehoming.cn/Application/Runtime/Cache/Home/1f1b51e838fec21c657ed8bdd46a87ac.php 第 212 行.
NOTIC: [8] Use of undefined constant id - assumed 'id' /data/wwwroot/shop.rehoming.cn/Application/Runtime/Cache/Home/1f1b51e838fec21c657ed8bdd46a87ac.php 第 222 行.
NOTIC: [8] Use of undefined constant id - assumed 'id' /data/wwwroot/shop.rehoming.cn/Application/Runtime/Cache/Home/1f1b51e838fec21c657ed8bdd46a87ac.php 第 222 行.
NOTIC: [8] Use of undefined constant id - assumed 'id' /data/wwwroot/shop.rehoming.cn/Application/Runtime/Cache/Home/1f1b51e838fec21c657ed8bdd46a87ac.php 第 222 行.
NOTIC: [8] Undefined index: brand /data/wwwroot/shop.rehoming.cn/Application/Runtime/Cache/Home/1f1b51e838fec21c657ed8bdd46a87ac.php 第 231 行.
NOTIC: [8] Use of undefined constant edit_ad - assumed 'edit_ad' /data/wwwroot/shop.rehoming.cn/Application/Runtime/Cache/Home/1f1b51e838fec21c657ed8bdd46a87ac.php 第 238 行.
NOTIC: [8] Undefined index: edit_ad /data/wwwroot/shop.rehoming.cn/Application/Runtime/Cache/Home/1f1b51e838fec21c657ed8bdd46a87ac.php 第 238 行.
NOTIC: [8] Use of undefined constant id - assumed 'id' /data/wwwroot/shop.rehoming.cn/Application/Runtime/Cache/Home/1f1b51e838fec21c657ed8bdd46a87ac.php 第 201 行.
NOTIC: [8] Use of undefined constant id - assumed 'id' /data/wwwroot/shop.rehoming.cn/Application/Runtime/Cache/Home/1f1b51e838fec21c657ed8bdd46a87ac.php 第 201 行.
NOTIC: [8] Use of undefined constant id - assumed 'id' /data/wwwroot/shop.rehoming.cn/Application/Runtime/Cache/Home/1f1b51e838fec21c657ed8bdd46a87ac.php 第 201 行.
NOTIC: [8] Use of undefined constant id - assumed 'id' /data/wwwroot/shop.rehoming.cn/Application/Runtime/Cache/Home/1f1b51e838fec21c657ed8bdd46a87ac.php 第 212 行.
NOTIC: [8] Use of undefined constant id - assumed 'id' /data/wwwroot/shop.rehoming.cn/Application/Runtime/Cache/Home/1f1b51e838fec21c657ed8bdd46a87ac.php 第 212 行.
NOTIC: [8] Use of undefined constant id - assumed 'id' /data/wwwroot/shop.rehoming.cn/Application/Runtime/Cache/Home/1f1b51e838fec21c657ed8bdd46a87ac.php 第 212 行.
NOTIC: [8] Use of undefined constant id - assumed 'id' /data/wwwroot/shop.rehoming.cn/Application/Runtime/Cache/Home/1f1b51e838fec21c657ed8bdd46a87ac.php 第 222 行.
NOTIC: [8] Use of undefined constant id - assumed 'id' /data/wwwroot/shop.rehoming.cn/Application/Runtime/Cache/Home/1f1b51e838fec21c657ed8bdd46a87ac.php 第 222 行.
NOTIC: [8] Undefined index: brand /data/wwwroot/shop.rehoming.cn/Application/Runtime/Cache/Home/1f1b51e838fec21c657ed8bdd46a87ac.php 第 231 行.
NOTIC: [8] Use of undefined constant edit_ad - assumed 'edit_ad' /data/wwwroot/shop.rehoming.cn/Application/Runtime/Cache/Home/1f1b51e838fec21c657ed8bdd46a87ac.php 第 238 行.
NOTIC: [8] Undefined index: edit_ad /data/wwwroot/shop.rehoming.cn/Application/Runtime/Cache/Home/1f1b51e838fec21c657ed8bdd46a87ac.php 第 238 行.
NOTIC: [8] Use of undefined constant id - assumed 'id' /data/wwwroot/shop.rehoming.cn/Application/Runtime/Cache/Home/1f1b51e838fec21c657ed8bdd46a87ac.php 第 201 行.
NOTIC: [8] Use of undefined constant id - assumed 'id' /data/wwwroot/shop.rehoming.cn/Application/Runtime/Cache/Home/1f1b51e838fec21c657ed8bdd46a87ac.php 第 201 行.
NOTIC: [8] Use of undefined constant id - assumed 'id' /data/wwwroot/shop.rehoming.cn/Application/Runtime/Cache/Home/1f1b51e838fec21c657ed8bdd46a87ac.php 第 201 行.
NOTIC: [8] Use of undefined constant id - assumed 'id' /data/wwwroot/shop.rehoming.cn/Application/Runtime/Cache/Home/1f1b51e838fec21c657ed8bdd46a87ac.php 第 212 行.
NOTIC: [8] Use of undefined constant id - assumed 'id' /data/wwwroot/shop.rehoming.cn/Application/Runtime/Cache/Home/1f1b51e838fec21c657ed8bdd46a87ac.php 第 212 行.
NOTIC: [8] Use of undefined constant id - assumed 'id' /data/wwwroot/shop.rehoming.cn/Application/Runtime/Cache/Home/1f1b51e838fec21c657ed8bdd46a87ac.php 第 222 行.
NOTIC: [8] Use of undefined constant id - assumed 'id' /data/wwwroot/shop.rehoming.cn/Application/Runtime/Cache/Home/1f1b51e838fec21c657ed8bdd46a87ac.php 第 222 行.
NOTIC: [8] Undefined index: brand /data/wwwroot/shop.rehoming.cn/Application/Runtime/Cache/Home/1f1b51e838fec21c657ed8bdd46a87ac.php 第 231 行.
NOTIC: [8] Use of undefined constant edit_ad - assumed 'edit_ad' /data/wwwroot/shop.rehoming.cn/Application/Runtime/Cache/Home/1f1b51e838fec21c657ed8bdd46a87ac.php 第 238 行.
NOTIC: [8] Undefined index: edit_ad /data/wwwroot/shop.rehoming.cn/Application/Runtime/Cache/Home/1f1b51e838fec21c657ed8bdd46a87ac.php 第 238 行.
NOTIC: [8] Use of undefined constant id - assumed 'id' /data/wwwroot/shop.rehoming.cn/Application/Runtime/Cache/Home/1f1b51e838fec21c657ed8bdd46a87ac.php 第 201 行.
NOTIC: [8] Use of undefined constant id - assumed 'id' /data/wwwroot/shop.rehoming.cn/Application/Runtime/Cache/Home/1f1b51e838fec21c657ed8bdd46a87ac.php 第 201 行.
NOTIC: [8] Use of undefined constant id - assumed 'id' /data/wwwroot/shop.rehoming.cn/Application/Runtime/Cache/Home/1f1b51e838fec21c657ed8bdd46a87ac.php 第 212 行.
NOTIC: [8] Use of undefined constant id - assumed 'id' /data/wwwroot/shop.rehoming.cn/Application/Runtime/Cache/Home/1f1b51e838fec21c657ed8bdd46a87ac.php 第 212 行.
NOTIC: [8] Use of undefined constant id - assumed 'id' /data/wwwroot/shop.rehoming.cn/Application/Runtime/Cache/Home/1f1b51e838fec21c657ed8bdd46a87ac.php 第 222 行.
NOTIC: [8] Use of undefined constant id - assumed 'id' /data/wwwroot/shop.rehoming.cn/Application/Runtime/Cache/Home/1f1b51e838fec21c657ed8bdd46a87ac.php 第 222 行.
NOTIC: [8] Undefined index: brand /data/wwwroot/shop.rehoming.cn/Application/Runtime/Cache/Home/1f1b51e838fec21c657ed8bdd46a87ac.php 第 231 行.
NOTIC: [8] Use of undefined constant edit_ad - assumed 'edit_ad' /data/wwwroot/shop.rehoming.cn/Application/Runtime/Cache/Home/1f1b51e838fec21c657ed8bdd46a87ac.php 第 238 行.
NOTIC: [8] Undefined index: edit_ad /data/wwwroot/shop.rehoming.cn/Application/Runtime/Cache/Home/1f1b51e838fec21c657ed8bdd46a87ac.php 第 238 行.
NOTIC: [8] Use of undefined constant id - assumed 'id' /data/wwwroot/shop.rehoming.cn/Application/Runtime/Cache/Home/1f1b51e838fec21c657ed8bdd46a87ac.php 第 201 行.
NOTIC: [8] Use of undefined constant id - assumed 'id' /data/wwwroot/shop.rehoming.cn/Application/Runtime/Cache/Home/1f1b51e838fec21c657ed8bdd46a87ac.php 第 201 行.
NOTIC: [8] Use of undefined constant id - assumed 'id' /data/wwwroot/shop.rehoming.cn/Application/Runtime/Cache/Home/1f1b51e838fec21c657ed8bdd46a87ac.php 第 212 行.
NOTIC: [8] Use of undefined constant id - assumed 'id' /data/wwwroot/shop.rehoming.cn/Application/Runtime/Cache/Home/1f1b51e838fec21c657ed8bdd46a87ac.php 第 212 行.
NOTIC: [8] Use of undefined constant id - assumed 'id' /data/wwwroot/shop.rehoming.cn/Application/Runtime/Cache/Home/1f1b51e838fec21c657ed8bdd46a87ac.php 第 222 行.
NOTIC: [8] Undefined index: brand /data/wwwroot/shop.rehoming.cn/Application/Runtime/Cache/Home/1f1b51e838fec21c657ed8bdd46a87ac.php 第 231 行.
NOTIC: [8] Use of undefined constant edit_ad - assumed 'edit_ad' /data/wwwroot/shop.rehoming.cn/Application/Runtime/Cache/Home/1f1b51e838fec21c657ed8bdd46a87ac.php 第 238 行.
NOTIC: [8] Undefined index: edit_ad /data/wwwroot/shop.rehoming.cn/Application/Runtime/Cache/Home/1f1b51e838fec21c657ed8bdd46a87ac.php 第 238 行.
NOTIC: [8] Use of undefined constant id - assumed 'id' /data/wwwroot/shop.rehoming.cn/Application/Runtime/Cache/Home/1f1b51e838fec21c657ed8bdd46a87ac.php 第 201 行.
NOTIC: [8] Use of undefined constant id - assumed 'id' /data/wwwroot/shop.rehoming.cn/Application/Runtime/Cache/Home/1f1b51e838fec21c657ed8bdd46a87ac.php 第 201 行.
NOTIC: [8] Use of undefined constant id - assumed 'id' /data/wwwroot/shop.rehoming.cn/Application/Runtime/Cache/Home/1f1b51e838fec21c657ed8bdd46a87ac.php 第 201 行.
NOTIC: [8] Use of undefined constant id - assumed 'id' /data/wwwroot/shop.rehoming.cn/Application/Runtime/Cache/Home/1f1b51e838fec21c657ed8bdd46a87ac.php 第 212 行.
NOTIC: [8] Use of undefined constant id - assumed 'id' /data/wwwroot/shop.rehoming.cn/Application/Runtime/Cache/Home/1f1b51e838fec21c657ed8bdd46a87ac.php 第 212 行.
NOTIC: [8] Use of undefined constant id - assumed 'id' /data/wwwroot/shop.rehoming.cn/Application/Runtime/Cache/Home/1f1b51e838fec21c657ed8bdd46a87ac.php 第 222 行.
NOTIC: [8] Use of undefined constant id - assumed 'id' /data/wwwroot/shop.rehoming.cn/Application/Runtime/Cache/Home/1f1b51e838fec21c657ed8bdd46a87ac.php 第 222 行.
NOTIC: [8] Undefined index: brand /data/wwwroot/shop.rehoming.cn/Application/Runtime/Cache/Home/1f1b51e838fec21c657ed8bdd46a87ac.php 第 231 行.
NOTIC: [8] Use of undefined constant edit_ad - assumed 'edit_ad' /data/wwwroot/shop.rehoming.cn/Application/Runtime/Cache/Home/1f1b51e838fec21c657ed8bdd46a87ac.php 第 238 行.
NOTIC: [8] Undefined index: edit_ad /data/wwwroot/shop.rehoming.cn/Application/Runtime/Cache/Home/1f1b51e838fec21c657ed8bdd46a87ac.php 第 238 行.
NOTIC: [8] Use of undefined constant id - assumed 'id' /data/wwwroot/shop.rehoming.cn/Application/Runtime/Cache/Home/1f1b51e838fec21c657ed8bdd46a87ac.php 第 201 行.
NOTIC: [8] Use of undefined constant id - assumed 'id' /data/wwwroot/shop.rehoming.cn/Application/Runtime/Cache/Home/1f1b51e838fec21c657ed8bdd46a87ac.php 第 201 行.
NOTIC: [8] Use of undefined constant id - assumed 'id' /data/wwwroot/shop.rehoming.cn/Application/Runtime/Cache/Home/1f1b51e838fec21c657ed8bdd46a87ac.php 第 201 行.
NOTIC: [8] Use of undefined constant id - assumed 'id' /data/wwwroot/shop.rehoming.cn/Application/Runtime/Cache/Home/1f1b51e838fec21c657ed8bdd46a87ac.php 第 201 行.
NOTIC: [8] Use of undefined constant id - assumed 'id' /data/wwwroot/shop.rehoming.cn/Application/Runtime/Cache/Home/1f1b51e838fec21c657ed8bdd46a87ac.php 第 201 行.
NOTIC: [8] Use of undefined constant id - assumed 'id' /data/wwwroot/shop.rehoming.cn/Application/Runtime/Cache/Home/1f1b51e838fec21c657ed8bdd46a87ac.php 第 212 行.
NOTIC: [8] Use of undefined constant id - assumed 'id' /data/wwwroot/shop.rehoming.cn/Application/Runtime/Cache/Home/1f1b51e838fec21c657ed8bdd46a87ac.php 第 212 行.
NOTIC: [8] Use of undefined constant id - assumed 'id' /data/wwwroot/shop.rehoming.cn/Application/Runtime/Cache/Home/1f1b51e838fec21c657ed8bdd46a87ac.php 第 212 行.
NOTIC: [8] Use of undefined constant id - assumed 'id' /data/wwwroot/shop.rehoming.cn/Application/Runtime/Cache/Home/1f1b51e838fec21c657ed8bdd46a87ac.php 第 212 行.
NOTIC: [8] Use of undefined constant id - assumed 'id' /data/wwwroot/shop.rehoming.cn/Application/Runtime/Cache/Home/1f1b51e838fec21c657ed8bdd46a87ac.php 第 222 行.
NOTIC: [8] Use of undefined constant id - assumed 'id' /data/wwwroot/shop.rehoming.cn/Application/Runtime/Cache/Home/1f1b51e838fec21c657ed8bdd46a87ac.php 第 222 行.
NOTIC: [8] Use of undefined constant id - assumed 'id' /data/wwwroot/shop.rehoming.cn/Application/Runtime/Cache/Home/1f1b51e838fec21c657ed8bdd46a87ac.php 第 222 行.
NOTIC: [8] Use of undefined constant id - assumed 'id' /data/wwwroot/shop.rehoming.cn/Application/Runtime/Cache/Home/1f1b51e838fec21c657ed8bdd46a87ac.php 第 222 行.
NOTIC: [8] Undefined index: brand /data/wwwroot/shop.rehoming.cn/Application/Runtime/Cache/Home/1f1b51e838fec21c657ed8bdd46a87ac.php 第 231 行.
NOTIC: [8] Use of undefined constant edit_ad - assumed 'edit_ad' /data/wwwroot/shop.rehoming.cn/Application/Runtime/Cache/Home/1f1b51e838fec21c657ed8bdd46a87ac.php 第 238 行.
NOTIC: [8] Undefined index: edit_ad /data/wwwroot/shop.rehoming.cn/Application/Runtime/Cache/Home/1f1b51e838fec21c657ed8bdd46a87ac.php 第 238 行.
NOTIC: [8] Use of undefined constant id - assumed 'id' /data/wwwroot/shop.rehoming.cn/Application/Runtime/Cache/Home/1f1b51e838fec21c657ed8bdd46a87ac.php 第 201 行.
NOTIC: [8] Use of undefined constant id - assumed 'id' /data/wwwroot/shop.rehoming.cn/Application/Runtime/Cache/Home/1f1b51e838fec21c657ed8bdd46a87ac.php 第 201 行.
NOTIC: [8] Use of undefined constant id - assumed 'id' /data/wwwroot/shop.rehoming.cn/Application/Runtime/Cache/Home/1f1b51e838fec21c657ed8bdd46a87ac.php 第 212 行.
NOTIC: [8] Use of undefined constant id - assumed 'id' /data/wwwroot/shop.rehoming.cn/Application/Runtime/Cache/Home/1f1b51e838fec21c657ed8bdd46a87ac.php 第 212 行.
NOTIC: [8] Use of undefined constant id - assumed 'id' /data/wwwroot/shop.rehoming.cn/Application/Runtime/Cache/Home/1f1b51e838fec21c657ed8bdd46a87ac.php 第 222 行.
NOTIC: [8] Use of undefined constant id - assumed 'id' /data/wwwroot/shop.rehoming.cn/Application/Runtime/Cache/Home/1f1b51e838fec21c657ed8bdd46a87ac.php 第 222 行.
NOTIC: [8] Undefined index: brand /data/wwwroot/shop.rehoming.cn/Application/Runtime/Cache/Home/1f1b51e838fec21c657ed8bdd46a87ac.php 第 231 行.
NOTIC: [8] Use of undefined constant edit_ad - assumed 'edit_ad' /data/wwwroot/shop.rehoming.cn/Application/Runtime/Cache/Home/1f1b51e838fec21c657ed8bdd46a87ac.php 第 238 行.
NOTIC: [8] Undefined index: edit_ad /data/wwwroot/shop.rehoming.cn/Application/Runtime/Cache/Home/1f1b51e838fec21c657ed8bdd46a87ac.php 第 238 行.
NOTIC: [8] Use of undefined constant id - assumed 'id' /data/wwwroot/shop.rehoming.cn/Application/Runtime/Cache/Home/1f1b51e838fec21c657ed8bdd46a87ac.php 第 201 行.
NOTIC: [8] Use of undefined constant id - assumed 'id' /data/wwwroot/shop.rehoming.cn/Application/Runtime/Cache/Home/1f1b51e838fec21c657ed8bdd46a87ac.php 第 201 行.
NOTIC: [8] Use of undefined constant id - assumed 'id' /data/wwwroot/shop.rehoming.cn/Application/Runtime/Cache/Home/1f1b51e838fec21c657ed8bdd46a87ac.php 第 201 行.
NOTIC: [8] Use of undefined constant id - assumed 'id' /data/wwwroot/shop.rehoming.cn/Application/Runtime/Cache/Home/1f1b51e838fec21c657ed8bdd46a87ac.php 第 201 行.
NOTIC: [8] Use of undefined constant id - assumed 'id' /data/wwwroot/shop.rehoming.cn/Application/Runtime/Cache/Home/1f1b51e838fec21c657ed8bdd46a87ac.php 第 212 行.
NOTIC: [8] Use of undefined constant id - assumed 'id' /data/wwwroot/shop.rehoming.cn/Application/Runtime/Cache/Home/1f1b51e838fec21c657ed8bdd46a87ac.php 第 212 行.
NOTIC: [8] Use of undefined constant id - assumed 'id' /data/wwwroot/shop.rehoming.cn/Application/Runtime/Cache/Home/1f1b51e838fec21c657ed8bdd46a87ac.php 第 212 行.
NOTIC: [8] Use of undefined constant id - assumed 'id' /data/wwwroot/shop.rehoming.cn/Application/Runtime/Cache/Home/1f1b51e838fec21c657ed8bdd46a87ac.php 第 222 行.
NOTIC: [8] Use of undefined constant id - assumed 'id' /data/wwwroot/shop.rehoming.cn/Application/Runtime/Cache/Home/1f1b51e838fec21c657ed8bdd46a87ac.php 第 222 行.
NOTIC: [8] Use of undefined constant id - assumed 'id' /data/wwwroot/shop.rehoming.cn/Application/Runtime/Cache/Home/1f1b51e838fec21c657ed8bdd46a87ac.php 第 222 行.
NOTIC: [8] Undefined index: brand /data/wwwroot/shop.rehoming.cn/Application/Runtime/Cache/Home/1f1b51e838fec21c657ed8bdd46a87ac.php 第 231 行.
NOTIC: [8] Use of undefined constant edit_ad - assumed 'edit_ad' /data/wwwroot/shop.rehoming.cn/Application/Runtime/Cache/Home/1f1b51e838fec21c657ed8bdd46a87ac.php 第 238 行.
NOTIC: [8] Undefined index: edit_ad /data/wwwroot/shop.rehoming.cn/Application/Runtime/Cache/Home/1f1b51e838fec21c657ed8bdd46a87ac.php 第 238 行.
NOTIC: [8] Use of undefined constant id - assumed 'id' /data/wwwroot/shop.rehoming.cn/Application/Runtime/Cache/Home/1f1b51e838fec21c657ed8bdd46a87ac.php 第 201 行.
NOTIC: [8] Use of undefined constant id - assumed 'id' /data/wwwroot/shop.rehoming.cn/Application/Runtime/Cache/Home/1f1b51e838fec21c657ed8bdd46a87ac.php 第 201 行.
NOTIC: [8] Use of undefined constant id - assumed 'id' /data/wwwroot/shop.rehoming.cn/Application/Runtime/Cache/Home/1f1b51e838fec21c657ed8bdd46a87ac.php 第 201 行.
NOTIC: [8] Use of undefined constant id - assumed 'id' /data/wwwroot/shop.rehoming.cn/Application/Runtime/Cache/Home/1f1b51e838fec21c657ed8bdd46a87ac.php 第 201 行.
NOTIC: [8] Use of undefined constant id - assumed 'id' /data/wwwroot/shop.rehoming.cn/Application/Runtime/Cache/Home/1f1b51e838fec21c657ed8bdd46a87ac.php 第 201 行.
NOTIC: [8] Use of undefined constant id - assumed 'id' /data/wwwroot/shop.rehoming.cn/Application/Runtime/Cache/Home/1f1b51e838fec21c657ed8bdd46a87ac.php 第 201 行.
NOTIC: [8] Use of undefined constant id - assumed 'id' /data/wwwroot/shop.rehoming.cn/Application/Runtime/Cache/Home/1f1b51e838fec21c657ed8bdd46a87ac.php 第 212 行.
NOTIC: [8] Use of undefined constant id - assumed 'id' /data/wwwroot/shop.rehoming.cn/Application/Runtime/Cache/Home/1f1b51e838fec21c657ed8bdd46a87ac.php 第 212 行.
NOTIC: [8] Use of undefined constant id - assumed 'id' /data/wwwroot/shop.rehoming.cn/Application/Runtime/Cache/Home/1f1b51e838fec21c657ed8bdd46a87ac.php 第 212 行.
NOTIC: [8] Use of undefined constant id - assumed 'id' /data/wwwroot/shop.rehoming.cn/Application/Runtime/Cache/Home/1f1b51e838fec21c657ed8bdd46a87ac.php 第 212 行.
NOTIC: [8] Use of undefined constant id - assumed 'id' /data/wwwroot/shop.rehoming.cn/Application/Runtime/Cache/Home/1f1b51e838fec21c657ed8bdd46a87ac.php 第 212 行.
NOTIC: [8] Use of undefined constant id - assumed 'id' /data/wwwroot/shop.rehoming.cn/Application/Runtime/Cache/Home/1f1b51e838fec21c657ed8bdd46a87ac.php 第 212 行.
NOTIC: [8] Use of undefined constant id - assumed 'id' /data/wwwroot/shop.rehoming.cn/Application/Runtime/Cache/Home/1f1b51e838fec21c657ed8bdd46a87ac.php 第 222 行.
NOTIC: [8] Use of undefined constant id - assumed 'id' /data/wwwroot/shop.rehoming.cn/Application/Runtime/Cache/Home/1f1b51e838fec21c657ed8bdd46a87ac.php 第 222 行.
NOTIC: [8] Use of undefined constant id - assumed 'id' /data/wwwroot/shop.rehoming.cn/Application/Runtime/Cache/Home/1f1b51e838fec21c657ed8bdd46a87ac.php 第 222 行.
NOTIC: [8] Use of undefined constant id - assumed 'id' /data/wwwroot/shop.rehoming.cn/Application/Runtime/Cache/Home/1f1b51e838fec21c657ed8bdd46a87ac.php 第 222 行.
NOTIC: [8] Use of undefined constant id - assumed 'id' /data/wwwroot/shop.rehoming.cn/Application/Runtime/Cache/Home/1f1b51e838fec21c657ed8bdd46a87ac.php 第 222 行.
NOTIC: [8] Use of undefined constant id - assumed 'id' /data/wwwroot/shop.rehoming.cn/Application/Runtime/Cache/Home/1f1b51e838fec21c657ed8bdd46a87ac.php 第 222 行.
NOTIC: [8] Undefined index: brand /data/wwwroot/shop.rehoming.cn/Application/Runtime/Cache/Home/1f1b51e838fec21c657ed8bdd46a87ac.php 第 231 行.
NOTIC: [8] Use of undefined constant edit_ad - assumed 'edit_ad' /data/wwwroot/shop.rehoming.cn/Application/Runtime/Cache/Home/1f1b51e838fec21c657ed8bdd46a87ac.php 第 238 行.
NOTIC: [8] Undefined index: edit_ad /data/wwwroot/shop.rehoming.cn/Application/Runtime/Cache/Home/1f1b51e838fec21c657ed8bdd46a87ac.php 第 238 行.
NOTIC: [8] Use of undefined constant id - assumed 'id' /data/wwwroot/shop.rehoming.cn/Application/Runtime/Cache/Home/1f1b51e838fec21c657ed8bdd46a87ac.php 第 201 行.
NOTIC: [8] Use of undefined constant id - assumed 'id' /data/wwwroot/shop.rehoming.cn/Application/Runtime/Cache/Home/1f1b51e838fec21c657ed8bdd46a87ac.php 第 201 行.
NOTIC: [8] Use of undefined constant id - assumed 'id' /data/wwwroot/shop.rehoming.cn/Application/Runtime/Cache/Home/1f1b51e838fec21c657ed8bdd46a87ac.php 第 212 行.
NOTIC: [8] Use of undefined constant id - assumed 'id' /data/wwwroot/shop.rehoming.cn/Application/Runtime/Cache/Home/1f1b51e838fec21c657ed8bdd46a87ac.php 第 212 行.
NOTIC: [8] Use of undefined constant id - assumed 'id' /data/wwwroot/shop.rehoming.cn/Application/Runtime/Cache/Home/1f1b51e838fec21c657ed8bdd46a87ac.php 第 222 行.
NOTIC: [8] Undefined index: brand /data/wwwroot/shop.rehoming.cn/Application/Runtime/Cache/Home/1f1b51e838fec21c657ed8bdd46a87ac.php 第 231 行.
NOTIC: [8] Use of undefined constant edit_ad - assumed 'edit_ad' /data/wwwroot/shop.rehoming.cn/Application/Runtime/Cache/Home/1f1b51e838fec21c657ed8bdd46a87ac.php 第 238 行.
NOTIC: [8] Undefined index: edit_ad /data/wwwroot/shop.rehoming.cn/Application/Runtime/Cache/Home/1f1b51e838fec21c657ed8bdd46a87ac.php 第 238 行.
NOTIC: [8] Use of undefined constant id - assumed 'id' /data/wwwroot/shop.rehoming.cn/Application/Runtime/Cache/Home/1f1b51e838fec21c657ed8bdd46a87ac.php 第 201 行.
NOTIC: [8] Use of undefined constant id - assumed 'id' /data/wwwroot/shop.rehoming.cn/Application/Runtime/Cache/Home/1f1b51e838fec21c657ed8bdd46a87ac.php 第 201 行.
NOTIC: [8] Use of undefined constant id - assumed 'id' /data/wwwroot/shop.rehoming.cn/Application/Runtime/Cache/Home/1f1b51e838fec21c657ed8bdd46a87ac.php 第 201 行.
NOTIC: [8] Use of undefined constant id - assumed 'id' /data/wwwroot/shop.rehoming.cn/Application/Runtime/Cache/Home/1f1b51e838fec21c657ed8bdd46a87ac.php 第 212 行.
NOTIC: [8] Use of undefined constant id - assumed 'id' /data/wwwroot/shop.rehoming.cn/Application/Runtime/Cache/Home/1f1b51e838fec21c657ed8bdd46a87ac.php 第 212 行.
NOTIC: [8] Use of undefined constant id - assumed 'id' /data/wwwroot/shop.rehoming.cn/Application/Runtime/Cache/Home/1f1b51e838fec21c657ed8bdd46a87ac.php 第 212 行.
NOTIC: [8] Use of undefined constant id - assumed 'id' /data/wwwroot/shop.rehoming.cn/Application/Runtime/Cache/Home/1f1b51e838fec21c657ed8bdd46a87ac.php 第 222 行.
NOTIC: [8] Use of undefined constant id - assumed 'id' /data/wwwroot/shop.rehoming.cn/Application/Runtime/Cache/Home/1f1b51e838fec21c657ed8bdd46a87ac.php 第 222 行.
NOTIC: [8] Use of undefined constant id - assumed 'id' /data/wwwroot/shop.rehoming.cn/Application/Runtime/Cache/Home/1f1b51e838fec21c657ed8bdd46a87ac.php 第 222 行.
NOTIC: [8] Undefined index: brand /data/wwwroot/shop.rehoming.cn/Application/Runtime/Cache/Home/1f1b51e838fec21c657ed8bdd46a87ac.php 第 231 行.
NOTIC: [8] Use of undefined constant edit_ad - assumed 'edit_ad' /data/wwwroot/shop.rehoming.cn/Application/Runtime/Cache/Home/1f1b51e838fec21c657ed8bdd46a87ac.php 第 238 行.
NOTIC: [8] Undefined index: edit_ad /data/wwwroot/shop.rehoming.cn/Application/Runtime/Cache/Home/1f1b51e838fec21c657ed8bdd46a87ac.php 第 238 行.
NOTIC: [8] Use of undefined constant id - assumed 'id' /data/wwwroot/shop.rehoming.cn/Application/Runtime/Cache/Home/1f1b51e838fec21c657ed8bdd46a87ac.php 第 201 行.
NOTIC: [8] Use of undefined constant id - assumed 'id' /data/wwwroot/shop.rehoming.cn/Application/Runtime/Cache/Home/1f1b51e838fec21c657ed8bdd46a87ac.php 第 201 行.
NOTIC: [8] Use of undefined constant id - assumed 'id' /data/wwwroot/shop.rehoming.cn/Application/Runtime/Cache/Home/1f1b51e838fec21c657ed8bdd46a87ac.php 第 201 行.
NOTIC: [8] Use of undefined constant id - assumed 'id' /data/wwwroot/shop.rehoming.cn/Application/Runtime/Cache/Home/1f1b51e838fec21c657ed8bdd46a87ac.php 第 201 行.
NOTIC: [8] Use of undefined constant id - assumed 'id' /data/wwwroot/shop.rehoming.cn/Application/Runtime/Cache/Home/1f1b51e838fec21c657ed8bdd46a87ac.php 第 212 行.
NOTIC: [8] Use of undefined constant id - assumed 'id' /data/wwwroot/shop.rehoming.cn/Application/Runtime/Cache/Home/1f1b51e838fec21c657ed8bdd46a87ac.php 第 212 行.
NOTIC: [8] Use of undefined constant id - assumed 'id' /data/wwwroot/shop.rehoming.cn/Application/Runtime/Cache/Home/1f1b51e838fec21c657ed8bdd46a87ac.php 第 212 行.
NOTIC: [8] Use of undefined constant id - assumed 'id' /data/wwwroot/shop.rehoming.cn/Application/Runtime/Cache/Home/1f1b51e838fec21c657ed8bdd46a87ac.php 第 222 行.
NOTIC: [8] Use of undefined constant id - assumed 'id' /data/wwwroot/shop.rehoming.cn/Application/Runtime/Cache/Home/1f1b51e838fec21c657ed8bdd46a87ac.php 第 222 行.
NOTIC: [8] Use of undefined constant id - assumed 'id' /data/wwwroot/shop.rehoming.cn/Application/Runtime/Cache/Home/1f1b51e838fec21c657ed8bdd46a87ac.php 第 222 行.
NOTIC: [8] Undefined index: brand /data/wwwroot/shop.rehoming.cn/Application/Runtime/Cache/Home/1f1b51e838fec21c657ed8bdd46a87ac.php 第 231 行.
NOTIC: [8] Use of undefined constant edit_ad - assumed 'edit_ad' /data/wwwroot/shop.rehoming.cn/Application/Runtime/Cache/Home/1f1b51e838fec21c657ed8bdd46a87ac.php 第 238 行.
NOTIC: [8] Undefined index: edit_ad /data/wwwroot/shop.rehoming.cn/Application/Runtime/Cache/Home/1f1b51e838fec21c657ed8bdd46a87ac.php 第 238 行.
NOTIC: [8] Undefined variable: flash_sale /data/wwwroot/shop.rehoming.cn/Application/Runtime/Cache/Home/1f1b51e838fec21c657ed8bdd46a87ac.php 第 322 行.
NOTIC: [8] Undefined index: promoting /data/wwwroot/shop.rehoming.cn/Application/Runtime/Cache/Home/1f1b51e838fec21c657ed8bdd46a87ac.php 第 340 行.
NOTIC: [8] Use of undefined constant goods_id - assumed 'goods_id' /data/wwwroot/shop.rehoming.cn/Application/Runtime/Cache/Home/1f1b51e838fec21c657ed8bdd46a87ac.php 第 524 行.
NOTIC: [8] Use of undefined constant goods_id - assumed 'goods_id' /data/wwwroot/shop.rehoming.cn/Application/Runtime/Cache/Home/1f1b51e838fec21c657ed8bdd46a87ac.php 第 524 行.
NOTIC: [8] Use of undefined constant goods_id - assumed 'goods_id' /data/wwwroot/shop.rehoming.cn/Application/Runtime/Cache/Home/1f1b51e838fec21c657ed8bdd46a87ac.php 第 524 行.
NOTIC: [8] Use of undefined constant HTTP_HOST - assumed 'HTTP_HOST' /data/wwwroot/shop.rehoming.cn/Application/Runtime/Cache/Home/1f1b51e838fec21c657ed8bdd46a87ac.php 第 548 行.
NOTIC: [8] Use of undefined constant id - assumed 'id' /data/wwwroot/shop.rehoming.cn/Application/Runtime/Cache/Home/1f1b51e838fec21c657ed8bdd46a87ac.php 第 548 行.
NOTIC: [8] Use of undefined constant HTTP_HOST - assumed 'HTTP_HOST' /data/wwwroot/shop.rehoming.cn/Application/Runtime/Cache/Home/1f1b51e838fec21c657ed8bdd46a87ac.php 第 549 行.
NOTIC: [8] Use of undefined constant goods_id - assumed 'goods_id' /data/wwwroot/shop.rehoming.cn/Application/Runtime/Cache/Home/1f1b51e838fec21c657ed8bdd46a87ac.php 第 549 行.
NOTIC: [8] Use of undefined constant id - assumed 'id' /data/wwwroot/shop.rehoming.cn/Application/Runtime/Cache/Home/1f1b51e838fec21c657ed8bdd46a87ac.php 第 574 行.
NOTIC: [8] Use of undefined constant id - assumed 'id' /data/wwwroot/shop.rehoming.cn/Application/Runtime/Cache/Home/1f1b51e838fec21c657ed8bdd46a87ac.php 第 574 行.
NOTIC: [8] Use of undefined constant id - assumed 'id' /data/wwwroot/shop.rehoming.cn/Application/Runtime/Cache/Home/1f1b51e838fec21c657ed8bdd46a87ac.php 第 574 行.
NOTIC: [8] Use of undefined constant id - assumed 'id' /data/wwwroot/shop.rehoming.cn/Application/Runtime/Cache/Home/1f1b51e838fec21c657ed8bdd46a87ac.php 第 574 行.
NOTIC: [8] Use of undefined constant id - assumed 'id' /data/wwwroot/shop.rehoming.cn/Application/Runtime/Cache/Home/1f1b51e838fec21c657ed8bdd46a87ac.php 第 574 行.
NOTIC: [8] Use of undefined constant id - assumed 'id' /data/wwwroot/shop.rehoming.cn/Application/Runtime/Cache/Home/1f1b51e838fec21c657ed8bdd46a87ac.php 第 574 行.
NOTIC: [8] Use of undefined constant id - assumed 'id' /data/wwwroot/shop.rehoming.cn/Application/Runtime/Cache/Home/1f1b51e838fec21c657ed8bdd46a87ac.php 第 574 行.
NOTIC: [8] Use of undefined constant id - assumed 'id' /data/wwwroot/shop.rehoming.cn/Application/Runtime/Cache/Home/1f1b51e838fec21c657ed8bdd46a87ac.php 第 574 行.
NOTIC: [8] Use of undefined constant id - assumed 'id' /data/wwwroot/shop.rehoming.cn/Application/Runtime/Cache/Home/1f1b51e838fec21c657ed8bdd46a87ac.php 第 574 行.
NOTIC: [8] Use of undefined constant id - assumed 'id' /data/wwwroot/shop.rehoming.cn/Application/Runtime/Cache/Home/1f1b51e838fec21c657ed8bdd46a87ac.php 第 574 行.
NOTIC: [8] Use of undefined constant id - assumed 'id' /data/wwwroot/shop.rehoming.cn/Application/Runtime/Cache/Home/1f1b51e838fec21c657ed8bdd46a87ac.php 第 574 行.
NOTIC: [8] Use of undefined constant id - assumed 'id' /data/wwwroot/shop.rehoming.cn/Application/Runtime/Cache/Home/1f1b51e838fec21c657ed8bdd46a87ac.php 第 574 行.
NOTIC: [8] Undefined index: brand_name /data/wwwroot/shop.rehoming.cn/Application/Runtime/Cache/Home/1f1b51e838fec21c657ed8bdd46a87ac.php 第 631 行.
NOTIC: [8] Undefined index: c4 /data/wwwroot/shop.rehoming.cn/Application/Runtime/Cache/Home/1f1b51e838fec21c657ed8bdd46a87ac.php 第 731 行.
NOTIC: [8] Use of undefined constant goods_id - assumed 'goods_id' /data/wwwroot/shop.rehoming.cn/Application/Runtime/Cache/Home/1f1b51e838fec21c657ed8bdd46a87ac.php 第 823 行.
NOTIC: [8] Use of undefined constant goods_id - assumed 'goods_id' /data/wwwroot/shop.rehoming.cn/Application/Runtime/Cache/Home/1f1b51e838fec21c657ed8bdd46a87ac.php 第 825 行.
NOTIC: [8] Use of undefined constant goods_id - assumed 'goods_id' /data/wwwroot/shop.rehoming.cn/Application/Runtime/Cache/Home/1f1b51e838fec21c657ed8bdd46a87ac.php 第 823 行.
NOTIC: [8] Use of undefined constant goods_id - assumed 'goods_id' /data/wwwroot/shop.rehoming.cn/Application/Runtime/Cache/Home/1f1b51e838fec21c657ed8bdd46a87ac.php 第 825 行.
NOTIC: [8] Use of undefined constant goods_id - assumed 'goods_id' /data/wwwroot/shop.rehoming.cn/Application/Runtime/Cache/Home/1f1b51e838fec21c657ed8bdd46a87ac.php 第 823 行.
NOTIC: [8] Use of undefined constant goods_id - assumed 'goods_id' /data/wwwroot/shop.rehoming.cn/Application/Runtime/Cache/Home/1f1b51e838fec21c657ed8bdd46a87ac.php 第 825 行.
NOTIC: [8] Use of undefined constant goods_id - assumed 'goods_id' /data/wwwroot/shop.rehoming.cn/Application/Runtime/Cache/Home/1f1b51e838fec21c657ed8bdd46a87ac.php 第 823 行.
NOTIC: [8] Use of undefined constant goods_id - assumed 'goods_id' /data/wwwroot/shop.rehoming.cn/Application/Runtime/Cache/Home/1f1b51e838fec21c657ed8bdd46a87ac.php 第 825 行.
NOTIC: [8] Use of undefined constant goods_id - assumed 'goods_id' /data/wwwroot/shop.rehoming.cn/Application/Runtime/Cache/Home/1f1b51e838fec21c657ed8bdd46a87ac.php 第 823 行.
NOTIC: [8] Use of undefined constant goods_id - assumed 'goods_id' /data/wwwroot/shop.rehoming.cn/Application/Runtime/Cache/Home/1f1b51e838fec21c657ed8bdd46a87ac.php 第 825 行.
NOTIC: [8] Use of undefined constant goods_id - assumed 'goods_id' /data/wwwroot/shop.rehoming.cn/Application/Runtime/Cache/Home/1f1b51e838fec21c657ed8bdd46a87ac.php 第 823 行.
NOTIC: [8] Use of undefined constant goods_id - assumed 'goods_id' /data/wwwroot/shop.rehoming.cn/Application/Runtime/Cache/Home/1f1b51e838fec21c657ed8bdd46a87ac.php 第 825 行.
NOTIC: [8] Use of undefined constant goods_id - assumed 'goods_id' /data/wwwroot/shop.rehoming.cn/Application/Runtime/Cache/Home/1f1b51e838fec21c657ed8bdd46a87ac.php 第 823 行.
NOTIC: [8] Use of undefined constant goods_id - assumed 'goods_id' /data/wwwroot/shop.rehoming.cn/Application/Runtime/Cache/Home/1f1b51e838fec21c657ed8bdd46a87ac.php 第 825 行.
NOTIC: [8] Use of undefined constant goods_id - assumed 'goods_id' /data/wwwroot/shop.rehoming.cn/Application/Runtime/Cache/Home/1f1b51e838fec21c657ed8bdd46a87ac.php 第 823 行.
NOTIC: [8] Use of undefined constant goods_id - assumed 'goods_id' /data/wwwroot/shop.rehoming.cn/Application/Runtime/Cache/Home/1f1b51e838fec21c657ed8bdd46a87ac.php 第 825 行.
NOTIC: [8] Use of undefined constant goods_id - assumed 'goods_id' /data/wwwroot/shop.rehoming.cn/Application/Runtime/Cache/Home/1f1b51e838fec21c657ed8bdd46a87ac.php 第 823 行.
NOTIC: [8] Use of undefined constant goods_id - assumed 'goods_id' /data/wwwroot/shop.rehoming.cn/Application/Runtime/Cache/Home/1f1b51e838fec21c657ed8bdd46a87ac.php 第 825 行.
NOTIC: [8] Use of undefined constant goods_id - assumed 'goods_id' /data/wwwroot/shop.rehoming.cn/Application/Runtime/Cache/Home/1f1b51e838fec21c657ed8bdd46a87ac.php 第 823 行.
NOTIC: [8] Use of undefined constant goods_id - assumed 'goods_id' /data/wwwroot/shop.rehoming.cn/Application/Runtime/Cache/Home/1f1b51e838fec21c657ed8bdd46a87ac.php 第 825 行.
NOTIC: [8] Use of undefined constant goods_id - assumed 'goods_id' /data/wwwroot/shop.rehoming.cn/Application/Runtime/Cache/Home/1f1b51e838fec21c657ed8bdd46a87ac.php 第 823 行.
NOTIC: [8] Use of undefined constant goods_id - assumed 'goods_id' /data/wwwroot/shop.rehoming.cn/Application/Runtime/Cache/Home/1f1b51e838fec21c657ed8bdd46a87ac.php 第 825 行.
NOTIC: [8] Use of undefined constant goods_id - assumed 'goods_id' /data/wwwroot/shop.rehoming.cn/Application/Runtime/Cache/Home/1f1b51e838fec21c657ed8bdd46a87ac.php 第 823 行.
NOTIC: [8] Use of undefined constant goods_id - assumed 'goods_id' /data/wwwroot/shop.rehoming.cn/Application/Runtime/Cache/Home/1f1b51e838fec21c657ed8bdd46a87ac.php 第 825 行.
NOTIC: [8] Use of undefined constant cat_name - assumed 'cat_name' /data/wwwroot/shop.rehoming.cn/Application/Runtime/Cache/Home/1f1b51e838fec21c657ed8bdd46a87ac.php 第 860 行.
NOTIC: [8] Use of undefined constant article_id - assumed 'article_id' /data/wwwroot/shop.rehoming.cn/Application/Runtime/Cache/Home/1f1b51e838fec21c657ed8bdd46a87ac.php 第 862 行.
NOTIC: [8] Use of undefined constant title - assumed 'title' /data/wwwroot/shop.rehoming.cn/Application/Runtime/Cache/Home/1f1b51e838fec21c657ed8bdd46a87ac.php 第 862 行.
NOTIC: [8] Use of undefined constant article_id - assumed 'article_id' /data/wwwroot/shop.rehoming.cn/Application/Runtime/Cache/Home/1f1b51e838fec21c657ed8bdd46a87ac.php 第 862 行.
NOTIC: [8] Use of undefined constant title - assumed 'title' /data/wwwroot/shop.rehoming.cn/Application/Runtime/Cache/Home/1f1b51e838fec21c657ed8bdd46a87ac.php 第 862 行.
NOTIC: [8] Use of undefined constant article_id - assumed 'article_id' /data/wwwroot/shop.rehoming.cn/Application/Runtime/Cache/Home/1f1b51e838fec21c657ed8bdd46a87ac.php 第 862 行.
NOTIC: [8] Use of undefined constant title - assumed 'title' /data/wwwroot/shop.rehoming.cn/Application/Runtime/Cache/Home/1f1b51e838fec21c657ed8bdd46a87ac.php 第 862 行.
NOTIC: [8] Use of undefined constant cat_name - assumed 'cat_name' /data/wwwroot/shop.rehoming.cn/Application/Runtime/Cache/Home/1f1b51e838fec21c657ed8bdd46a87ac.php 第 860 行.
NOTIC: [8] Use of undefined constant article_id - assumed 'article_id' /data/wwwroot/shop.rehoming.cn/Application/Runtime/Cache/Home/1f1b51e838fec21c657ed8bdd46a87ac.php 第 862 行.
NOTIC: [8] Use of undefined constant title - assumed 'title' /data/wwwroot/shop.rehoming.cn/Application/Runtime/Cache/Home/1f1b51e838fec21c657ed8bdd46a87ac.php 第 862 行.
NOTIC: [8] Use of undefined constant article_id - assumed 'article_id' /data/wwwroot/shop.rehoming.cn/Application/Runtime/Cache/Home/1f1b51e838fec21c657ed8bdd46a87ac.php 第 862 行.
NOTIC: [8] Use of undefined constant title - assumed 'title' /data/wwwroot/shop.rehoming.cn/Application/Runtime/Cache/Home/1f1b51e838fec21c657ed8bdd46a87ac.php 第 862 行.
NOTIC: [8] Use of undefined constant cat_name - assumed 'cat_name' /data/wwwroot/shop.rehoming.cn/Application/Runtime/Cache/Home/1f1b51e838fec21c657ed8bdd46a87ac.php 第 860 行.
NOTIC: [8] Use of undefined constant article_id - assumed 'article_id' /data/wwwroot/shop.rehoming.cn/Application/Runtime/Cache/Home/1f1b51e838fec21c657ed8bdd46a87ac.php 第 862 行.
NOTIC: [8] Use of undefined constant title - assumed 'title' /data/wwwroot/shop.rehoming.cn/Application/Runtime/Cache/Home/1f1b51e838fec21c657ed8bdd46a87ac.php 第 862 行.
NOTIC: [8] Use of undefined constant article_id - assumed 'article_id' /data/wwwroot/shop.rehoming.cn/Application/Runtime/Cache/Home/1f1b51e838fec21c657ed8bdd46a87ac.php 第 862 行.
NOTIC: [8] Use of undefined constant title - assumed 'title' /data/wwwroot/shop.rehoming.cn/Application/Runtime/Cache/Home/1f1b51e838fec21c657ed8bdd46a87ac.php 第 862 行.
NOTIC: [8] Use of undefined constant article_id - assumed 'article_id' /data/wwwroot/shop.rehoming.cn/Application/Runtime/Cache/Home/1f1b51e838fec21c657ed8bdd46a87ac.php 第 862 行.
NOTIC: [8] Use of undefined constant title - assumed 'title' /data/wwwroot/shop.rehoming.cn/Application/Runtime/Cache/Home/1f1b51e838fec21c657ed8bdd46a87ac.php 第 862 行.
NOTIC: [8] Use of undefined constant cat_name - assumed 'cat_name' /data/wwwroot/shop.rehoming.cn/Application/Runtime/Cache/Home/1f1b51e838fec21c657ed8bdd46a87ac.php 第 860 行.
NOTIC: [8] Use of undefined constant article_id - assumed 'article_id' /data/wwwroot/shop.rehoming.cn/Application/Runtime/Cache/Home/1f1b51e838fec21c657ed8bdd46a87ac.php 第 862 行.
NOTIC: [8] Use of undefined constant title - assumed 'title' /data/wwwroot/shop.rehoming.cn/Application/Runtime/Cache/Home/1f1b51e838fec21c657ed8bdd46a87ac.php 第 862 行.
NOTIC: [8] Use of undefined constant cat_name - assumed 'cat_name' /data/wwwroot/shop.rehoming.cn/Application/Runtime/Cache/Home/1f1b51e838fec21c657ed8bdd46a87ac.php 第 860 行.
NOTIC: [8] Use of undefined constant article_id - assumed 'article_id' /data/wwwroot/shop.rehoming.cn/Application/Runtime/Cache/Home/1f1b51e838fec21c657ed8bdd46a87ac.php 第 862 行.
NOTIC: [8] Use of undefined constant title - assumed 'title' /data/wwwroot/shop.rehoming.cn/Application/Runtime/Cache/Home/1f1b51e838fec21c657ed8bdd46a87ac.php 第 862 行.
NOTIC: [8] Use of undefined constant article_id - assumed 'article_id' /data/wwwroot/shop.rehoming.cn/Application/Runtime/Cache/Home/1f1b51e838fec21c657ed8bdd46a87ac.php 第 862 行.
NOTIC: [8] Use of undefined constant title - assumed 'title' /data/wwwroot/shop.rehoming.cn/Application/Runtime/Cache/Home/1f1b51e838fec21c657ed8bdd46a87ac.php 第 862 行.
NOTIC: [8] Use of undefined constant article_id - assumed 'article_id' /data/wwwroot/shop.rehoming.cn/Application/Runtime/Cache/Home/1f1b51e838fec21c657ed8bdd46a87ac.php 第 862 行.
NOTIC: [8] Use of undefined constant title - assumed 'title' /data/wwwroot/shop.rehoming.cn/Application/Runtime/Cache/Home/1f1b51e838fec21c657ed8bdd46a87ac.php 第 862 行.
NOTIC: [8] Undefined index: flash_sale /data/wwwroot/shop.rehoming.cn/Application/Runtime/Cache/Home/1f1b51e838fec21c657ed8bdd46a87ac.php 第 1030 行.
INFO: Run Behavior\ParseTemplateBehavior [ RunTime:0.071388s ]
INFO: [ view_parse ] --END-- [ RunTime:0.071434s ]
INFO: [ view_filter ] --START--
INFO: Run Behavior\WriteHtmlCacheBehavior [ RunTime:0.000261s ]
INFO: Run Behavior\TokenBuildBehavior [ RunTime:0.000516s ]
INFO: [ view_filter ] --END-- [ RunTime:0.000836s ]
INFO: [ app_end ] --START--
INFO: Run Behavior\ShowPageTraceBehavior [ RunTime:0.000039s ]
INFO: [ app_end ] --END-- [ RunTime:0.000069s ]

[ 2017-06-18T21:05:56+08:00 ] 222.71.124.36 /index.php?m=Home&c=Goods&a=getRegion
INFO: [ app_init ] --START--
INFO: Run Behavior\BuildLiteBehavior [ RunTime:0.000011s ]
INFO: [ app_init ] --END-- [ RunTime:0.000074s ]
INFO: [ app_begin ] --START--
INFO: Run Behavior\ReadHtmlCacheBehavior [ RunTime:0.000044s ]
INFO: [ app_begin ] --END-- [ RunTime:0.000076s ]
NOTIC: [8] Undefined offset: 0 /data/wwwroot/shop.rehoming.cn/Application/Home/Logic/GoodsLogic.class.php 第 543 行.
NOTIC: [8] Undefined offset: 0 /data/wwwroot/shop.rehoming.cn/Application/Home/Logic/GoodsLogic.class.php 第 543 行.
NOTIC: [8] Undefined offset: 0 /data/wwwroot/shop.rehoming.cn/Application/Home/Logic/GoodsLogic.class.php 第 543 行.

[ 2017-06-18T21:05:56+08:00 ] 222.71.124.36 /index.php?m=Home&c=goods&a=ajaxComment&goods_id=503&commentType=1&p=1
INFO: [ app_init ] --START--
INFO: Run Behavior\BuildLiteBehavior [ RunTime:0.000009s ]
INFO: [ app_init ] --END-- [ RunTime:0.000087s ]
INFO: [ app_begin ] --START--
INFO: Run Behavior\ReadHtmlCacheBehavior [ RunTime:0.000100s ]
INFO: [ app_begin ] --END-- [ RunTime:0.000134s ]
INFO: [ view_begin ] --START--
INFO: Run Home\Behaviors\testBehavior [ RunTime:0.000056s ]
INFO: [ view_begin ] --END-- [ RunTime:0.000093s ]
INFO: [ view_parse ] --START--
INFO: [ template_filter ] --START--
INFO: Run Behavior\ContentReplaceBehavior [ RunTime:0.000039s ]
INFO: [ template_filter ] --END-- [ RunTime:0.000075s ]
INFO: Run Behavior\ParseTemplateBehavior [ RunTime:0.004575s ]
INFO: [ view_parse ] --END-- [ RunTime:0.004610s ]
INFO: [ view_filter ] --START--
INFO: Run Behavior\WriteHtmlCacheBehavior [ RunTime:0.000132s ]
INFO: Run Behavior\TokenBuildBehavior [ RunTime:0.000082s ]
INFO: [ view_filter ] --END-- [ RunTime:0.000260s ]
INFO: [ app_end ] --START--
INFO: Run Behavior\ShowPageTraceBehavior [ RunTime:0.000029s ]
INFO: [ app_end ] --END-- [ RunTime:0.000065s ]

[ 2017-06-18T21:05:56+08:00 ] 222.71.124.36 /index.php?m=Home&c=Cart&a=header_cart_list
INFO: [ app_init ] --START--
INFO: Run Behavior\BuildLiteBehavior [ RunTime:0.000025s ]
INFO: [ app_init ] --END-- [ RunTime:0.000105s ]
INFO: [ app_begin ] --START--
INFO: Run Behavior\ReadHtmlCacheBehavior [ RunTime:0.000050s ]
INFO: [ app_begin ] --END-- [ RunTime:0.000083s ]
NOTIC: [8] Use of undefined constant user_id - assumed 'user_id' /data/wwwroot/shop.rehoming.cn/Application/Home/Logic/CartLogic.class.php 第 157 行.
NOTIC: [8] Undefined index: user_id /data/wwwroot/shop.rehoming.cn/Application/Home/Logic/CartLogic.class.php 第 157 行.
NOTIC: [8] Use of undefined constant user_id - assumed 'user_id' /data/wwwroot/shop.rehoming.cn/Application/Home/Logic/CartLogic.class.php 第 165 行.
INFO: [ view_begin ] --START--
INFO: Run Home\Behaviors\testBehavior [ RunTime:0.000059s ]
INFO: [ view_begin ] --END-- [ RunTime:0.000094s ]
INFO: [ view_parse ] --START--
INFO: [ template_filter ] --START--
INFO: Run Behavior\ContentReplaceBehavior [ RunTime:0.000034s ]
INFO: [ template_filter ] --END-- [ RunTime:0.000068s ]
NOTIC: [8] Use of undefined constant anum - assumed 'anum' /data/wwwroot/shop.rehoming.cn/Application/Runtime/Cache/Home/fb4a9ff6a7ee6538416cd11436248c35.php 第 58 行.
NOTIC: [8] Undefined index: anum /data/wwwroot/shop.rehoming.cn/Application/Runtime/Cache/Home/fb4a9ff6a7ee6538416cd11436248c35.php 第 58 行.
INFO: Run Behavior\ParseTemplateBehavior [ RunTime:0.003109s ]
INFO: [ view_parse ] --END-- [ RunTime:0.003145s ]
INFO: [ view_filter ] --START--
INFO: Run Behavior\WriteHtmlCacheBehavior [ RunTime:0.000035s ]
INFO: Run Behavior\TokenBuildBehavior [ RunTime:0.000071s ]
INFO: [ view_filter ] --END-- [ RunTime:0.000145s ]
INFO: [ app_end ] --START--
INFO: Run Behavior\ShowPageTraceBehavior [ RunTime:0.000029s ]
INFO: [ app_end ] --END-- [ RunTime:0.000053s ]

[ 2017-06-18T21:05:56+08:00 ] 222.71.124.36 /index.php?m=Home&c=Goods&callback=getAreaListcallback&a=region&fid=2
INFO: [ app_init ] --START--
INFO: Run Behavior\BuildLiteBehavior [ RunTime:0.000010s ]
INFO: [ app_init ] --END-- [ RunTime:0.000068s ]
INFO: [ app_begin ] --START--
INFO: Run Behavior\ReadHtmlCacheBehavior [ RunTime:0.000052s ]
INFO: [ app_begin ] --END-- [ RunTime:0.000089s ]

[ 2017-06-18T21:05:56+08:00 ] 222.71.124.36 /index.php?m=Home&c=Goods&a=dispatching
INFO: [ app_init ] --START--
INFO: Run Behavior\BuildLiteBehavior [ RunTime:0.000014s ]
INFO: [ app_init ] --END-- [ RunTime:0.000100s ]
INFO: [ app_begin ] --START--
INFO: Run Behavior\ReadHtmlCacheBehavior [ RunTime:0.000042s ]
INFO: [ app_begin ] --END-- [ RunTime:0.000090s ]
NOTIC: [8] Undefined offset: 0 /data/wwwroot/shop.rehoming.cn/Application/Home/Logic/GoodsLogic.class.php 第 597 行.
NOTIC: [8] Undefined offset: 1 /data/wwwroot/shop.rehoming.cn/Application/Home/Logic/GoodsLogic.class.php 第 597 行.
NOTIC: [8] Undefined offset: 2 /data/wwwroot/shop.rehoming.cn/Application/Home/Logic/GoodsLogic.class.php 第 597 行.
NOTIC: [8] Undefined offset: 3 /data/wwwroot/shop.rehoming.cn/Application/Home/Logic/GoodsLogic.class.php 第 597 行.
NOTIC: [8] Undefined offset: 4 /data/wwwroot/shop.rehoming.cn/Application/Home/Logic/GoodsLogic.class.php 第 597 行.

[ 2017-06-18T21:09:29+08:00 ] 222.71.124.36 /index.php/Home/Goods/goodsInfo/id/501
INFO: [ app_init ] --START--
INFO: Run Behavior\BuildLiteBehavior [ RunTime:0.000012s ]
INFO: [ app_init ] --END-- [ RunTime:0.000076s ]
INFO: [ app_begin ] --START--
INFO: Run Behavior\ReadHtmlCacheBehavior [ RunTime:0.000165s ]
INFO: [ app_begin ] --END-- [ RunTime:0.000207s ]
NOTIC: [2] Division by zero /data/wwwroot/shop.rehoming.cn/Application/Home/Logic/GoodsLogic.class.php 第 227 行.
NOTIC: [2] Division by zero /data/wwwroot/shop.rehoming.cn/Application/Home/Logic/GoodsLogic.class.php 第 228 行.
NOTIC: [2] Division by zero /data/wwwroot/shop.rehoming.cn/Application/Home/Logic/GoodsLogic.class.php 第 230 行.
INFO: [ view_begin ] --START--
INFO: Run Home\Behaviors\testBehavior [ RunTime:0.000080s ]
INFO: [ view_begin ] --END-- [ RunTime:0.000124s ]
INFO: [ view_parse ] --START--
NOTIC: [8] Undefined index: order /data/wwwroot/shop.rehoming.cn/ThinkPHP/Library/Think/Template/TagLib/Tpshop.class.php 第 35 行.
NOTIC: [8] Undefined index: where /data/wwwroot/shop.rehoming.cn/ThinkPHP/Library/Think/Template/TagLib/Tpshop.class.php 第 37 行.
NOTIC: [8] Undefined index: order /data/wwwroot/shop.rehoming.cn/ThinkPHP/Library/Think/Template/TagLib/Tpshop.class.php 第 35 行.
NOTIC: [8] Undefined index: where /data/wwwroot/shop.rehoming.cn/ThinkPHP/Library/Think/Template/TagLib/Tpshop.class.php 第 37 行.
NOTIC: [8] Undefined index: level /data/wwwroot/shop.rehoming.cn/ThinkPHP/Library/Think/Template/TagLib/Tpshop.class.php 第 155 行.
NOTIC: [8] Undefined index: level /data/wwwroot/shop.rehoming.cn/ThinkPHP/Library/Think/Template/TagLib/Tpshop.class.php 第 155 行.
NOTIC: [8] Undefined index: level /data/wwwroot/shop.rehoming.cn/ThinkPHP/Library/Think/Template/TagLib/Tpshop.class.php 第 155 行.
NOTIC: [8] Undefined index: level /data/wwwroot/shop.rehoming.cn/ThinkPHP/Library/Think/Template/TagLib/Tpshop.class.php 第 155 行.
NOTIC: [8] Undefined index: level /data/wwwroot/shop.rehoming.cn/ThinkPHP/Library/Think/Template/TagLib/Tpshop.class.php 第 155 行.
INFO: [ template_filter ] --START--
INFO: Run Behavior\ContentReplaceBehavior [ RunTime:0.000290s ]
INFO: [ template_filter ] --END-- [ RunTime:0.000344s ]
NOTIC: [8] Use of undefined constant position - assumed 'position' /data/wwwroot/shop.rehoming.cn/Application/Runtime/Cache/Home/1f1b51e838fec21c657ed8bdd46a87ac.php 第 23 行.
NOTIC: [8] Use of undefined constant pid - assumed 'pid' /data/wwwroot/shop.rehoming.cn/Application/Runtime/Cache/Home/1f1b51e838fec21c657ed8bdd46a87ac.php 第 23 行.
NOTIC: [8] Use of undefined constant edit_ad - assumed 'edit_ad' /data/wwwroot/shop.rehoming.cn/Application/Runtime/Cache/Home/1f1b51e838fec21c657ed8bdd46a87ac.php 第 23 行.
NOTIC: [8] Undefined index: edit_ad /data/wwwroot/shop.rehoming.cn/Application/Runtime/Cache/Home/1f1b51e838fec21c657ed8bdd46a87ac.php 第 23 行.
NOTIC: [8] Use of undefined constant ad_code - assumed 'ad_code' /data/wwwroot/shop.rehoming.cn/Application/Runtime/Cache/Home/1f1b51e838fec21c657ed8bdd46a87ac.php 第 25 行.
NOTIC: [8] Use of undefined constant title - assumed 'title' /data/wwwroot/shop.rehoming.cn/Application/Runtime/Cache/Home/1f1b51e838fec21c657ed8bdd46a87ac.php 第 25 行.
NOTIC: [8] Undefined index: title /data/wwwroot/shop.rehoming.cn/Application/Runtime/Cache/Home/1f1b51e838fec21c657ed8bdd46a87ac.php 第 25 行.
NOTIC: [8] Use of undefined constant style - assumed 'style' /data/wwwroot/shop.rehoming.cn/Application/Runtime/Cache/Home/1f1b51e838fec21c657ed8bdd46a87ac.php 第 25 行.
NOTIC: [8] Undefined index: style /data/wwwroot/shop.rehoming.cn/Application/Runtime/Cache/Home/1f1b51e838fec21c657ed8bdd46a87ac.php 第 25 行.
NOTIC: [8] Use of undefined constant id - assumed 'id' /data/wwwroot/shop.rehoming.cn/Application/Runtime/Cache/Home/1f1b51e838fec21c657ed8bdd46a87ac.php 第 193 行.
NOTIC: [8] Use of undefined constant id - assumed 'id' /data/wwwroot/shop.rehoming.cn/Application/Runtime/Cache/Home/1f1b51e838fec21c657ed8bdd46a87ac.php 第 193 行.
NOTIC: [8] Use of undefined constant id - assumed 'id' /data/wwwroot/shop.rehoming.cn/Application/Runtime/Cache/Home/1f1b51e838fec21c657ed8bdd46a87ac.php 第 193 行.
NOTIC: [8] Use of undefined constant id - assumed 'id' /data/wwwroot/shop.rehoming.cn/Application/Runtime/Cache/Home/1f1b51e838fec21c657ed8bdd46a87ac.php 第 193 行.
NOTIC: [8] Use of undefined constant id - assumed 'id' /data/wwwroot/shop.rehoming.cn/Application/Runtime/Cache/Home/1f1b51e838fec21c657ed8bdd46a87ac.php 第 193 行.
NOTIC: [8] Use of undefined constant id - assumed 'id' /data/wwwroot/shop.rehoming.cn/Application/Runtime/Cache/Home/1f1b51e838fec21c657ed8bdd46a87ac.php 第 193 行.
NOTIC: [8] Use of undefined constant id - assumed 'id' /data/wwwroot/shop.rehoming.cn/Application/Runtime/Cache/Home/1f1b51e838fec21c657ed8bdd46a87ac.php 第 193 行.
NOTIC: [8] Use of undefined constant id - assumed 'id' /data/wwwroot/shop.rehoming.cn/Application/Runtime/Cache/Home/1f1b51e838fec21c657ed8bdd46a87ac.php 第 193 行.
NOTIC: [8] Use of undefined constant id - assumed 'id' /data/wwwroot/shop.rehoming.cn/Application/Runtime/Cache/Home/1f1b51e838fec21c657ed8bdd46a87ac.php 第 193 行.
NOTIC: [8] Use of undefined constant id - assumed 'id' /data/wwwroot/shop.rehoming.cn/Application/Runtime/Cache/Home/1f1b51e838fec21c657ed8bdd46a87ac.php 第 193 行.
NOTIC: [8] Use of undefined constant id - assumed 'id' /data/wwwroot/shop.rehoming.cn/Application/Runtime/Cache/Home/1f1b51e838fec21c657ed8bdd46a87ac.php 第 193 行.
NOTIC: [8] Use of undefined constant id - assumed 'id' /data/wwwroot/shop.rehoming.cn/Application/Runtime/Cache/Home/1f1b51e838fec21c657ed8bdd46a87ac.php 第 193 行.
NOTIC: [8] Use of undefined constant id - assumed 'id' /data/wwwroot/shop.rehoming.cn/Application/Runtime/Cache/Home/1f1b51e838fec21c657ed8bdd46a87ac.php 第 193 行.
NOTIC: [8] Use of undefined constant id - assumed 'id' /data/wwwroot/shop.rehoming.cn/Application/Runtime/Cache/Home/1f1b51e838fec21c657ed8bdd46a87ac.php 第 193 行.
NOTIC: [8] Use of undefined constant id - assumed 'id' /data/wwwroot/shop.rehoming.cn/Application/Runtime/Cache/Home/1f1b51e838fec21c657ed8bdd46a87ac.php 第 201 行.
NOTIC: [8] Use of undefined constant id - assumed 'id' /data/wwwroot/shop.rehoming.cn/Application/Runtime/Cache/Home/1f1b51e838fec21c657ed8bdd46a87ac.php 第 201 行.
NOTIC: [8] Use of undefined constant id - assumed 'id' /data/wwwroot/shop.rehoming.cn/Application/Runtime/Cache/Home/1f1b51e838fec21c657ed8bdd46a87ac.php 第 212 行.
NOTIC: [8] Use of undefined constant id - assumed 'id' /data/wwwroot/shop.rehoming.cn/Application/Runtime/Cache/Home/1f1b51e838fec21c657ed8bdd46a87ac.php 第 212 行.
NOTIC: [8] Use of undefined constant id - assumed 'id' /data/wwwroot/shop.rehoming.cn/Application/Runtime/Cache/Home/1f1b51e838fec21c657ed8bdd46a87ac.php 第 222 行.
NOTIC: [8] Use of undefined constant id - assumed 'id' /data/wwwroot/shop.rehoming.cn/Application/Runtime/Cache/Home/1f1b51e838fec21c657ed8bdd46a87ac.php 第 222 行.
NOTIC: [8] Undefined index: brand /data/wwwroot/shop.rehoming.cn/Application/Runtime/Cache/Home/1f1b51e838fec21c657ed8bdd46a87ac.php 第 231 行.
NOTIC: [8] Use of undefined constant edit_ad - assumed 'edit_ad' /data/wwwroot/shop.rehoming.cn/Application/Runtime/Cache/Home/1f1b51e838fec21c657ed8bdd46a87ac.php 第 238 行.
NOTIC: [8] Undefined index: edit_ad /data/wwwroot/shop.rehoming.cn/Application/Runtime/Cache/Home/1f1b51e838fec21c657ed8bdd46a87ac.php 第 238 行.
NOTIC: [8] Use of undefined constant id - assumed 'id' /data/wwwroot/shop.rehoming.cn/Application/Runtime/Cache/Home/1f1b51e838fec21c657ed8bdd46a87ac.php 第 201 行.
NOTIC: [8] Use of undefined constant id - assumed 'id' /data/wwwroot/shop.rehoming.cn/Application/Runtime/Cache/Home/1f1b51e838fec21c657ed8bdd46a87ac.php 第 201 行.
NOTIC: [8] Use of undefined constant id - assumed 'id' /data/wwwroot/shop.rehoming.cn/Application/Runtime/Cache/Home/1f1b51e838fec21c657ed8bdd46a87ac.php 第 201 行.
NOTIC: [8] Use of undefined constant id - assumed 'id' /data/wwwroot/shop.rehoming.cn/Application/Runtime/Cache/Home/1f1b51e838fec21c657ed8bdd46a87ac.php 第 201 行.
NOTIC: [8] Use of undefined constant id - assumed 'id' /data/wwwroot/shop.rehoming.cn/Application/Runtime/Cache/Home/1f1b51e838fec21c657ed8bdd46a87ac.php 第 212 行.
NOTIC: [8] Use of undefined constant id - assumed 'id' /data/wwwroot/shop.rehoming.cn/Application/Runtime/Cache/Home/1f1b51e838fec21c657ed8bdd46a87ac.php 第 212 行.
NOTIC: [8] Use of undefined constant id - assumed 'id' /data/wwwroot/shop.rehoming.cn/Application/Runtime/Cache/Home/1f1b51e838fec21c657ed8bdd46a87ac.php 第 212 行.
NOTIC: [8] Use of undefined constant id - assumed 'id' /data/wwwroot/shop.rehoming.cn/Application/Runtime/Cache/Home/1f1b51e838fec21c657ed8bdd46a87ac.php 第 222 行.
NOTIC: [8] Use of undefined constant id - assumed 'id' /data/wwwroot/shop.rehoming.cn/Application/Runtime/Cache/Home/1f1b51e838fec21c657ed8bdd46a87ac.php 第 222 行.
NOTIC: [8] Use of undefined constant id - assumed 'id' /data/wwwroot/shop.rehoming.cn/Application/Runtime/Cache/Home/1f1b51e838fec21c657ed8bdd46a87ac.php 第 222 行.
NOTIC: [8] Undefined index: brand /data/wwwroot/shop.rehoming.cn/Application/Runtime/Cache/Home/1f1b51e838fec21c657ed8bdd46a87ac.php 第 231 行.
NOTIC: [8] Use of undefined constant edit_ad - assumed 'edit_ad' /data/wwwroot/shop.rehoming.cn/Application/Runtime/Cache/Home/1f1b51e838fec21c657ed8bdd46a87ac.php 第 238 行.
NOTIC: [8] Undefined index: edit_ad /data/wwwroot/shop.rehoming.cn/Application/Runtime/Cache/Home/1f1b51e838fec21c657ed8bdd46a87ac.php 第 238 行.
NOTIC: [8] Use of undefined constant id - assumed 'id' /data/wwwroot/shop.rehoming.cn/Application/Runtime/Cache/Home/1f1b51e838fec21c657ed8bdd46a87ac.php 第 201 行.
NOTIC: [8] Use of undefined constant id - assumed 'id' /data/wwwroot/shop.rehoming.cn/Application/Runtime/Cache/Home/1f1b51e838fec21c657ed8bdd46a87ac.php 第 201 行.
NOTIC: [8] Use of undefined constant id - assumed 'id' /data/wwwroot/shop.rehoming.cn/Application/Runtime/Cache/Home/1f1b51e838fec21c657ed8bdd46a87ac.php 第 201 行.
NOTIC: [8] Use of undefined constant id - assumed 'id' /data/wwwroot/shop.rehoming.cn/Application/Runtime/Cache/Home/1f1b51e838fec21c657ed8bdd46a87ac.php 第 212 行.
NOTIC: [8] Use of undefined constant id - assumed 'id' /data/wwwroot/shop.rehoming.cn/Application/Runtime/Cache/Home/1f1b51e838fec21c657ed8bdd46a87ac.php 第 212 行.
NOTIC: [8] Use of undefined constant id - assumed 'id' /data/wwwroot/shop.rehoming.cn/Application/Runtime/Cache/Home/1f1b51e838fec21c657ed8bdd46a87ac.php 第 212 行.
NOTIC: [8] Use of undefined constant id - assumed 'id' /data/wwwroot/shop.rehoming.cn/Application/Runtime/Cache/Home/1f1b51e838fec21c657ed8bdd46a87ac.php 第 222 行.
NOTIC: [8] Use of undefined constant id - assumed 'id' /data/wwwroot/shop.rehoming.cn/Application/Runtime/Cache/Home/1f1b51e838fec21c657ed8bdd46a87ac.php 第 222 行.
NOTIC: [8] Undefined index: brand /data/wwwroot/shop.rehoming.cn/Application/Runtime/Cache/Home/1f1b51e838fec21c657ed8bdd46a87ac.php 第 231 行.
NOTIC: [8] Use of undefined constant edit_ad - assumed 'edit_ad' /data/wwwroot/shop.rehoming.cn/Application/Runtime/Cache/Home/1f1b51e838fec21c657ed8bdd46a87ac.php 第 238 行.
NOTIC: [8] Undefined index: edit_ad /data/wwwroot/shop.rehoming.cn/Application/Runtime/Cache/Home/1f1b51e838fec21c657ed8bdd46a87ac.php 第 238 行.
NOTIC: [8] Use of undefined constant id - assumed 'id' /data/wwwroot/shop.rehoming.cn/Application/Runtime/Cache/Home/1f1b51e838fec21c657ed8bdd46a87ac.php 第 201 行.
NOTIC: [8] Use of undefined constant id - assumed 'id' /data/wwwroot/shop.rehoming.cn/Application/Runtime/Cache/Home/1f1b51e838fec21c657ed8bdd46a87ac.php 第 201 行.
NOTIC: [8] Use of undefined constant id - assumed 'id' /data/wwwroot/shop.rehoming.cn/Application/Runtime/Cache/Home/1f1b51e838fec21c657ed8bdd46a87ac.php 第 201 行.
NOTIC: [8] Use of undefined constant id - assumed 'id' /data/wwwroot/shop.rehoming.cn/Application/Runtime/Cache/Home/1f1b51e838fec21c657ed8bdd46a87ac.php 第 212 行.
NOTIC: [8] Use of undefined constant id - assumed 'id' /data/wwwroot/shop.rehoming.cn/Application/Runtime/Cache/Home/1f1b51e838fec21c657ed8bdd46a87ac.php 第 212 行.
NOTIC: [8] Use of undefined constant id - assumed 'id' /data/wwwroot/shop.rehoming.cn/Application/Runtime/Cache/Home/1f1b51e838fec21c657ed8bdd46a87ac.php 第 222 行.
NOTIC: [8] Use of undefined constant id - assumed 'id' /data/wwwroot/shop.rehoming.cn/Application/Runtime/Cache/Home/1f1b51e838fec21c657ed8bdd46a87ac.php 第 222 行.
NOTIC: [8] Undefined index: brand /data/wwwroot/shop.rehoming.cn/Application/Runtime/Cache/Home/1f1b51e838fec21c657ed8bdd46a87ac.php 第 231 行.
NOTIC: [8] Use of undefined constant edit_ad - assumed 'edit_ad' /data/wwwroot/shop.rehoming.cn/Application/Runtime/Cache/Home/1f1b51e838fec21c657ed8bdd46a87ac.php 第 238 行.
NOTIC: [8] Undefined index: edit_ad /data/wwwroot/shop.rehoming.cn/Application/Runtime/Cache/Home/1f1b51e838fec21c657ed8bdd46a87ac.php 第 238 行.
NOTIC: [8] Use of undefined constant id - assumed 'id' /data/wwwroot/shop.rehoming.cn/Application/Runtime/Cache/Home/1f1b51e838fec21c657ed8bdd46a87ac.php 第 201 行.
NOTIC: [8] Use of undefined constant id - assumed 'id' /data/wwwroot/shop.rehoming.cn/Application/Runtime/Cache/Home/1f1b51e838fec21c657ed8bdd46a87ac.php 第 201 行.
NOTIC: [8] Use of undefined constant id - assumed 'id' /data/wwwroot/shop.rehoming.cn/Application/Runtime/Cache/Home/1f1b51e838fec21c657ed8bdd46a87ac.php 第 212 行.
NOTIC: [8] Use of undefined constant id - assumed 'id' /data/wwwroot/shop.rehoming.cn/Application/Runtime/Cache/Home/1f1b51e838fec21c657ed8bdd46a87ac.php 第 212 行.
NOTIC: [8] Use of undefined constant id - assumed 'id' /data/wwwroot/shop.rehoming.cn/Application/Runtime/Cache/Home/1f1b51e838fec21c657ed8bdd46a87ac.php 第 222 行.
NOTIC: [8] Use of undefined constant id - assumed 'id' /data/wwwroot/shop.rehoming.cn/Application/Runtime/Cache/Home/1f1b51e838fec21c657ed8bdd46a87ac.php 第 222 行.
NOTIC: [8] Undefined index: brand /data/wwwroot/shop.rehoming.cn/Application/Runtime/Cache/Home/1f1b51e838fec21c657ed8bdd46a87ac.php 第 231 行.
NOTIC: [8] Use of undefined constant edit_ad - assumed 'edit_ad' /data/wwwroot/shop.rehoming.cn/Application/Runtime/Cache/Home/1f1b51e838fec21c657ed8bdd46a87ac.php 第 238 行.
NOTIC: [8] Undefined index: edit_ad /data/wwwroot/shop.rehoming.cn/Application/Runtime/Cache/Home/1f1b51e838fec21c657ed8bdd46a87ac.php 第 238 行.
NOTIC: [8] Use of undefined constant id - assumed 'id' /data/wwwroot/shop.rehoming.cn/Application/Runtime/Cache/Home/1f1b51e838fec21c657ed8bdd46a87ac.php 第 201 行.
NOTIC: [8] Use of undefined constant id - assumed 'id' /data/wwwroot/shop.rehoming.cn/Application/Runtime/Cache/Home/1f1b51e838fec21c657ed8bdd46a87ac.php 第 201 行.
NOTIC: [8] Use of undefined constant id - assumed 'id' /data/wwwroot/shop.rehoming.cn/Application/Runtime/Cache/Home/1f1b51e838fec21c657ed8bdd46a87ac.php 第 212 行.
NOTIC: [8] Use of undefined constant id - assumed 'id' /data/wwwroot/shop.rehoming.cn/Application/Runtime/Cache/Home/1f1b51e838fec21c657ed8bdd46a87ac.php 第 212 行.
NOTIC: [8] Use of undefined constant id - assumed 'id' /data/wwwroot/shop.rehoming.cn/Application/Runtime/Cache/Home/1f1b51e838fec21c657ed8bdd46a87ac.php 第 222 行.
NOTIC: [8] Undefined index: brand /data/wwwroot/shop.rehoming.cn/Application/Runtime/Cache/Home/1f1b51e838fec21c657ed8bdd46a87ac.php 第 231 行.
NOTIC: [8] Use of undefined constant edit_ad - assumed 'edit_ad' /data/wwwroot/shop.rehoming.cn/Application/Runtime/Cache/Home/1f1b51e838fec21c657ed8bdd46a87ac.php 第 238 行.
NOTIC: [8] Undefined index: edit_ad /data/wwwroot/shop.rehoming.cn/Application/Runtime/Cache/Home/1f1b51e838fec21c657ed8bdd46a87ac.php 第 238 行.
NOTIC: [8] Use of undefined constant id - assumed 'id' /data/wwwroot/shop.rehoming.cn/Application/Runtime/Cache/Home/1f1b51e838fec21c657ed8bdd46a87ac.php 第 201 行.
NOTIC: [8] Use of undefined constant id - assumed 'id' /data/wwwroot/shop.rehoming.cn/Application/Runtime/Cache/Home/1f1b51e838fec21c657ed8bdd46a87ac.php 第 201 行.
NOTIC: [8] Use of undefined constant id - assumed 'id' /data/wwwroot/shop.rehoming.cn/Application/Runtime/Cache/Home/1f1b51e838fec21c657ed8bdd46a87ac.php 第 201 行.
NOTIC: [8] Use of undefined constant id - assumed 'id' /data/wwwroot/shop.rehoming.cn/Application/Runtime/Cache/Home/1f1b51e838fec21c657ed8bdd46a87ac.php 第 212 行.
NOTIC: [8] Use of undefined constant id - assumed 'id' /data/wwwroot/shop.rehoming.cn/Application/Runtime/Cache/Home/1f1b51e838fec21c657ed8bdd46a87ac.php 第 212 行.
NOTIC: [8] Use of undefined constant id - assumed 'id' /data/wwwroot/shop.rehoming.cn/Application/Runtime/Cache/Home/1f1b51e838fec21c657ed8bdd46a87ac.php 第 222 行.
NOTIC: [8] Use of undefined constant id - assumed 'id' /data/wwwroot/shop.rehoming.cn/Application/Runtime/Cache/Home/1f1b51e838fec21c657ed8bdd46a87ac.php 第 222 行.
NOTIC: [8] Undefined index: brand /data/wwwroot/shop.rehoming.cn/Application/Runtime/Cache/Home/1f1b51e838fec21c657ed8bdd46a87ac.php 第 231 行.
NOTIC: [8] Use of undefined constant edit_ad - assumed 'edit_ad' /data/wwwroot/shop.rehoming.cn/Application/Runtime/Cache/Home/1f1b51e838fec21c657ed8bdd46a87ac.php 第 238 行.
NOTIC: [8] Undefined index: edit_ad /data/wwwroot/shop.rehoming.cn/Application/Runtime/Cache/Home/1f1b51e838fec21c657ed8bdd46a87ac.php 第 238 行.
NOTIC: [8] Use of undefined constant id - assumed 'id' /data/wwwroot/shop.rehoming.cn/Application/Runtime/Cache/Home/1f1b51e838fec21c657ed8bdd46a87ac.php 第 201 行.
NOTIC: [8] Use of undefined constant id - assumed 'id' /data/wwwroot/shop.rehoming.cn/Application/Runtime/Cache/Home/1f1b51e838fec21c657ed8bdd46a87ac.php 第 201 行.
NOTIC: [8] Use of undefined constant id - assumed 'id' /data/wwwroot/shop.rehoming.cn/Application/Runtime/Cache/Home/1f1b51e838fec21c657ed8bdd46a87ac.php 第 201 行.
NOTIC: [8] Use of undefined constant id - assumed 'id' /data/wwwroot/shop.rehoming.cn/Application/Runtime/Cache/Home/1f1b51e838fec21c657ed8bdd46a87ac.php 第 201 行.
NOTIC: [8] Use of undefined constant id - assumed 'id' /data/wwwroot/shop.rehoming.cn/Application/Runtime/Cache/Home/1f1b51e838fec21c657ed8bdd46a87ac.php 第 201 行.
NOTIC: [8] Use of undefined constant id - assumed 'id' /data/wwwroot/shop.rehoming.cn/Application/Runtime/Cache/Home/1f1b51e838fec21c657ed8bdd46a87ac.php 第 212 行.
NOTIC: [8] Use of undefined constant id - assumed 'id' /data/wwwroot/shop.rehoming.cn/Application/Runtime/Cache/Home/1f1b51e838fec21c657ed8bdd46a87ac.php 第 212 行.
NOTIC: [8] Use of undefined constant id - assumed 'id' /data/wwwroot/shop.rehoming.cn/Application/Runtime/Cache/Home/1f1b51e838fec21c657ed8bdd46a87ac.php 第 212 行.
NOTIC: [8] Use of undefined constant id - assumed 'id' /data/wwwroot/shop.rehoming.cn/Application/Runtime/Cache/Home/1f1b51e838fec21c657ed8bdd46a87ac.php 第 212 行.
NOTIC: [8] Use of undefined constant id - assumed 'id' /data/wwwroot/shop.rehoming.cn/Application/Runtime/Cache/Home/1f1b51e838fec21c657ed8bdd46a87ac.php 第 222 行.
NOTIC: [8] Use of undefined constant id - assumed 'id' /data/wwwroot/shop.rehoming.cn/Application/Runtime/Cache/Home/1f1b51e838fec21c657ed8bdd46a87ac.php 第 222 行.
NOTIC: [8] Use of undefined constant id - assumed 'id' /data/wwwroot/shop.rehoming.cn/Application/Runtime/Cache/Home/1f1b51e838fec21c657ed8bdd46a87ac.php 第 222 行.
NOTIC: [8] Use of undefined constant id - assumed 'id' /data/wwwroot/shop.rehoming.cn/Application/Runtime/Cache/Home/1f1b51e838fec21c657ed8bdd46a87ac.php 第 222 行.
NOTIC: [8] Undefined index: brand /data/wwwroot/shop.rehoming.cn/Application/Runtime/Cache/Home/1f1b51e838fec21c657ed8bdd46a87ac.php 第 231 行.
NOTIC: [8] Use of undefined constant edit_ad - assumed 'edit_ad' /data/wwwroot/shop.rehoming.cn/Application/Runtime/Cache/Home/1f1b51e838fec21c657ed8bdd46a87ac.php 第 238 行.
NOTIC: [8] Undefined index: edit_ad /data/wwwroot/shop.rehoming.cn/Application/Runtime/Cache/Home/1f1b51e838fec21c657ed8bdd46a87ac.php 第 238 行.
NOTIC: [8] Use of undefined constant id - assumed 'id' /data/wwwroot/shop.rehoming.cn/Application/Runtime/Cache/Home/1f1b51e838fec21c657ed8bdd46a87ac.php 第 201 行.
NOTIC: [8] Use of undefined constant id - assumed 'id' /data/wwwroot/shop.rehoming.cn/Application/Runtime/Cache/Home/1f1b51e838fec21c657ed8bdd46a87ac.php 第 201 行.
NOTIC: [8] Use of undefined constant id - assumed 'id' /data/wwwroot/shop.rehoming.cn/Application/Runtime/Cache/Home/1f1b51e838fec21c657ed8bdd46a87ac.php 第 212 行.
NOTIC: [8] Use of undefined constant id - assumed 'id' /data/wwwroot/shop.rehoming.cn/Application/Runtime/Cache/Home/1f1b51e838fec21c657ed8bdd46a87ac.php 第 212 行.
NOTIC: [8] Use of undefined constant id - assumed 'id' /data/wwwroot/shop.rehoming.cn/Application/Runtime/Cache/Home/1f1b51e838fec21c657ed8bdd46a87ac.php 第 222 行.
NOTIC: [8] Use of undefined constant id - assumed 'id' /data/wwwroot/shop.rehoming.cn/Application/Runtime/Cache/Home/1f1b51e838fec21c657ed8bdd46a87ac.php 第 222 行.
NOTIC: [8] Undefined index: brand /data/wwwroot/shop.rehoming.cn/Application/Runtime/Cache/Home/1f1b51e838fec21c657ed8bdd46a87ac.php 第 231 行.
NOTIC: [8] Use of undefined constant edit_ad - assumed 'edit_ad' /data/wwwroot/shop.rehoming.cn/Application/Runtime/Cache/Home/1f1b51e838fec21c657ed8bdd46a87ac.php 第 238 行.
NOTIC: [8] Undefined index: edit_ad /data/wwwroot/shop.rehoming.cn/Application/Runtime/Cache/Home/1f1b51e838fec21c657ed8bdd46a87ac.php 第 238 行.
NOTIC: [8] Use of undefined constant id - assumed 'id' /data/wwwroot/shop.rehoming.cn/Application/Runtime/Cache/Home/1f1b51e838fec21c657ed8bdd46a87ac.php 第 201 行.
NOTIC: [8] Use of undefined constant id - assumed 'id' /data/wwwroot/shop.rehoming.cn/Application/Runtime/Cache/Home/1f1b51e838fec21c657ed8bdd46a87ac.php 第 201 行.
NOTIC: [8] Use of undefined constant id - assumed 'id' /data/wwwroot/shop.rehoming.cn/Application/Runtime/Cache/Home/1f1b51e838fec21c657ed8bdd46a87ac.php 第 201 行.
NOTIC: [8] Use of undefined constant id - assumed 'id' /data/wwwroot/shop.rehoming.cn/Application/Runtime/Cache/Home/1f1b51e838fec21c657ed8bdd46a87ac.php 第 201 行.
NOTIC: [8] Use of undefined constant id - assumed 'id' /data/wwwroot/shop.rehoming.cn/Application/Runtime/Cache/Home/1f1b51e838fec21c657ed8bdd46a87ac.php 第 212 行.
NOTIC: [8] Use of undefined constant id - assumed 'id' /data/wwwroot/shop.rehoming.cn/Application/Runtime/Cache/Home/1f1b51e838fec21c657ed8bdd46a87ac.php 第 212 行.
NOTIC: [8] Use of undefined constant id - assumed 'id' /data/wwwroot/shop.rehoming.cn/Application/Runtime/Cache/Home/1f1b51e838fec21c657ed8bdd46a87ac.php 第 212 行.
NOTIC: [8] Use of undefined constant id - assumed 'id' /data/wwwroot/shop.rehoming.cn/Application/Runtime/Cache/Home/1f1b51e838fec21c657ed8bdd46a87ac.php 第 222 行.
NOTIC: [8] Use of undefined constant id - assumed 'id' /data/wwwroot/shop.rehoming.cn/Application/Runtime/Cache/Home/1f1b51e838fec21c657ed8bdd46a87ac.php 第 222 行.
NOTIC: [8] Use of undefined constant id - assumed 'id' /data/wwwroot/shop.rehoming.cn/Application/Runtime/Cache/Home/1f1b51e838fec21c657ed8bdd46a87ac.php 第 222 行.
NOTIC: [8] Undefined index: brand /data/wwwroot/shop.rehoming.cn/Application/Runtime/Cache/Home/1f1b51e838fec21c657ed8bdd46a87ac.php 第 231 行.
NOTIC: [8] Use of undefined constant edit_ad - assumed 'edit_ad' /data/wwwroot/shop.rehoming.cn/Application/Runtime/Cache/Home/1f1b51e838fec21c657ed8bdd46a87ac.php 第 238 行.
NOTIC: [8] Undefined index: edit_ad /data/wwwroot/shop.rehoming.cn/Application/Runtime/Cache/Home/1f1b51e838fec21c657ed8bdd46a87ac.php 第 238 行.
NOTIC: [8] Use of undefined constant id - assumed 'id' /data/wwwroot/shop.rehoming.cn/Application/Runtime/Cache/Home/1f1b51e838fec21c657ed8bdd46a87ac.php 第 201 行.
NOTIC: [8] Use of undefined constant id - assumed 'id' /data/wwwroot/shop.rehoming.cn/Application/Runtime/Cache/Home/1f1b51e838fec21c657ed8bdd46a87ac.php 第 201 行.
NOTIC: [8] Use of undefined constant id - assumed 'id' /data/wwwroot/shop.rehoming.cn/Application/Runtime/Cache/Home/1f1b51e838fec21c657ed8bdd46a87ac.php 第 201 行.
NOTIC: [8] Use of undefined constant id - assumed 'id' /data/wwwroot/shop.rehoming.cn/Application/Runtime/Cache/Home/1f1b51e838fec21c657ed8bdd46a87ac.php 第 201 行.
NOTIC: [8] Use of undefined constant id - assumed 'id' /data/wwwroot/shop.rehoming.cn/Application/Runtime/Cache/Home/1f1b51e838fec21c657ed8bdd46a87ac.php 第 201 行.
NOTIC: [8] Use of undefined constant id - assumed 'id' /data/wwwroot/shop.rehoming.cn/Application/Runtime/Cache/Home/1f1b51e838fec21c657ed8bdd46a87ac.php 第 201 行.
NOTIC: [8] Use of undefined constant id - assumed 'id' /data/wwwroot/shop.rehoming.cn/Application/Runtime/Cache/Home/1f1b51e838fec21c657ed8bdd46a87ac.php 第 212 行.
NOTIC: [8] Use of undefined constant id - assumed 'id' /data/wwwroot/shop.rehoming.cn/Application/Runtime/Cache/Home/1f1b51e838fec21c657ed8bdd46a87ac.php 第 212 行.
NOTIC: [8] Use of undefined constant id - assumed 'id' /data/wwwroot/shop.rehoming.cn/Application/Runtime/Cache/Home/1f1b51e838fec21c657ed8bdd46a87ac.php 第 212 行.
NOTIC: [8] Use of undefined constant id - assumed 'id' /data/wwwroot/shop.rehoming.cn/Application/Runtime/Cache/Home/1f1b51e838fec21c657ed8bdd46a87ac.php 第 212 行.
NOTIC: [8] Use of undefined constant id - assumed 'id' /data/wwwroot/shop.rehoming.cn/Application/Runtime/Cache/Home/1f1b51e838fec21c657ed8bdd46a87ac.php 第 212 行.
NOTIC: [8] Use of undefined constant id - assumed 'id' /data/wwwroot/shop.rehoming.cn/Application/Runtime/Cache/Home/1f1b51e838fec21c657ed8bdd46a87ac.php 第 212 行.
NOTIC: [8] Use of undefined constant id - assumed 'id' /data/wwwroot/shop.rehoming.cn/Application/Runtime/Cache/Home/1f1b51e838fec21c657ed8bdd46a87ac.php 第 222 行.
NOTIC: [8] Use of undefined constant id - assumed 'id' /data/wwwroot/shop.rehoming.cn/Application/Runtime/Cache/Home/1f1b51e838fec21c657ed8bdd46a87ac.php 第 222 行.
NOTIC: [8] Use of undefined constant id - assumed 'id' /data/wwwroot/shop.rehoming.cn/Application/Runtime/Cache/Home/1f1b51e838fec21c657ed8bdd46a87ac.php 第 222 行.
NOTIC: [8] Use of undefined constant id - assumed 'id' /data/wwwroot/shop.rehoming.cn/Application/Runtime/Cache/Home/1f1b51e838fec21c657ed8bdd46a87ac.php 第 222 行.
NOTIC: [8] Use of undefined constant id - assumed 'id' /data/wwwroot/shop.rehoming.cn/Application/Runtime/Cache/Home/1f1b51e838fec21c657ed8bdd46a87ac.php 第 222 行.
NOTIC: [8] Use of undefined constant id - assumed 'id' /data/wwwroot/shop.rehoming.cn/Application/Runtime/Cache/Home/1f1b51e838fec21c657ed8bdd46a87ac.php 第 222 行.
NOTIC: [8] Undefined index: brand /data/wwwroot/shop.rehoming.cn/Application/Runtime/Cache/Home/1f1b51e838fec21c657ed8bdd46a87ac.php 第 231 行.
NOTIC: [8] Use of undefined constant edit_ad - assumed 'edit_ad' /data/wwwroot/shop.rehoming.cn/Application/Runtime/Cache/Home/1f1b51e838fec21c657ed8bdd46a87ac.php 第 238 行.
NOTIC: [8] Undefined index: edit_ad /data/wwwroot/shop.rehoming.cn/Application/Runtime/Cache/Home/1f1b51e838fec21c657ed8bdd46a87ac.php 第 238 行.
NOTIC: [8] Use of undefined constant id - assumed 'id' /data/wwwroot/shop.rehoming.cn/Application/Runtime/Cache/Home/1f1b51e838fec21c657ed8bdd46a87ac.php 第 201 行.
NOTIC: [8] Use of undefined constant id - assumed 'id' /data/wwwroot/shop.rehoming.cn/Application/Runtime/Cache/Home/1f1b51e838fec21c657ed8bdd46a87ac.php 第 201 行.
NOTIC: [8] Use of undefined constant id - assumed 'id' /data/wwwroot/shop.rehoming.cn/Application/Runtime/Cache/Home/1f1b51e838fec21c657ed8bdd46a87ac.php 第 212 行.
NOTIC: [8] Use of undefined constant id - assumed 'id' /data/wwwroot/shop.rehoming.cn/Application/Runtime/Cache/Home/1f1b51e838fec21c657ed8bdd46a87ac.php 第 212 行.
NOTIC: [8] Use of undefined constant id - assumed 'id' /data/wwwroot/shop.rehoming.cn/Application/Runtime/Cache/Home/1f1b51e838fec21c657ed8bdd46a87ac.php 第 222 行.
NOTIC: [8] Undefined index: brand /data/wwwroot/shop.rehoming.cn/Application/Runtime/Cache/Home/1f1b51e838fec21c657ed8bdd46a87ac.php 第 231 行.
NOTIC: [8] Use of undefined constant edit_ad - assumed 'edit_ad' /data/wwwroot/shop.rehoming.cn/Application/Runtime/Cache/Home/1f1b51e838fec21c657ed8bdd46a87ac.php 第 238 行.
NOTIC: [8] Undefined index: edit_ad /data/wwwroot/shop.rehoming.cn/Application/Runtime/Cache/Home/1f1b51e838fec21c657ed8bdd46a87ac.php 第 238 行.
NOTIC: [8] Use of undefined constant id - assumed 'id' /data/wwwroot/shop.rehoming.cn/Application/Runtime/Cache/Home/1f1b51e838fec21c657ed8bdd46a87ac.php 第 201 行.
NOTIC: [8] Use of undefined constant id - assumed 'id' /data/wwwroot/shop.rehoming.cn/Application/Runtime/Cache/Home/1f1b51e838fec21c657ed8bdd46a87ac.php 第 201 行.
NOTIC: [8] Use of undefined constant id - assumed 'id' /data/wwwroot/shop.rehoming.cn/Application/Runtime/Cache/Home/1f1b51e838fec21c657ed8bdd46a87ac.php 第 201 行.
NOTIC: [8] Use of undefined constant id - assumed 'id' /data/wwwroot/shop.rehoming.cn/Application/Runtime/Cache/Home/1f1b51e838fec21c657ed8bdd46a87ac.php 第 212 行.
NOTIC: [8] Use of undefined constant id - assumed 'id' /data/wwwroot/shop.rehoming.cn/Application/Runtime/Cache/Home/1f1b51e838fec21c657ed8bdd46a87ac.php 第 212 行.
NOTIC: [8] Use of undefined constant id - assumed 'id' /data/wwwroot/shop.rehoming.cn/Application/Runtime/Cache/Home/1f1b51e838fec21c657ed8bdd46a87ac.php 第 212 行.
NOTIC: [8] Use of undefined constant id - assumed 'id' /data/wwwroot/shop.rehoming.cn/Application/Runtime/Cache/Home/1f1b51e838fec21c657ed8bdd46a87ac.php 第 222 行.
NOTIC: [8] Use of undefined constant id - assumed 'id' /data/wwwroot/shop.rehoming.cn/Application/Runtime/Cache/Home/1f1b51e838fec21c657ed8bdd46a87ac.php 第 222 行.
NOTIC: [8] Use of undefined constant id - assumed 'id' /data/wwwroot/shop.rehoming.cn/Application/Runtime/Cache/Home/1f1b51e838fec21c657ed8bdd46a87ac.php 第 222 行.
NOTIC: [8] Undefined index: brand /data/wwwroot/shop.rehoming.cn/Application/Runtime/Cache/Home/1f1b51e838fec21c657ed8bdd46a87ac.php 第 231 行.
NOTIC: [8] Use of undefined constant edit_ad - assumed 'edit_ad' /data/wwwroot/shop.rehoming.cn/Application/Runtime/Cache/Home/1f1b51e838fec21c657ed8bdd46a87ac.php 第 238 行.
NOTIC: [8] Undefined index: edit_ad /data/wwwroot/shop.rehoming.cn/Application/Runtime/Cache/Home/1f1b51e838fec21c657ed8bdd46a87ac.php 第 238 行.
NOTIC: [8] Use of undefined constant id - assumed 'id' /data/wwwroot/shop.rehoming.cn/Application/Runtime/Cache/Home/1f1b51e838fec21c657ed8bdd46a87ac.php 第 201 行.
NOTIC: [8] Use of undefined constant id - assumed 'id' /data/wwwroot/shop.rehoming.cn/Application/Runtime/Cache/Home/1f1b51e838fec21c657ed8bdd46a87ac.php 第 201 行.
NOTIC: [8] Use of undefined constant id - assumed 'id' /data/wwwroot/shop.rehoming.cn/Application/Runtime/Cache/Home/1f1b51e838fec21c657ed8bdd46a87ac.php 第 201 行.
NOTIC: [8] Use of undefined constant id - assumed 'id' /data/wwwroot/shop.rehoming.cn/Application/Runtime/Cache/Home/1f1b51e838fec21c657ed8bdd46a87ac.php 第 201 行.
NOTIC: [8] Use of undefined constant id - assumed 'id' /data/wwwroot/shop.rehoming.cn/Application/Runtime/Cache/Home/1f1b51e838fec21c657ed8bdd46a87ac.php 第 212 行.
NOTIC: [8] Use of undefined constant id - assumed 'id' /data/wwwroot/shop.rehoming.cn/Application/Runtime/Cache/Home/1f1b51e838fec21c657ed8bdd46a87ac.php 第 212 行.
NOTIC: [8] Use of undefined constant id - assumed 'id' /data/wwwroot/shop.rehoming.cn/Application/Runtime/Cache/Home/1f1b51e838fec21c657ed8bdd46a87ac.php 第 212 行.
NOTIC: [8] Use of undefined constant id - assumed 'id' /data/wwwroot/shop.rehoming.cn/Application/Runtime/Cache/Home/1f1b51e838fec21c657ed8bdd46a87ac.php 第 222 行.
NOTIC: [8] Use of undefined constant id - assumed 'id' /data/wwwroot/shop.rehoming.cn/Application/Runtime/Cache/Home/1f1b51e838fec21c657ed8bdd46a87ac.php 第 222 行.
NOTIC: [8] Use of undefined constant id - assumed 'id' /data/wwwroot/shop.rehoming.cn/Application/Runtime/Cache/Home/1f1b51e838fec21c657ed8bdd46a87ac.php 第 222 行.
NOTIC: [8] Undefined index: brand /data/wwwroot/shop.rehoming.cn/Application/Runtime/Cache/Home/1f1b51e838fec21c657ed8bdd46a87ac.php 第 231 行.
NOTIC: [8] Use of undefined constant edit_ad - assumed 'edit_ad' /data/wwwroot/shop.rehoming.cn/Application/Runtime/Cache/Home/1f1b51e838fec21c657ed8bdd46a87ac.php 第 238 行.
NOTIC: [8] Undefined index: edit_ad /data/wwwroot/shop.rehoming.cn/Application/Runtime/Cache/Home/1f1b51e838fec21c657ed8bdd46a87ac.php 第 238 行.
NOTIC: [8] Undefined variable: flash_sale /data/wwwroot/shop.rehoming.cn/Application/Runtime/Cache/Home/1f1b51e838fec21c657ed8bdd46a87ac.php 第 322 行.
NOTIC: [8] Undefined index: promoting /data/wwwroot/shop.rehoming.cn/Application/Runtime/Cache/Home/1f1b51e838fec21c657ed8bdd46a87ac.php 第 340 行.
NOTIC: [8] Use of undefined constant goods_id - assumed 'goods_id' /data/wwwroot/shop.rehoming.cn/Application/Runtime/Cache/Home/1f1b51e838fec21c657ed8bdd46a87ac.php 第 524 行.
NOTIC: [8] Use of undefined constant goods_id - assumed 'goods_id' /data/wwwroot/shop.rehoming.cn/Application/Runtime/Cache/Home/1f1b51e838fec21c657ed8bdd46a87ac.php 第 524 行.
NOTIC: [8] Use of undefined constant goods_id - assumed 'goods_id' /data/wwwroot/shop.rehoming.cn/Application/Runtime/Cache/Home/1f1b51e838fec21c657ed8bdd46a87ac.php 第 524 行.
NOTIC: [8] Use of undefined constant goods_id - assumed 'goods_id' /data/wwwroot/shop.rehoming.cn/Application/Runtime/Cache/Home/1f1b51e838fec21c657ed8bdd46a87ac.php 第 524 行.
NOTIC: [8] Use of undefined constant goods_id - assumed 'goods_id' /data/wwwroot/shop.rehoming.cn/Application/Runtime/Cache/Home/1f1b51e838fec21c657ed8bdd46a87ac.php 第 524 行.
NOTIC: [8] Use of undefined constant goods_id - assumed 'goods_id' /data/wwwroot/shop.rehoming.cn/Application/Runtime/Cache/Home/1f1b51e838fec21c657ed8bdd46a87ac.php 第 524 行.
NOTIC: [8] Use of undefined constant HTTP_HOST - assumed 'HTTP_HOST' /data/wwwroot/shop.rehoming.cn/Application/Runtime/Cache/Home/1f1b51e838fec21c657ed8bdd46a87ac.php 第 548 行.
NOTIC: [8] Use of undefined constant id - assumed 'id' /data/wwwroot/shop.rehoming.cn/Application/Runtime/Cache/Home/1f1b51e838fec21c657ed8bdd46a87ac.php 第 548 行.
NOTIC: [8] Use of undefined constant HTTP_HOST - assumed 'HTTP_HOST' /data/wwwroot/shop.rehoming.cn/Application/Runtime/Cache/Home/1f1b51e838fec21c657ed8bdd46a87ac.php 第 549 行.
NOTIC: [8] Use of undefined constant goods_id - assumed 'goods_id' /data/wwwroot/shop.rehoming.cn/Application/Runtime/Cache/Home/1f1b51e838fec21c657ed8bdd46a87ac.php 第 549 行.
NOTIC: [8] Use of undefined constant id - assumed 'id' /data/wwwroot/shop.rehoming.cn/Application/Runtime/Cache/Home/1f1b51e838fec21c657ed8bdd46a87ac.php 第 574 行.
NOTIC: [8] Use of undefined constant id - assumed 'id' /data/wwwroot/shop.rehoming.cn/Application/Runtime/Cache/Home/1f1b51e838fec21c657ed8bdd46a87ac.php 第 574 行.
NOTIC: [8] Use of undefined constant id - assumed 'id' /data/wwwroot/shop.rehoming.cn/Application/Runtime/Cache/Home/1f1b51e838fec21c657ed8bdd46a87ac.php 第 574 行.
NOTIC: [8] Use of undefined constant id - assumed 'id' /data/wwwroot/shop.rehoming.cn/Application/Runtime/Cache/Home/1f1b51e838fec21c657ed8bdd46a87ac.php 第 574 行.
NOTIC: [8] Use of undefined constant id - assumed 'id' /data/wwwroot/shop.rehoming.cn/Application/Runtime/Cache/Home/1f1b51e838fec21c657ed8bdd46a87ac.php 第 574 行.
NOTIC: [8] Use of undefined constant id - assumed 'id' /data/wwwroot/shop.rehoming.cn/Application/Runtime/Cache/Home/1f1b51e838fec21c657ed8bdd46a87ac.php 第 574 行.
NOTIC: [8] Use of undefined constant id - assumed 'id' /data/wwwroot/shop.rehoming.cn/Application/Runtime/Cache/Home/1f1b51e838fec21c657ed8bdd46a87ac.php 第 574 行.
NOTIC: [8] Use of undefined constant id - assumed 'id' /data/wwwroot/shop.rehoming.cn/Application/Runtime/Cache/Home/1f1b51e838fec21c657ed8bdd46a87ac.php 第 574 行.
NOTIC: [8] Use of undefined constant id - assumed 'id' /data/wwwroot/shop.rehoming.cn/Application/Runtime/Cache/Home/1f1b51e838fec21c657ed8bdd46a87ac.php 第 574 行.
NOTIC: [8] Use of undefined constant id - assumed 'id' /data/wwwroot/shop.rehoming.cn/Application/Runtime/Cache/Home/1f1b51e838fec21c657ed8bdd46a87ac.php 第 574 行.
NOTIC: [8] Use of undefined constant id - assumed 'id' /data/wwwroot/shop.rehoming.cn/Application/Runtime/Cache/Home/1f1b51e838fec21c657ed8bdd46a87ac.php 第 574 行.
NOTIC: [8] Use of undefined constant id - assumed 'id' /data/wwwroot/shop.rehoming.cn/Application/Runtime/Cache/Home/1f1b51e838fec21c657ed8bdd46a87ac.php 第 574 行.
NOTIC: [8] Undefined index: brand_name /data/wwwroot/shop.rehoming.cn/Application/Runtime/Cache/Home/1f1b51e838fec21c657ed8bdd46a87ac.php 第 631 行.
NOTIC: [8] Undefined index: c4 /data/wwwroot/shop.rehoming.cn/Application/Runtime/Cache/Home/1f1b51e838fec21c657ed8bdd46a87ac.php 第 731 行.
NOTIC: [8] Use of undefined constant goods_id - assumed 'goods_id' /data/wwwroot/shop.rehoming.cn/Application/Runtime/Cache/Home/1f1b51e838fec21c657ed8bdd46a87ac.php 第 823 行.
NOTIC: [8] Use of undefined constant goods_id - assumed 'goods_id' /data/wwwroot/shop.rehoming.cn/Application/Runtime/Cache/Home/1f1b51e838fec21c657ed8bdd46a87ac.php 第 825 行.
NOTIC: [8] Use of undefined constant goods_id - assumed 'goods_id' /data/wwwroot/shop.rehoming.cn/Application/Runtime/Cache/Home/1f1b51e838fec21c657ed8bdd46a87ac.php 第 823 行.
NOTIC: [8] Use of undefined constant goods_id - assumed 'goods_id' /data/wwwroot/shop.rehoming.cn/Application/Runtime/Cache/Home/1f1b51e838fec21c657ed8bdd46a87ac.php 第 825 行.
NOTIC: [8] Use of undefined constant goods_id - assumed 'goods_id' /data/wwwroot/shop.rehoming.cn/Application/Runtime/Cache/Home/1f1b51e838fec21c657ed8bdd46a87ac.php 第 823 行.
NOTIC: [8] Use of undefined constant goods_id - assumed 'goods_id' /data/wwwroot/shop.rehoming.cn/Application/Runtime/Cache/Home/1f1b51e838fec21c657ed8bdd46a87ac.php 第 825 行.
NOTIC: [8] Use of undefined constant goods_id - assumed 'goods_id' /data/wwwroot/shop.rehoming.cn/Application/Runtime/Cache/Home/1f1b51e838fec21c657ed8bdd46a87ac.php 第 823 行.
NOTIC: [8] Use of undefined constant goods_id - assumed 'goods_id' /data/wwwroot/shop.rehoming.cn/Application/Runtime/Cache/Home/1f1b51e838fec21c657ed8bdd46a87ac.php 第 825 行.
NOTIC: [8] Use of undefined constant goods_id - assumed 'goods_id' /data/wwwroot/shop.rehoming.cn/Application/Runtime/Cache/Home/1f1b51e838fec21c657ed8bdd46a87ac.php 第 823 行.
NOTIC: [8] Use of undefined constant goods_id - assumed 'goods_id' /data/wwwroot/shop.rehoming.cn/Application/Runtime/Cache/Home/1f1b51e838fec21c657ed8bdd46a87ac.php 第 825 行.
NOTIC: [8] Use of undefined constant goods_id - assumed 'goods_id' /data/wwwroot/shop.rehoming.cn/Application/Runtime/Cache/Home/1f1b51e838fec21c657ed8bdd46a87ac.php 第 823 行.
NOTIC: [8] Use of undefined constant goods_id - assumed 'goods_id' /data/wwwroot/shop.rehoming.cn/Application/Runtime/Cache/Home/1f1b51e838fec21c657ed8bdd46a87ac.php 第 825 行.
NOTIC: [8] Use of undefined constant goods_id - assumed 'goods_id' /data/wwwroot/shop.rehoming.cn/Application/Runtime/Cache/Home/1f1b51e838fec21c657ed8bdd46a87ac.php 第 823 行.
NOTIC: [8] Use of undefined constant goods_id - assumed 'goods_id' /data/wwwroot/shop.rehoming.cn/Application/Runtime/Cache/Home/1f1b51e838fec21c657ed8bdd46a87ac.php 第 825 行.
NOTIC: [8] Use of undefined constant goods_id - assumed 'goods_id' /data/wwwroot/shop.rehoming.cn/Application/Runtime/Cache/Home/1f1b51e838fec21c657ed8bdd46a87ac.php 第 823 行.
NOTIC: [8] Use of undefined constant goods_id - assumed 'goods_id' /data/wwwroot/shop.rehoming.cn/Application/Runtime/Cache/Home/1f1b51e838fec21c657ed8bdd46a87ac.php 第 825 行.
NOTIC: [8] Use of undefined constant goods_id - assumed 'goods_id' /data/wwwroot/shop.rehoming.cn/Application/Runtime/Cache/Home/1f1b51e838fec21c657ed8bdd46a87ac.php 第 823 行.
NOTIC: [8] Use of undefined constant goods_id - assumed 'goods_id' /data/wwwroot/shop.rehoming.cn/Application/Runtime/Cache/Home/1f1b51e838fec21c657ed8bdd46a87ac.php 第 825 行.
NOTIC: [8] Use of undefined constant goods_id - assumed 'goods_id' /data/wwwroot/shop.rehoming.cn/Application/Runtime/Cache/Home/1f1b51e838fec21c657ed8bdd46a87ac.php 第 823 行.
NOTIC: [8] Use of undefined constant goods_id - assumed 'goods_id' /data/wwwroot/shop.rehoming.cn/Application/Runtime/Cache/Home/1f1b51e838fec21c657ed8bdd46a87ac.php 第 825 行.
NOTIC: [8] Use of undefined constant goods_id - assumed 'goods_id' /data/wwwroot/shop.rehoming.cn/Application/Runtime/Cache/Home/1f1b51e838fec21c657ed8bdd46a87ac.php 第 823 行.
NOTIC: [8] Use of undefined constant goods_id - assumed 'goods_id' /data/wwwroot/shop.rehoming.cn/Application/Runtime/Cache/Home/1f1b51e838fec21c657ed8bdd46a87ac.php 第 825 行.
NOTIC: [8] Use of undefined constant goods_id - assumed 'goods_id' /data/wwwroot/shop.rehoming.cn/Application/Runtime/Cache/Home/1f1b51e838fec21c657ed8bdd46a87ac.php 第 823 行.
NOTIC: [8] Use of undefined constant goods_id - assumed 'goods_id' /data/wwwroot/shop.rehoming.cn/Application/Runtime/Cache/Home/1f1b51e838fec21c657ed8bdd46a87ac.php 第 825 行.
NOTIC: [8] Use of undefined constant cat_name - assumed 'cat_name' /data/wwwroot/shop.rehoming.cn/Application/Runtime/Cache/Home/1f1b51e838fec21c657ed8bdd46a87ac.php 第 860 行.
NOTIC: [8] Use of undefined constant article_id - assumed 'article_id' /data/wwwroot/shop.rehoming.cn/Application/Runtime/Cache/Home/1f1b51e838fec21c657ed8bdd46a87ac.php 第 862 行.
NOTIC: [8] Use of undefined constant title - assumed 'title' /data/wwwroot/shop.rehoming.cn/Application/Runtime/Cache/Home/1f1b51e838fec21c657ed8bdd46a87ac.php 第 862 行.
NOTIC: [8] Use of undefined constant article_id - assumed 'article_id' /data/wwwroot/shop.rehoming.cn/Application/Runtime/Cache/Home/1f1b51e838fec21c657ed8bdd46a87ac.php 第 862 行.
NOTIC: [8] Use of undefined constant title - assumed 'title' /data/wwwroot/shop.rehoming.cn/Application/Runtime/Cache/Home/1f1b51e838fec21c657ed8bdd46a87ac.php 第 862 行.
NOTIC: [8] Use of undefined constant article_id - assumed 'article_id' /data/wwwroot/shop.rehoming.cn/Application/Runtime/Cache/Home/1f1b51e838fec21c657ed8bdd46a87ac.php 第 862 行.
NOTIC: [8] Use of undefined constant title - assumed 'title' /data/wwwroot/shop.rehoming.cn/Application/Runtime/Cache/Home/1f1b51e838fec21c657ed8bdd46a87ac.php 第 862 行.
NOTIC: [8] Use of undefined constant cat_name - assumed 'cat_name' /data/wwwroot/shop.rehoming.cn/Application/Runtime/Cache/Home/1f1b51e838fec21c657ed8bdd46a87ac.php 第 860 行.
NOTIC: [8] Use of undefined constant article_id - assumed 'article_id' /data/wwwroot/shop.rehoming.cn/Application/Runtime/Cache/Home/1f1b51e838fec21c657ed8bdd46a87ac.php 第 862 行.
NOTIC: [8] Use of undefined constant title - assumed 'title' /data/wwwroot/shop.rehoming.cn/Application/Runtime/Cache/Home/1f1b51e838fec21c657ed8bdd46a87ac.php 第 862 行.
NOTIC: [8] Use of undefined constant article_id - assumed 'article_id' /data/wwwroot/shop.rehoming.cn/Application/Runtime/Cache/Home/1f1b51e838fec21c657ed8bdd46a87ac.php 第 862 行.
NOTIC: [8] Use of undefined constant title - assumed 'title' /data/wwwroot/shop.rehoming.cn/Application/Runtime/Cache/Home/1f1b51e838fec21c657ed8bdd46a87ac.php 第 862 行.
NOTIC: [8] Use of undefined constant cat_name - assumed 'cat_name' /data/wwwroot/shop.rehoming.cn/Application/Runtime/Cache/Home/1f1b51e838fec21c657ed8bdd46a87ac.php 第 860 行.
NOTIC: [8] Use of undefined constant article_id - assumed 'article_id' /data/wwwroot/shop.rehoming.cn/Application/Runtime/Cache/Home/1f1b51e838fec21c657ed8bdd46a87ac.php 第 862 行.
NOTIC: [8] Use of undefined constant title - assumed 'title' /data/wwwroot/shop.rehoming.cn/Application/Runtime/Cache/Home/1f1b51e838fec21c657ed8bdd46a87ac.php 第 862 行.
NOTIC: [8] Use of undefined constant article_id - assumed 'article_id' /data/wwwroot/shop.rehoming.cn/Application/Runtime/Cache/Home/1f1b51e838fec21c657ed8bdd46a87ac.php 第 862 行.
NOTIC: [8] Use of undefined constant title - assumed 'title' /data/wwwroot/shop.rehoming.cn/Application/Runtime/Cache/Home/1f1b51e838fec21c657ed8bdd46a87ac.php 第 862 行.
NOTIC: [8] Use of undefined constant article_id - assumed 'article_id' /data/wwwroot/shop.rehoming.cn/Application/Runtime/Cache/Home/1f1b51e838fec21c657ed8bdd46a87ac.php 第 862 行.
NOTIC: [8] Use of undefined constant title - assumed 'title' /data/wwwroot/shop.rehoming.cn/Application/Runtime/Cache/Home/1f1b51e838fec21c657ed8bdd46a87ac.php 第 862 行.
NOTIC: [8] Use of undefined constant cat_name - assumed 'cat_name' /data/wwwroot/shop.rehoming.cn/Application/Runtime/Cache/Home/1f1b51e838fec21c657ed8bdd46a87ac.php 第 860 行.
NOTIC: [8] Use of undefined constant article_id - assumed 'article_id' /data/wwwroot/shop.rehoming.cn/Application/Runtime/Cache/Home/1f1b51e838fec21c657ed8bdd46a87ac.php 第 862 行.
NOTIC: [8] Use of undefined constant title - assumed 'title' /data/wwwroot/shop.rehoming.cn/Application/Runtime/Cache/Home/1f1b51e838fec21c657ed8bdd46a87ac.php 第 862 行.
NOTIC: [8] Use of undefined constant cat_name - assumed 'cat_name' /data/wwwroot/shop.rehoming.cn/Application/Runtime/Cache/Home/1f1b51e838fec21c657ed8bdd46a87ac.php 第 860 行.
NOTIC: [8] Use of undefined constant article_id - assumed 'article_id' /data/wwwroot/shop.rehoming.cn/Application/Runtime/Cache/Home/1f1b51e838fec21c657ed8bdd46a87ac.php 第 862 行.
NOTIC: [8] Use of undefined constant title - assumed 'title' /data/wwwroot/shop.rehoming.cn/Application/Runtime/Cache/Home/1f1b51e838fec21c657ed8bdd46a87ac.php 第 862 行.
NOTIC: [8] Use of undefined constant article_id - assumed 'article_id' /data/wwwroot/shop.rehoming.cn/Application/Runtime/Cache/Home/1f1b51e838fec21c657ed8bdd46a87ac.php 第 862 行.
NOTIC: [8] Use of undefined constant title - assumed 'title' /data/wwwroot/shop.rehoming.cn/Application/Runtime/Cache/Home/1f1b51e838fec21c657ed8bdd46a87ac.php 第 862 行.
NOTIC: [8] Use of undefined constant article_id - assumed 'article_id' /data/wwwroot/shop.rehoming.cn/Application/Runtime/Cache/Home/1f1b51e838fec21c657ed8bdd46a87ac.php 第 862 行.
NOTIC: [8] Use of undefined constant title - assumed 'title' /data/wwwroot/shop.rehoming.cn/Application/Runtime/Cache/Home/1f1b51e838fec21c657ed8bdd46a87ac.php 第 862 行.
NOTIC: [8] Undefined index: flash_sale /data/wwwroot/shop.rehoming.cn/Application/Runtime/Cache/Home/1f1b51e838fec21c657ed8bdd46a87ac.php 第 1030 行.
INFO: Run Behavior\ParseTemplateBehavior [ RunTime:0.063414s ]
INFO: [ view_parse ] --END-- [ RunTime:0.063449s ]
INFO: [ view_filter ] --START--
INFO: Run Behavior\WriteHtmlCacheBehavior [ RunTime:0.000240s ]
INFO: Run Behavior\TokenBuildBehavior [ RunTime:0.000494s ]
INFO: [ view_filter ] --END-- [ RunTime:0.000793s ]
INFO: [ app_end ] --START--
INFO: Run Behavior\ShowPageTraceBehavior [ RunTime:0.000039s ]
INFO: [ app_end ] --END-- [ RunTime:0.000083s ]

[ 2017-06-18T21:09:30+08:00 ] 222.71.124.36 /index.php?m=Home&c=Goods&a=getRegion
INFO: [ app_init ] --START--
INFO: Run Behavior\BuildLiteBehavior [ RunTime:0.000011s ]
INFO: [ app_init ] --END-- [ RunTime:0.000076s ]
INFO: [ app_begin ] --START--
INFO: Run Behavior\ReadHtmlCacheBehavior [ RunTime:0.000046s ]
INFO: [ app_begin ] --END-- [ RunTime:0.000078s ]
NOTIC: [8] Undefined offset: 0 /data/wwwroot/shop.rehoming.cn/Application/Home/Logic/GoodsLogic.class.php 第 543 行.
NOTIC: [8] Undefined offset: 0 /data/wwwroot/shop.rehoming.cn/Application/Home/Logic/GoodsLogic.class.php 第 543 行.
NOTIC: [8] Undefined offset: 0 /data/wwwroot/shop.rehoming.cn/Application/Home/Logic/GoodsLogic.class.php 第 543 行.

[ 2017-06-18T21:09:30+08:00 ] 222.71.124.36 /index.php?m=Home&c=goods&a=ajaxComment&goods_id=501&commentType=1&p=1
INFO: [ app_init ] --START--
INFO: Run Behavior\BuildLiteBehavior [ RunTime:0.000009s ]
INFO: [ app_init ] --END-- [ RunTime:0.000064s ]
INFO: [ app_begin ] --START--
INFO: Run Behavior\ReadHtmlCacheBehavior [ RunTime:0.000155s ]
INFO: [ app_begin ] --END-- [ RunTime:0.000198s ]
INFO: [ view_begin ] --START--
INFO: Run Home\Behaviors\testBehavior [ RunTime:0.000076s ]
INFO: [ view_begin ] --END-- [ RunTime:0.000118s ]
INFO: [ view_parse ] --START--
INFO: [ template_filter ] --START--
INFO: Run Behavior\ContentReplaceBehavior [ RunTime:0.000040s ]
INFO: [ template_filter ] --END-- [ RunTime:0.000076s ]
INFO: Run Behavior\ParseTemplateBehavior [ RunTime:0.004826s ]
INFO: [ view_parse ] --END-- [ RunTime:0.004867s ]
INFO: [ view_filter ] --START--
INFO: Run Behavior\WriteHtmlCacheBehavior [ RunTime:0.000136s ]
INFO: Run Behavior\TokenBuildBehavior [ RunTime:0.000085s ]
INFO: [ view_filter ] --END-- [ RunTime:0.000267s ]
INFO: [ app_end ] --START--
INFO: Run Behavior\ShowPageTraceBehavior [ RunTime:0.000030s ]
INFO: [ app_end ] --END-- [ RunTime:0.000055s ]

[ 2017-06-18T21:09:30+08:00 ] 222.71.124.36 /index.php?m=Home&c=Goods&callback=getAreaListcallback&a=region&fid=2
INFO: [ app_init ] --START--
INFO: Run Behavior\BuildLiteBehavior [ RunTime:0.000010s ]
INFO: [ app_init ] --END-- [ RunTime:0.000066s ]
INFO: [ app_begin ] --START--
INFO: Run Behavior\ReadHtmlCacheBehavior [ RunTime:0.000045s ]
INFO: [ app_begin ] --END-- [ RunTime:0.000079s ]

[ 2017-06-18T21:09:30+08:00 ] 222.71.124.36 /index.php?m=Home&c=Goods&a=dispatching
INFO: [ app_init ] --START--
INFO: Run Behavior\BuildLiteBehavior [ RunTime:0.000008s ]
INFO: [ app_init ] --END-- [ RunTime:0.000059s ]
INFO: [ app_begin ] --START--
INFO: Run Behavior\ReadHtmlCacheBehavior [ RunTime:0.000027s ]
INFO: [ app_begin ] --END-- [ RunTime:0.000058s ]
NOTIC: [8] Undefined offset: 0 /data/wwwroot/shop.rehoming.cn/Application/Home/Logic/GoodsLogic.class.php 第 597 行.
NOTIC: [8] Undefined offset: 1 /data/wwwroot/shop.rehoming.cn/Application/Home/Logic/GoodsLogic.class.php 第 597 行.
NOTIC: [8] Undefined offset: 2 /data/wwwroot/shop.rehoming.cn/Application/Home/Logic/GoodsLogic.class.php 第 597 行.
NOTIC: [8] Undefined offset: 3 /data/wwwroot/shop.rehoming.cn/Application/Home/Logic/GoodsLogic.class.php 第 597 行.
NOTIC: [8] Undefined offset: 4 /data/wwwroot/shop.rehoming.cn/Application/Home/Logic/GoodsLogic.class.php 第 597 行.

