[ 2017-06-20T10:08:34+08:00 ] 180.173.83.155 /favicon.ico
INFO: [ app_init ] --START--
INFO: Run Behavior\BuildLiteBehavior [ RunTime:0.000010s ]
INFO: [ app_init ] --END-- [ RunTime:0.000069s ]
ERR: 无法加载模块:Favicon

[ 2017-06-20T11:47:46+08:00 ] 180.173.83.155 /favicon.ico
INFO: [ app_init ] --START--
INFO: Run Behavior\BuildLiteBehavior [ RunTime:0.000011s ]
INFO: [ app_init ] --END-- [ RunTime:0.000073s ]
ERR: 无法加载模块:Favicon

[ 2017-06-20T12:28:13+08:00 ] 180.173.83.155 /favicon.ico
INFO: [ app_init ] --START--
INFO: Run Behavior\BuildLiteBehavior [ RunTime:0.000015s ]
INFO: [ app_init ] --END-- [ RunTime:0.000100s ]
ERR: 无法加载模块:Favicon

[ 2017-06-20T12:28:14+08:00 ] 180.173.83.155 /favicon.ico
INFO: [ app_init ] --START--
INFO: Run Behavior\BuildLiteBehavior [ RunTime:0.000012s ]
INFO: [ app_init ] --END-- [ RunTime:0.000083s ]
ERR: 无法加载模块:Favicon

[ 2017-06-20T12:28:20+08:00 ] 180.173.83.155 /favicon.ico
INFO: [ app_init ] --START--
INFO: Run Behavior\BuildLiteBehavior [ RunTime:0.000013s ]
INFO: [ app_init ] --END-- [ RunTime:0.000080s ]
ERR: 无法加载模块:Favicon

[ 2017-06-20T12:29:38+08:00 ] 180.173.83.155 /Template/pc/soubao/Static/images/csmrsfbluaoaejs7aacni7xvdgs548.jpg
INFO: [ app_init ] --START--
INFO: Run Behavior\BuildLiteBehavior [ RunTime:0.000016s ]
INFO: [ app_init ] --END-- [ RunTime:0.000086s ]
ERR: 无法加载模块:Template

[ 2017-06-20T12:29:38+08:00 ] 180.173.83.155 /Template/pc/soubao/Static/images/logo3.png
INFO: [ app_init ] --START--
INFO: Run Behavior\BuildLiteBehavior [ RunTime:0.000010s ]
INFO: [ app_init ] --END-- [ RunTime:0.000064s ]
ERR: 无法加载模块:Template

[ 2017-06-20T12:32:43+08:00 ] 61.141.64.74 /favicon.ico
INFO: [ app_init ] --START--
INFO: Run Behavior\BuildLiteBehavior [ RunTime:0.000012s ]
INFO: [ app_init ] --END-- [ RunTime:0.000080s ]
ERR: 无法加载模块:Favicon

[ 2017-06-20T12:56:37+08:00 ] 180.173.83.155 /favicon.ico
INFO: [ app_init ] --START--
INFO: Run Behavior\BuildLiteBehavior [ RunTime:0.000012s ]
INFO: [ app_init ] --END-- [ RunTime:0.000099s ]
ERR: 无法加载模块:Favicon

[ 2017-06-20T12:56:43+08:00 ] 180.173.83.155 /favicon.ico
INFO: [ app_init ] --START--
INFO: Run Behavior\BuildLiteBehavior [ RunTime:0.000012s ]
INFO: [ app_init ] --END-- [ RunTime:0.000093s ]
ERR: 无法加载模块:Favicon

[ 2017-06-20T13:15:35+08:00 ] 180.173.83.155 /favicon.ico
INFO: [ app_init ] --START--
INFO: Run Behavior\BuildLiteBehavior [ RunTime:0.000012s ]
INFO: [ app_init ] --END-- [ RunTime:0.000088s ]
ERR: 无法加载模块:Favicon

[ 2017-06-20T14:02:17+08:00 ] 117.10.138.15 /favicon.ico
INFO: [ app_init ] --START--
INFO: Run Behavior\BuildLiteBehavior [ RunTime:0.000010s ]
INFO: [ app_init ] --END-- [ RunTime:0.000064s ]
ERR: 无法加载模块:Favicon

[ 2017-06-20T14:02:19+08:00 ] 117.10.138.15 /favicon.ico
INFO: [ app_init ] --START--
INFO: Run Behavior\BuildLiteBehavior [ RunTime:0.000013s ]
INFO: [ app_init ] --END-- [ RunTime:0.000094s ]
ERR: 无法加载模块:Favicon

[ 2017-06-20T14:02:20+08:00 ] 117.10.138.15 /favicon.ico
INFO: [ app_init ] --START--
INFO: Run Behavior\BuildLiteBehavior [ RunTime:0.000011s ]
INFO: [ app_init ] --END-- [ RunTime:0.000071s ]
ERR: 无法加载模块:Favicon

[ 2017-06-20T14:02:21+08:00 ] 117.10.138.15 /favicon.ico
INFO: [ app_init ] --START--
INFO: Run Behavior\BuildLiteBehavior [ RunTime:0.000017s ]
INFO: [ app_init ] --END-- [ RunTime:0.000103s ]
ERR: 无法加载模块:Favicon

[ 2017-06-20T14:02:23+08:00 ] 117.10.138.15 /favicon.ico
INFO: [ app_init ] --START--
INFO: Run Behavior\BuildLiteBehavior [ RunTime:0.000013s ]
INFO: [ app_init ] --END-- [ RunTime:0.000112s ]
ERR: 无法加载模块:Favicon

[ 2017-06-20T14:02:24+08:00 ] 117.10.138.15 /favicon.ico
INFO: [ app_init ] --START--
INFO: Run Behavior\BuildLiteBehavior [ RunTime:0.000012s ]
INFO: [ app_init ] --END-- [ RunTime:0.000080s ]
ERR: 无法加载模块:Favicon

[ 2017-06-20T14:07:19+08:00 ] 117.10.138.15 /favicon.ico
INFO: [ app_init ] --START--
INFO: Run Behavior\BuildLiteBehavior [ RunTime:0.000012s ]
INFO: [ app_init ] --END-- [ RunTime:0.000092s ]
ERR: 无法加载模块:Favicon

[ 2017-06-20T14:22:52+08:00 ] 117.10.138.15 /favicon.ico
INFO: [ app_init ] --START--
INFO: Run Behavior\BuildLiteBehavior [ RunTime:0.000012s ]
INFO: [ app_init ] --END-- [ RunTime:0.000078s ]
ERR: 无法加载模块:Favicon

[ 2017-06-20T14:27:27+08:00 ] 117.10.138.15 /favicon.ico
INFO: [ app_init ] --START--
INFO: Run Behavior\BuildLiteBehavior [ RunTime:0.000013s ]
INFO: [ app_init ] --END-- [ RunTime:0.000079s ]
ERR: 无法加载模块:Favicon

[ 2017-06-20T14:30:16+08:00 ] 117.10.138.15 /favicon.ico
INFO: [ app_init ] --START--
INFO: Run Behavior\BuildLiteBehavior [ RunTime:0.000019s ]
INFO: [ app_init ] --END-- [ RunTime:0.000095s ]
ERR: 无法加载模块:Favicon

[ 2017-06-20T14:34:20+08:00 ] 180.173.83.155 /favicon.ico
INFO: [ app_init ] --START--
INFO: Run Behavior\BuildLiteBehavior [ RunTime:0.000012s ]
INFO: [ app_init ] --END-- [ RunTime:0.000086s ]
ERR: 无法加载模块:Favicon

[ 2017-06-20T14:34:20+08:00 ] 180.173.83.155 /favicon.ico
INFO: [ app_init ] --START--
INFO: Run Behavior\BuildLiteBehavior [ RunTime:0.000012s ]
INFO: [ app_init ] --END-- [ RunTime:0.000084s ]
ERR: 无法加载模块:Favicon

[ 2017-06-20T14:34:20+08:00 ] 180.173.83.155 /favicon.ico
INFO: [ app_init ] --START--
INFO: Run Behavior\BuildLiteBehavior [ RunTime:0.000011s ]
INFO: [ app_init ] --END-- [ RunTime:0.000069s ]
ERR: 无法加载模块:Favicon

[ 2017-06-20T14:34:20+08:00 ] 180.173.83.155 /favicon.ico
INFO: [ app_init ] --START--
INFO: Run Behavior\BuildLiteBehavior [ RunTime:0.000011s ]
INFO: [ app_init ] --END-- [ RunTime:0.000080s ]
ERR: 无法加载模块:Favicon

[ 2017-06-20T14:34:20+08:00 ] 180.173.83.155 /favicon.ico
INFO: [ app_init ] --START--
INFO: Run Behavior\BuildLiteBehavior [ RunTime:0.000015s ]
INFO: [ app_init ] --END-- [ RunTime:0.000096s ]
ERR: 无法加载模块:Favicon

[ 2017-06-20T14:34:20+08:00 ] 180.173.83.155 /favicon.ico
INFO: [ app_init ] --START--
INFO: Run Behavior\BuildLiteBehavior [ RunTime:0.000011s ]
INFO: [ app_init ] --END-- [ RunTime:0.000073s ]
ERR: 无法加载模块:Favicon

[ 2017-06-20T14:34:21+08:00 ] 180.173.83.155 /favicon.ico
INFO: [ app_init ] --START--
INFO: Run Behavior\BuildLiteBehavior [ RunTime:0.000011s ]
INFO: [ app_init ] --END-- [ RunTime:0.000077s ]
ERR: 无法加载模块:Favicon

[ 2017-06-20T14:34:21+08:00 ] 180.173.83.155 /favicon.ico
INFO: [ app_init ] --START--
INFO: Run Behavior\BuildLiteBehavior [ RunTime:0.000010s ]
INFO: [ app_init ] --END-- [ RunTime:0.000063s ]
ERR: 无法加载模块:Favicon

[ 2017-06-20T14:34:21+08:00 ] 180.173.83.155 /favicon.ico
INFO: [ app_init ] --START--
INFO: Run Behavior\BuildLiteBehavior [ RunTime:0.000012s ]
INFO: [ app_init ] --END-- [ RunTime:0.000075s ]
ERR: 无法加载模块:Favicon

[ 2017-06-20T14:34:21+08:00 ] 180.173.83.155 /favicon.ico
INFO: [ app_init ] --START--
INFO: Run Behavior\BuildLiteBehavior [ RunTime:0.000009s ]
INFO: [ app_init ] --END-- [ RunTime:0.000059s ]
ERR: 无法加载模块:Favicon

[ 2017-06-20T14:34:21+08:00 ] 180.173.83.155 /favicon.ico
INFO: [ app_init ] --START--
INFO: Run Behavior\BuildLiteBehavior [ RunTime:0.000009s ]
INFO: [ app_init ] --END-- [ RunTime:0.000060s ]
ERR: 无法加载模块:Favicon

[ 2017-06-20T14:34:21+08:00 ] 180.173.83.155 /favicon.ico
INFO: [ app_init ] --START--
INFO: Run Behavior\BuildLiteBehavior [ RunTime:0.000009s ]
INFO: [ app_init ] --END-- [ RunTime:0.000061s ]
ERR: 无法加载模块:Favicon

[ 2017-06-20T14:34:21+08:00 ] 180.173.83.155 /favicon.ico
INFO: [ app_init ] --START--
INFO: Run Behavior\BuildLiteBehavior [ RunTime:0.000008s ]
INFO: [ app_init ] --END-- [ RunTime:0.000061s ]
ERR: 无法加载模块:Favicon

[ 2017-06-20T14:34:21+08:00 ] 180.173.83.155 /favicon.ico
INFO: [ app_init ] --START--
INFO: Run Behavior\BuildLiteBehavior [ RunTime:0.000009s ]
INFO: [ app_init ] --END-- [ RunTime:0.000060s ]
ERR: 无法加载模块:Favicon

[ 2017-06-20T14:34:25+08:00 ] 180.173.83.155 /favicon.ico
INFO: [ app_init ] --START--
INFO: Run Behavior\BuildLiteBehavior [ RunTime:0.000017s ]
INFO: [ app_init ] --END-- [ RunTime:0.000105s ]
ERR: 无法加载模块:Favicon

[ 2017-06-20T14:34:25+08:00 ] 180.173.83.155 /favicon.ico
INFO: [ app_init ] --START--
INFO: Run Behavior\BuildLiteBehavior [ RunTime:0.000009s ]
INFO: [ app_init ] --END-- [ RunTime:0.000061s ]
ERR: 无法加载模块:Favicon

[ 2017-06-20T14:34:25+08:00 ] 180.173.83.155 /favicon.ico
INFO: [ app_init ] --START--
INFO: Run Behavior\BuildLiteBehavior [ RunTime:0.000013s ]
INFO: [ app_init ] --END-- [ RunTime:0.000105s ]
ERR: 无法加载模块:Favicon

[ 2017-06-20T14:47:58+08:00 ] 117.10.138.15 /favicon.ico
INFO: [ app_init ] --START--
INFO: Run Behavior\BuildLiteBehavior [ RunTime:0.000012s ]
INFO: [ app_init ] --END-- [ RunTime:0.000090s ]
ERR: 无法加载模块:Favicon

[ 2017-06-20T14:51:04+08:00 ] 180.173.83.155 /favicon.ico
INFO: [ app_init ] --START--
INFO: Run Behavior\BuildLiteBehavior [ RunTime:0.000013s ]
INFO: [ app_init ] --END-- [ RunTime:0.000092s ]
ERR: 无法加载模块:Favicon

[ 2017-06-20T14:52:07+08:00 ] 180.173.83.155 /favicon.ico
INFO: [ app_init ] --START--
INFO: Run Behavior\BuildLiteBehavior [ RunTime:0.000011s ]
INFO: [ app_init ] --END-- [ RunTime:0.000100s ]
ERR: 无法加载模块:Favicon

[ 2017-06-20T14:52:43+08:00 ] 180.173.83.155 /favicon.ico
INFO: [ app_init ] --START--
INFO: Run Behavior\BuildLiteBehavior [ RunTime:0.000012s ]
INFO: [ app_init ] --END-- [ RunTime:0.000079s ]
ERR: 无法加载模块:Favicon

[ 2017-06-20T14:53:10+08:00 ] 180.173.83.155 /favicon.ico
INFO: [ app_init ] --START--
INFO: Run Behavior\BuildLiteBehavior [ RunTime:0.000013s ]
INFO: [ app_init ] --END-- [ RunTime:0.000092s ]
ERR: 无法加载模块:Favicon

[ 2017-06-20T14:53:43+08:00 ] 180.173.83.155 /favicon.ico
INFO: [ app_init ] --START--
INFO: Run Behavior\BuildLiteBehavior [ RunTime:0.000012s ]
INFO: [ app_init ] --END-- [ RunTime:0.000080s ]
ERR: 无法加载模块:Favicon

[ 2017-06-20T14:58:47+08:00 ] 180.173.83.155 /favicon.ico
INFO: [ app_init ] --START--
INFO: Run Behavior\BuildLiteBehavior [ RunTime:0.000012s ]
INFO: [ app_init ] --END-- [ RunTime:0.000080s ]
ERR: 无法加载模块:Favicon

[ 2017-06-20T14:59:31+08:00 ] 180.173.83.155 /Public/js/validate2.js
INFO: [ app_init ] --START--
INFO: Run Behavior\BuildLiteBehavior [ RunTime:0.000012s ]
INFO: [ app_init ] --END-- [ RunTime:0.000080s ]
ERR: 无法加载模块:Public

[ 2017-06-20T14:59:55+08:00 ] 180.173.83.155 /Public/js/validate2.js
INFO: [ app_init ] --START--
INFO: Run Behavior\BuildLiteBehavior [ RunTime:0.000011s ]
INFO: [ app_init ] --END-- [ RunTime:0.000075s ]
ERR: 无法加载模块:Public

[ 2017-06-20T15:01:01+08:00 ] 101.226.102.52 /Public/js/validate2.js
INFO: [ app_init ] --START--
INFO: Run Behavior\BuildLiteBehavior [ RunTime:0.000011s ]
INFO: [ app_init ] --END-- [ RunTime:0.000077s ]
ERR: 无法加载模块:Public

[ 2017-06-20T15:01:01+08:00 ] 140.207.54.199 /Public/js/validate2.js
INFO: [ app_init ] --START--
INFO: Run Behavior\BuildLiteBehavior [ RunTime:0.000015s ]
INFO: [ app_init ] --END-- [ RunTime:0.000094s ]
ERR: 无法加载模块:Public

[ 2017-06-20T15:01:28+08:00 ] 180.173.83.155 /Public/js/validate2.js
INFO: [ app_init ] --START--
INFO: Run Behavior\BuildLiteBehavior [ RunTime:0.000010s ]
INFO: [ app_init ] --END-- [ RunTime:0.000064s ]
ERR: 无法加载模块:Public

[ 2017-06-20T15:01:33+08:00 ] 180.173.83.155 /Public/js/validate2.js
INFO: [ app_init ] --START--
INFO: Run Behavior\BuildLiteBehavior [ RunTime:0.000010s ]
INFO: [ app_init ] --END-- [ RunTime:0.000067s ]
ERR: 无法加载模块:Public

[ 2017-06-20T15:05:50+08:00 ] 117.10.138.15 /favicon.ico
INFO: [ app_init ] --START--
INFO: Run Behavior\BuildLiteBehavior [ RunTime:0.000012s ]
INFO: [ app_init ] --END-- [ RunTime:0.000077s ]
ERR: 无法加载模块:Favicon

[ 2017-06-20T15:13:24+08:00 ] 61.141.64.74 /favicon.ico
INFO: [ app_init ] --START--
INFO: Run Behavior\BuildLiteBehavior [ RunTime:0.000016s ]
INFO: [ app_init ] --END-- [ RunTime:0.000109s ]
ERR: 无法加载模块:Favicon

[ 2017-06-20T15:19:19+08:00 ] 117.10.138.15 /favicon.ico
INFO: [ app_init ] --START--
INFO: Run Behavior\BuildLiteBehavior [ RunTime:0.000012s ]
INFO: [ app_init ] --END-- [ RunTime:0.000076s ]
ERR: 无法加载模块:Favicon

[ 2017-06-20T15:27:38+08:00 ] 117.10.138.15 /favicon.ico
INFO: [ app_init ] --START--
INFO: Run Behavior\BuildLiteBehavior [ RunTime:0.000013s ]
INFO: [ app_init ] --END-- [ RunTime:0.000076s ]
ERR: 无法加载模块:Favicon

[ 2017-06-20T15:34:12+08:00 ] 180.173.83.155 /favicon.ico
INFO: [ app_init ] --START--
INFO: Run Behavior\BuildLiteBehavior [ RunTime:0.000012s ]
INFO: [ app_init ] --END-- [ RunTime:0.000091s ]
ERR: 无法加载模块:Favicon

[ 2017-06-20T15:55:01+08:00 ] 180.173.83.155 /favicon.ico
INFO: [ app_init ] --START--
INFO: Run Behavior\BuildLiteBehavior [ RunTime:0.000012s ]
INFO: [ app_init ] --END-- [ RunTime:0.000094s ]
ERR: 无法加载模块:Favicon

[ 2017-06-20T16:02:04+08:00 ] 180.173.83.155 /favicon.ico
INFO: [ app_init ] --START--
INFO: Run Behavior\BuildLiteBehavior [ RunTime:0.000011s ]
INFO: [ app_init ] --END-- [ RunTime:0.000089s ]
ERR: 无法加载模块:Favicon

[ 2017-06-20T16:08:25+08:00 ] 180.173.83.155 /favicon.ico
INFO: [ app_init ] --START--
INFO: Run Behavior\BuildLiteBehavior [ RunTime:0.000012s ]
INFO: [ app_init ] --END-- [ RunTime:0.000094s ]
ERR: 无法加载模块:Favicon

[ 2017-06-20T16:09:29+08:00 ] 180.173.83.155 /favicon.ico
INFO: [ app_init ] --START--
INFO: Run Behavior\BuildLiteBehavior [ RunTime:0.000012s ]
INFO: [ app_init ] --END-- [ RunTime:0.000089s ]
ERR: 无法加载模块:Favicon

[ 2017-06-20T16:24:51+08:00 ] 180.173.83.155 /favicon.ico
INFO: [ app_init ] --START--
INFO: Run Behavior\BuildLiteBehavior [ RunTime:0.000013s ]
INFO: [ app_init ] --END-- [ RunTime:0.000089s ]
ERR: 无法加载模块:Favicon

[ 2017-06-20T16:28:15+08:00 ] 180.173.83.155 /favicon.ico
INFO: [ app_init ] --START--
INFO: Run Behavior\BuildLiteBehavior [ RunTime:0.000011s ]
INFO: [ app_init ] --END-- [ RunTime:0.000077s ]
ERR: 无法加载模块:Favicon

[ 2017-06-20T16:50:37+08:00 ] 140.207.185.124 /Public/js/validate2.js
INFO: [ app_init ] --START--
INFO: Run Behavior\BuildLiteBehavior [ RunTime:0.000016s ]
INFO: [ app_init ] --END-- [ RunTime:0.000108s ]
ERR: 无法加载模块:Public

[ 2017-06-20T16:50:37+08:00 ] 101.226.125.14 /Public/js/validate2.js
INFO: [ app_init ] --START--
INFO: Run Behavior\BuildLiteBehavior [ RunTime:0.000012s ]
INFO: [ app_init ] --END-- [ RunTime:0.000078s ]
ERR: 无法加载模块:Public

[ 2017-06-20T16:50:48+08:00 ] 101.90.255.90 /Public/js/validate2.js
INFO: [ app_init ] --START--
INFO: Run Behavior\BuildLiteBehavior [ RunTime:0.000010s ]
INFO: [ app_init ] --END-- [ RunTime:0.000063s ]
ERR: 无法加载模块:Public

[ 2017-06-20T16:50:58+08:00 ] 140.207.185.124 /Public/js/validate2.js
INFO: [ app_init ] --START--
INFO: Run Behavior\BuildLiteBehavior [ RunTime:0.000012s ]
INFO: [ app_init ] --END-- [ RunTime:0.000079s ]
ERR: 无法加载模块:Public

[ 2017-06-20T16:50:59+08:00 ] 101.226.125.14 /Public/js/validate2.js
INFO: [ app_init ] --START--
INFO: Run Behavior\BuildLiteBehavior [ RunTime:0.000010s ]
INFO: [ app_init ] --END-- [ RunTime:0.000066s ]
ERR: 无法加载模块:Public

[ 2017-06-20T16:51:24+08:00 ] 101.90.255.90 /Public/js/validate2.js
INFO: [ app_init ] --START--
INFO: Run Behavior\BuildLiteBehavior [ RunTime:0.000011s ]
INFO: [ app_init ] --END-- [ RunTime:0.000071s ]
ERR: 无法加载模块:Public

[ 2017-06-20T16:51:41+08:00 ] 101.90.255.90 /Public/js/validate2.js
INFO: [ app_init ] --START--
INFO: Run Behavior\BuildLiteBehavior [ RunTime:0.000010s ]
INFO: [ app_init ] --END-- [ RunTime:0.000069s ]
ERR: 无法加载模块:Public

[ 2017-06-20T16:53:28+08:00 ] 101.90.255.90 /Public/js/validate2.js
INFO: [ app_init ] --START--
INFO: Run Behavior\BuildLiteBehavior [ RunTime:0.000011s ]
INFO: [ app_init ] --END-- [ RunTime:0.000078s ]
ERR: 无法加载模块:Public

[ 2017-06-20T16:55:07+08:00 ] 101.90.255.90 /Public/js/validate2.js
INFO: [ app_init ] --START--
INFO: Run Behavior\BuildLiteBehavior [ RunTime:0.000011s ]
INFO: [ app_init ] --END-- [ RunTime:0.000086s ]
ERR: 无法加载模块:Public

[ 2017-06-20T16:55:41+08:00 ] 140.207.185.124 /Public/js/validate2.js
INFO: [ app_init ] --START--
INFO: Run Behavior\BuildLiteBehavior [ RunTime:0.000013s ]
INFO: [ app_init ] --END-- [ RunTime:0.000079s ]
ERR: 无法加载模块:Public

[ 2017-06-20T17:03:54+08:00 ] 180.173.83.155 /favicon.ico
INFO: [ app_init ] --START--
INFO: Run Behavior\BuildLiteBehavior [ RunTime:0.000009s ]
INFO: [ app_init ] --END-- [ RunTime:0.000065s ]
ERR: 无法加载模块:Favicon

[ 2017-06-20T17:03:58+08:00 ] 180.173.83.155 /Public/static/vendor/swiper/maps/swiper.min.js.map
INFO: [ app_init ] --START--
INFO: Run Behavior\BuildLiteBehavior [ RunTime:0.000013s ]
INFO: [ app_init ] --END-- [ RunTime:0.000090s ]
ERR: 无法加载模块:Public

[ 2017-06-20T17:04:12+08:00 ] 180.173.83.155 /Public/static/vendor/swiper/maps/swiper.min.js.map
INFO: [ app_init ] --START--
INFO: Run Behavior\BuildLiteBehavior [ RunTime:0.000011s ]
INFO: [ app_init ] --END-- [ RunTime:0.000080s ]
ERR: 无法加载模块:Public

[ 2017-06-20T17:04:20+08:00 ] 180.173.83.155 /Public/static/vendor/swiper/maps/swiper.min.js.map
INFO: [ app_init ] --START--
INFO: Run Behavior\BuildLiteBehavior [ RunTime:0.000016s ]
INFO: [ app_init ] --END-- [ RunTime:0.000116s ]
ERR: 无法加载模块:Public

[ 2017-06-20T17:04:23+08:00 ] 180.173.83.155 /Public/static/vendor/swiper/maps/swiper.min.js.map
INFO: [ app_init ] --START--
INFO: Run Behavior\BuildLiteBehavior [ RunTime:0.000012s ]
INFO: [ app_init ] --END-- [ RunTime:0.000074s ]
ERR: 无法加载模块:Public

[ 2017-06-20T17:04:26+08:00 ] 180.173.83.155 /Public/static/vendor/swiper/maps/swiper.min.js.map
INFO: [ app_init ] --START--
INFO: Run Behavior\BuildLiteBehavior [ RunTime:0.000012s ]
INFO: [ app_init ] --END-- [ RunTime:0.000078s ]
ERR: 无法加载模块:Public

[ 2017-06-20T17:04:29+08:00 ] 180.173.83.155 /Public/static/vendor/swiper/maps/swiper.min.js.map
INFO: [ app_init ] --START--
INFO: Run Behavior\BuildLiteBehavior [ RunTime:0.000011s ]
INFO: [ app_init ] --END-- [ RunTime:0.000093s ]
ERR: 无法加载模块:Public

[ 2017-06-20T17:04:38+08:00 ] 180.173.83.155 /Public/static/vendor/swiper/maps/swiper.min.js.map
INFO: [ app_init ] --START--
INFO: Run Behavior\BuildLiteBehavior [ RunTime:0.000012s ]
INFO: [ app_init ] --END-- [ RunTime:0.000079s ]
ERR: 无法加载模块:Public

[ 2017-06-20T17:04:48+08:00 ] 180.173.83.155 /Public/static/vendor/swiper/maps/swiper.min.js.map
INFO: [ app_init ] --START--
INFO: Run Behavior\BuildLiteBehavior [ RunTime:0.000011s ]
INFO: [ app_init ] --END-- [ RunTime:0.000077s ]
ERR: 无法加载模块:Public

[ 2017-06-20T17:04:51+08:00 ] 180.173.83.155 /Public/static/vendor/swiper/maps/swiper.min.js.map
INFO: [ app_init ] --START--
INFO: Run Behavior\BuildLiteBehavior [ RunTime:0.000011s ]
INFO: [ app_init ] --END-- [ RunTime:0.000086s ]
ERR: 无法加载模块:Public

[ 2017-06-20T17:05:59+08:00 ] 101.226.125.14 /Public/js/validate2.js
INFO: [ app_init ] --START--
INFO: Run Behavior\BuildLiteBehavior [ RunTime:0.000013s ]
INFO: [ app_init ] --END-- [ RunTime:0.000088s ]
ERR: 无法加载模块:Public

[ 2017-06-20T17:05:59+08:00 ] 101.226.125.14 /Public/js/validate2.js
INFO: [ app_init ] --START--
INFO: Run Behavior\BuildLiteBehavior [ RunTime:0.000018s ]
INFO: [ app_init ] --END-- [ RunTime:0.000129s ]
ERR: 无法加载模块:Public

[ 2017-06-20T17:08:12+08:00 ] 180.173.83.155 /favicon.ico
INFO: [ app_init ] --START--
INFO: Run Behavior\BuildLiteBehavior [ RunTime:0.000011s ]
INFO: [ app_init ] --END-- [ RunTime:0.000086s ]
ERR: 无法加载模块:Favicon

[ 2017-06-20T17:08:37+08:00 ] 101.226.61.207 /Public/static/vendor/swiper/maps/swiper.min.js.map
INFO: [ app_init ] --START--
INFO: Run Behavior\BuildLiteBehavior [ RunTime:0.000012s ]
INFO: [ app_init ] --END-- [ RunTime:0.000079s ]
ERR: 无法加载模块:Public

[ 2017-06-20T17:09:11+08:00 ] 180.173.83.155 /Public/static/vendor/swiper/maps/swiper.min.js.map
INFO: [ app_init ] --START--
INFO: Run Behavior\BuildLiteBehavior [ RunTime:0.000012s ]
INFO: [ app_init ] --END-- [ RunTime:0.000079s ]
ERR: 无法加载模块:Public

[ 2017-06-20T17:09:40+08:00 ] 180.173.83.155 /Public/static/vendor/swiper/maps/swiper.min.js.map
INFO: [ app_init ] --START--
INFO: Run Behavior\BuildLiteBehavior [ RunTime:0.000016s ]
INFO: [ app_init ] --END-- [ RunTime:0.000113s ]
ERR: 无法加载模块:Public

[ 2017-06-20T17:09:44+08:00 ] 180.173.83.155 /Public/static/vendor/swiper/maps/swiper.min.js.map
INFO: [ app_init ] --START--
INFO: Run Behavior\BuildLiteBehavior [ RunTime:0.000017s ]
INFO: [ app_init ] --END-- [ RunTime:0.000121s ]
ERR: 无法加载模块:Public

[ 2017-06-20T23:38:47+08:00 ] 14.126.59.149 /favicon.ico
INFO: [ app_init ] --START--
INFO: Run Behavior\BuildLiteBehavior [ RunTime:0.000011s ]
INFO: [ app_init ] --END-- [ RunTime:0.000079s ]
ERR: 无法加载模块:Favicon

