[ 2017-06-18T16:20:59+08:00 ] 104.243.129.206 /index.php?m=member&c=index&a=register&siteid=1
INFO: [ app_init ] --START--
INFO: Run Behavior\BuildLiteBehavior [ RunTime:0.000013s ]
INFO: [ app_init ] --END-- [ RunTime:0.000082s ]
ERR: 无法加载模块:Member

[ 2017-06-18T21:05:55+08:00 ] 222.71.124.36 /Template/pc/soubao/Static/images/csmrsfbluaoaejs7aacni7xvdgs548.jpg
INFO: [ app_init ] --START--
INFO: Run Behavior\BuildLiteBehavior [ RunTime:0.000012s ]
INFO: [ app_init ] --END-- [ RunTime:0.000075s ]
ERR: 无法加载模块:Template

[ 2017-06-18T21:05:55+08:00 ] 222.71.124.36 /Template/pc/soubao/Static/images/logo3.png
INFO: [ app_init ] --START--
INFO: Run Behavior\BuildLiteBehavior [ RunTime:0.000011s ]
INFO: [ app_init ] --END-- [ RunTime:0.000072s ]
ERR: 无法加载模块:Template

[ 2017-06-18T21:09:29+08:00 ] 222.71.124.36 /Template/pc/soubao/Static/images/csmrsfbluaoaejs7aacni7xvdgs548.jpg
INFO: [ app_init ] --START--
INFO: Run Behavior\BuildLiteBehavior [ RunTime:0.000010s ]
INFO: [ app_init ] --END-- [ RunTime:0.000075s ]
ERR: 无法加载模块:Template

[ 2017-06-18T21:09:29+08:00 ] 222.71.124.36 /Template/pc/soubao/Static/images/logo3.png
INFO: [ app_init ] --START--
INFO: Run Behavior\BuildLiteBehavior [ RunTime:0.000009s ]
INFO: [ app_init ] --END-- [ RunTime:0.000064s ]
ERR: 无法加载模块:Template

