[ 2017-07-03T15:17:11+08:00 ] 127.0.0.1 /Api/Goods/get
INFO: [ app_init ] --START--
INFO: Run Behavior\BuildLiteBehavior [ RunTime:0.000010s ]
INFO: [ app_init ] --END-- [ RunTime:0.000364s ]
INFO: [ app_begin ] --START--
INFO: Run Behavior\ReadHtmlCacheBehavior [ RunTime:0.000478s ]
INFO: [ app_begin ] --END-- [ RunTime:0.000511s ]
NOTIC: [8] Undefined offset: 0 D:\WWW\shop.rehoming.cn\ThinkPHP\Library\Think\Db\Driver.class.php 第 114 行.
NOTIC: [8] Undefined offset: 0 D:\WWW\shop.rehoming.cn\ThinkPHP\Library\Think\Db\Driver.class.php 第 114 行.
NOTIC: [8] Undefined offset: 0 D:\WWW\shop.rehoming.cn\ThinkPHP\Library\Think\Db\Driver.class.php 第 114 行.
NOTIC: [8] Undefined offset: 0 D:\WWW\shop.rehoming.cn\ThinkPHP\Library\Think\Db\Driver.class.php 第 114 行.
NOTIC: [8] Undefined offset: 0 D:\WWW\shop.rehoming.cn\ThinkPHP\Library\Think\Db\Driver.class.php 第 114 行.
NOTIC: [8] Undefined offset: 0 D:\WWW\shop.rehoming.cn\ThinkPHP\Library\Think\Db\Driver.class.php 第 114 行.
NOTIC: [8] Undefined offset: 0 D:\WWW\shop.rehoming.cn\ThinkPHP\Library\Think\Db\Driver.class.php 第 114 行.
NOTIC: [2] Invalid argument supplied for foreach() D:\WWW\shop.rehoming.cn\Application\Api\Logic\Goods.class.php 第 21 行.
NOTIC: [2] array_multisort(): Argument #4 is expected to be an array or a sort flag D:\WWW\shop.rehoming.cn\Application\Api\Logic\Goods.class.php 第 33 行.

[ 2017-07-03T15:18:05+08:00 ] 127.0.0.1 /Api/Goods/get
INFO: [ app_init ] --START--
INFO: Run Behavior\BuildLiteBehavior [ RunTime:0.000021s ]
INFO: [ app_init ] --END-- [ RunTime:0.000651s ]
INFO: [ app_begin ] --START--
INFO: Run Behavior\ReadHtmlCacheBehavior [ RunTime:0.000620s ]
INFO: [ app_begin ] --END-- [ RunTime:0.000690s ]
NOTIC: [2048] Declaration of Api\Controller\GoodsController::get() should be compatible with Think\Controller::get($name = '') D:\WWW\shop.rehoming.cn\Application\Api\Controller\GoodsController.class.php 第 64 行.
NOTIC: [8] Undefined offset: 0 D:\WWW\shop.rehoming.cn\ThinkPHP\Library\Think\Db\Driver.class.php 第 114 行.
NOTIC: [8] Undefined offset: 0 D:\WWW\shop.rehoming.cn\ThinkPHP\Library\Think\Db\Driver.class.php 第 114 行.
NOTIC: [8] Undefined offset: 0 D:\WWW\shop.rehoming.cn\ThinkPHP\Library\Think\Db\Driver.class.php 第 114 行.
NOTIC: [8] Undefined offset: 0 D:\WWW\shop.rehoming.cn\ThinkPHP\Library\Think\Db\Driver.class.php 第 114 行.
NOTIC: [8] Undefined offset: 0 D:\WWW\shop.rehoming.cn\ThinkPHP\Library\Think\Db\Driver.class.php 第 114 行.
NOTIC: [8] Undefined offset: 0 D:\WWW\shop.rehoming.cn\ThinkPHP\Library\Think\Db\Driver.class.php 第 114 行.
NOTIC: [8] Undefined offset: 0 D:\WWW\shop.rehoming.cn\ThinkPHP\Library\Think\Db\Driver.class.php 第 114 行.
NOTIC: [2] Invalid argument supplied for foreach() D:\WWW\shop.rehoming.cn\Application\Api\Logic\Goods.class.php 第 21 行.
NOTIC: [2] array_multisort(): Argument #4 is expected to be an array or a sort flag D:\WWW\shop.rehoming.cn\Application\Api\Logic\Goods.class.php 第 33 行.
NOTIC: [8] Undefined offset: 0 D:\WWW\shop.rehoming.cn\ThinkPHP\Library\Think\Db\Driver.class.php 第 114 行.
NOTIC: [8] Undefined offset: 0 D:\WWW\shop.rehoming.cn\ThinkPHP\Library\Think\Db\Driver.class.php 第 114 行.
NOTIC: [8] Undefined offset: 0 D:\WWW\shop.rehoming.cn\ThinkPHP\Library\Think\Db\Driver.class.php 第 114 行.
NOTIC: [2] Invalid argument supplied for foreach() D:\WWW\shop.rehoming.cn\Application\Api\Logic\Goods.class.php 第 45 行.
NOTIC: [2] array_multisort(): Argument #4 is expected to be an array or a sort flag D:\WWW\shop.rehoming.cn\Application\Api\Logic\Goods.class.php 第 65 行.
NOTIC: [8] Undefined offset: 0 D:\WWW\shop.rehoming.cn\ThinkPHP\Library\Think\Db\Driver.class.php 第 114 行.
NOTIC: [8] Undefined offset: 0 D:\WWW\shop.rehoming.cn\ThinkPHP\Library\Think\Db\Driver.class.php 第 114 行.
NOTIC: [8] Undefined offset: 0 D:\WWW\shop.rehoming.cn\ThinkPHP\Library\Think\Db\Driver.class.php 第 114 行.
NOTIC: [8] Undefined offset: 0 D:\WWW\shop.rehoming.cn\ThinkPHP\Library\Think\Db\Driver.class.php 第 114 行.
INFO: [ view_begin ] --START--
INFO: Run Home\Behaviors\testBehavior [ RunTime:0.003502s ]
INFO: [ view_begin ] --END-- [ RunTime:0.003675s ]
ERR: 模板不存在:./Application/Api/View/Goods/search_goods.html

[ 2017-07-03T15:23:51+08:00 ] 127.0.0.1 /Api/Goods/get
INFO: [ app_init ] --START--
INFO: Run Behavior\BuildLiteBehavior [ RunTime:0.000010s ]
INFO: [ app_init ] --END-- [ RunTime:0.000381s ]
INFO: [ app_begin ] --START--
INFO: Run Behavior\ReadHtmlCacheBehavior [ RunTime:0.000660s ]
INFO: [ app_begin ] --END-- [ RunTime:0.000728s ]
NOTIC: [2048] Declaration of Api\Controller\GoodsController::get() should be compatible with Think\Controller::get($name = '') D:\WWW\shop.rehoming.cn\Application\Api\Controller\GoodsController.class.php 第 64 行.
NOTIC: [8] Undefined offset: 0 D:\WWW\shop.rehoming.cn\ThinkPHP\Library\Think\Db\Driver.class.php 第 114 行.
NOTIC: [8] Undefined offset: 0 D:\WWW\shop.rehoming.cn\ThinkPHP\Library\Think\Db\Driver.class.php 第 114 行.
NOTIC: [8] Undefined offset: 0 D:\WWW\shop.rehoming.cn\ThinkPHP\Library\Think\Db\Driver.class.php 第 114 行.
NOTIC: [8] Undefined offset: 0 D:\WWW\shop.rehoming.cn\ThinkPHP\Library\Think\Db\Driver.class.php 第 114 行.
NOTIC: [8] Undefined offset: 0 D:\WWW\shop.rehoming.cn\ThinkPHP\Library\Think\Db\Driver.class.php 第 114 行.
NOTIC: [8] Undefined offset: 0 D:\WWW\shop.rehoming.cn\ThinkPHP\Library\Think\Db\Driver.class.php 第 114 行.
NOTIC: [8] Undefined offset: 0 D:\WWW\shop.rehoming.cn\ThinkPHP\Library\Think\Db\Driver.class.php 第 114 行.
NOTIC: [2] Invalid argument supplied for foreach() D:\WWW\shop.rehoming.cn\Application\Api\Logic\Goods.class.php 第 21 行.
NOTIC: [2] array_multisort(): Argument #4 is expected to be an array or a sort flag D:\WWW\shop.rehoming.cn\Application\Api\Logic\Goods.class.php 第 33 行.
NOTIC: [8] Undefined offset: 0 D:\WWW\shop.rehoming.cn\ThinkPHP\Library\Think\Db\Driver.class.php 第 114 行.
NOTIC: [8] Undefined offset: 0 D:\WWW\shop.rehoming.cn\ThinkPHP\Library\Think\Db\Driver.class.php 第 114 行.
NOTIC: [8] Undefined offset: 0 D:\WWW\shop.rehoming.cn\ThinkPHP\Library\Think\Db\Driver.class.php 第 114 行.
NOTIC: [2] Invalid argument supplied for foreach() D:\WWW\shop.rehoming.cn\Application\Api\Logic\Goods.class.php 第 45 行.
NOTIC: [2] array_multisort(): Argument #4 is expected to be an array or a sort flag D:\WWW\shop.rehoming.cn\Application\Api\Logic\Goods.class.php 第 65 行.
NOTIC: [8] Undefined offset: 0 D:\WWW\shop.rehoming.cn\ThinkPHP\Library\Think\Db\Driver.class.php 第 114 行.
NOTIC: [8] Undefined offset: 0 D:\WWW\shop.rehoming.cn\ThinkPHP\Library\Think\Db\Driver.class.php 第 114 行.
NOTIC: [8] Undefined offset: 0 D:\WWW\shop.rehoming.cn\ThinkPHP\Library\Think\Db\Driver.class.php 第 114 行.
NOTIC: [8] Undefined offset: 0 D:\WWW\shop.rehoming.cn\ThinkPHP\Library\Think\Db\Driver.class.php 第 114 行.
INFO: [ view_begin ] --START--
INFO: Run Home\Behaviors\testBehavior [ RunTime:0.002886s ]
INFO: [ view_begin ] --END-- [ RunTime:0.003088s ]
INFO: [ view_parse ] --START--
INFO: [ template_filter ] --START--
INFO: Run Behavior\ContentReplaceBehavior [ RunTime:0.000221s ]
INFO: [ template_filter ] --END-- [ RunTime:0.000382s ]
NOTIC: [8] Undefined variable: keywords D:\WWW\shop.rehoming.cn\Application\Runtime\Cache\Api\43801dc87fb43e5e4fb92edd54c2ed7f.php 第 143 行.
INFO: Run Behavior\ParseTemplateBehavior [ RunTime:0.033839s ]
INFO: [ view_parse ] --END-- [ RunTime:0.033934s ]
INFO: [ view_filter ] --START--
INFO: Run Behavior\WriteHtmlCacheBehavior [ RunTime:0.000584s ]
INFO: Run Behavior\TokenBuildBehavior [ RunTime:0.001065s ]
INFO: [ view_filter ] --END-- [ RunTime:0.001729s ]
INFO: [ app_end ] --START--
INFO: Run Behavior\ShowPageTraceBehavior [ RunTime:0.000986s ]
INFO: [ app_end ] --END-- [ RunTime:0.013780s ]

[ 2017-07-03T15:24:04+08:00 ] 127.0.0.1 /index.php/Api/Promotion/search_goods.html
INFO: [ app_init ] --START--
INFO: Run Behavior\BuildLiteBehavior [ RunTime:0.000011s ]
INFO: [ app_init ] --END-- [ RunTime:0.000395s ]
INFO: [ app_begin ] --START--
INFO: Run Behavior\ReadHtmlCacheBehavior [ RunTime:0.000533s ]
INFO: [ app_begin ] --END-- [ RunTime:0.000583s ]
ERR: 无法加载控制器:Promotion

[ 2017-07-03T15:24:52+08:00 ] 127.0.0.1 /Api/Goods/get
INFO: [ app_init ] --START--
INFO: Run Behavior\BuildLiteBehavior [ RunTime:0.000009s ]
INFO: [ app_init ] --END-- [ RunTime:0.000378s ]
INFO: [ app_begin ] --START--
INFO: Run Behavior\ReadHtmlCacheBehavior [ RunTime:0.000474s ]
INFO: [ app_begin ] --END-- [ RunTime:0.000510s ]
NOTIC: [2048] Declaration of Api\Controller\GoodsController::get() should be compatible with Think\Controller::get($name = '') D:\WWW\shop.rehoming.cn\Application\Api\Controller\GoodsController.class.php 第 64 行.
NOTIC: [8] Undefined offset: 0 D:\WWW\shop.rehoming.cn\ThinkPHP\Library\Think\Db\Driver.class.php 第 114 行.
NOTIC: [8] Undefined offset: 0 D:\WWW\shop.rehoming.cn\ThinkPHP\Library\Think\Db\Driver.class.php 第 114 行.
NOTIC: [8] Undefined offset: 0 D:\WWW\shop.rehoming.cn\ThinkPHP\Library\Think\Db\Driver.class.php 第 114 行.
NOTIC: [8] Undefined offset: 0 D:\WWW\shop.rehoming.cn\ThinkPHP\Library\Think\Db\Driver.class.php 第 114 行.
NOTIC: [8] Undefined offset: 0 D:\WWW\shop.rehoming.cn\ThinkPHP\Library\Think\Db\Driver.class.php 第 114 行.
NOTIC: [8] Undefined offset: 0 D:\WWW\shop.rehoming.cn\ThinkPHP\Library\Think\Db\Driver.class.php 第 114 行.
NOTIC: [8] Undefined offset: 0 D:\WWW\shop.rehoming.cn\ThinkPHP\Library\Think\Db\Driver.class.php 第 114 行.
NOTIC: [2] Invalid argument supplied for foreach() D:\WWW\shop.rehoming.cn\Application\Api\Logic\Goods.class.php 第 21 行.
NOTIC: [2] array_multisort(): Argument #4 is expected to be an array or a sort flag D:\WWW\shop.rehoming.cn\Application\Api\Logic\Goods.class.php 第 33 行.
NOTIC: [8] Undefined offset: 0 D:\WWW\shop.rehoming.cn\ThinkPHP\Library\Think\Db\Driver.class.php 第 114 行.
NOTIC: [8] Undefined offset: 0 D:\WWW\shop.rehoming.cn\ThinkPHP\Library\Think\Db\Driver.class.php 第 114 行.
NOTIC: [8] Undefined offset: 0 D:\WWW\shop.rehoming.cn\ThinkPHP\Library\Think\Db\Driver.class.php 第 114 行.
NOTIC: [2] Invalid argument supplied for foreach() D:\WWW\shop.rehoming.cn\Application\Api\Logic\Goods.class.php 第 45 行.
NOTIC: [2] array_multisort(): Argument #4 is expected to be an array or a sort flag D:\WWW\shop.rehoming.cn\Application\Api\Logic\Goods.class.php 第 65 行.
NOTIC: [8] Undefined offset: 0 D:\WWW\shop.rehoming.cn\ThinkPHP\Library\Think\Db\Driver.class.php 第 114 行.
NOTIC: [8] Undefined offset: 0 D:\WWW\shop.rehoming.cn\ThinkPHP\Library\Think\Db\Driver.class.php 第 114 行.
NOTIC: [8] Undefined offset: 0 D:\WWW\shop.rehoming.cn\ThinkPHP\Library\Think\Db\Driver.class.php 第 114 行.
NOTIC: [8] Undefined offset: 0 D:\WWW\shop.rehoming.cn\ThinkPHP\Library\Think\Db\Driver.class.php 第 114 行.
INFO: [ view_begin ] --START--
INFO: Run Home\Behaviors\testBehavior [ RunTime:0.003220s ]
INFO: [ view_begin ] --END-- [ RunTime:0.003402s ]
INFO: [ view_parse ] --START--
INFO: [ template_filter ] --START--
INFO: Run Behavior\ContentReplaceBehavior [ RunTime:0.000221s ]
INFO: [ template_filter ] --END-- [ RunTime:0.000389s ]
NOTIC: [8] Undefined variable: keywords D:\WWW\shop.rehoming.cn\Application\Runtime\Cache\Api\43801dc87fb43e5e4fb92edd54c2ed7f.php 第 143 行.
INFO: Run Behavior\ParseTemplateBehavior [ RunTime:0.032290s ]
INFO: [ view_parse ] --END-- [ RunTime:0.032425s ]
INFO: [ view_filter ] --START--
INFO: Run Behavior\WriteHtmlCacheBehavior [ RunTime:0.001199s ]
INFO: Run Behavior\TokenBuildBehavior [ RunTime:0.002223s ]
INFO: [ view_filter ] --END-- [ RunTime:0.003617s ]
INFO: [ app_end ] --START--
INFO: Run Behavior\ShowPageTraceBehavior [ RunTime:0.001831s ]
INFO: [ app_end ] --END-- [ RunTime:0.001957s ]

[ 2017-07-03T15:25:09+08:00 ] 127.0.0.1 /index.php/Api/Goods/get.html
INFO: [ app_init ] --START--
INFO: Run Behavior\BuildLiteBehavior [ RunTime:0.000012s ]
INFO: [ app_init ] --END-- [ RunTime:0.000399s ]
INFO: [ app_begin ] --START--
INFO: Run Behavior\ReadHtmlCacheBehavior [ RunTime:0.000412s ]
INFO: [ app_begin ] --END-- [ RunTime:0.000451s ]
NOTIC: [2048] Declaration of Api\Controller\GoodsController::get() should be compatible with Think\Controller::get($name = '') D:\WWW\shop.rehoming.cn\Application\Api\Controller\GoodsController.class.php 第 64 行.
NOTIC: [8] Undefined offset: 0 D:\WWW\shop.rehoming.cn\ThinkPHP\Library\Think\Db\Driver.class.php 第 114 行.
NOTIC: [8] Undefined offset: 0 D:\WWW\shop.rehoming.cn\ThinkPHP\Library\Think\Db\Driver.class.php 第 114 行.
NOTIC: [8] Undefined offset: 0 D:\WWW\shop.rehoming.cn\ThinkPHP\Library\Think\Db\Driver.class.php 第 114 行.
NOTIC: [8] Undefined offset: 0 D:\WWW\shop.rehoming.cn\ThinkPHP\Library\Think\Db\Driver.class.php 第 114 行.
NOTIC: [8] Undefined offset: 0 D:\WWW\shop.rehoming.cn\ThinkPHP\Library\Think\Db\Driver.class.php 第 114 行.
NOTIC: [8] Undefined offset: 0 D:\WWW\shop.rehoming.cn\ThinkPHP\Library\Think\Db\Driver.class.php 第 114 行.
NOTIC: [8] Undefined offset: 0 D:\WWW\shop.rehoming.cn\ThinkPHP\Library\Think\Db\Driver.class.php 第 114 行.
NOTIC: [2] Invalid argument supplied for foreach() D:\WWW\shop.rehoming.cn\Application\Api\Logic\Goods.class.php 第 21 行.
NOTIC: [2] array_multisort(): Argument #4 is expected to be an array or a sort flag D:\WWW\shop.rehoming.cn\Application\Api\Logic\Goods.class.php 第 33 行.
NOTIC: [8] Undefined offset: 0 D:\WWW\shop.rehoming.cn\ThinkPHP\Library\Think\Db\Driver.class.php 第 114 行.
NOTIC: [8] Undefined offset: 0 D:\WWW\shop.rehoming.cn\ThinkPHP\Library\Think\Db\Driver.class.php 第 114 行.
NOTIC: [8] Undefined offset: 0 D:\WWW\shop.rehoming.cn\ThinkPHP\Library\Think\Db\Driver.class.php 第 114 行.
NOTIC: [2] Invalid argument supplied for foreach() D:\WWW\shop.rehoming.cn\Application\Api\Logic\Goods.class.php 第 45 行.
NOTIC: [2] array_multisort(): Argument #4 is expected to be an array or a sort flag D:\WWW\shop.rehoming.cn\Application\Api\Logic\Goods.class.php 第 65 行.
NOTIC: [8] Undefined offset: 0 D:\WWW\shop.rehoming.cn\ThinkPHP\Library\Think\Db\Driver.class.php 第 114 行.
NOTIC: [8] Undefined offset: 0 D:\WWW\shop.rehoming.cn\ThinkPHP\Library\Think\Db\Driver.class.php 第 114 行.
NOTIC: [8] Undefined offset: 0 D:\WWW\shop.rehoming.cn\ThinkPHP\Library\Think\Db\Driver.class.php 第 114 行.
NOTIC: [8] Undefined offset: 0 D:\WWW\shop.rehoming.cn\ThinkPHP\Library\Think\Db\Driver.class.php 第 114 行.
INFO: [ view_begin ] --START--
INFO: Run Home\Behaviors\testBehavior [ RunTime:0.001994s ]
INFO: [ view_begin ] --END-- [ RunTime:0.002146s ]
INFO: [ view_parse ] --START--
INFO: [ template_filter ] --START--
INFO: Run Behavior\ContentReplaceBehavior [ RunTime:0.000224s ]
INFO: [ template_filter ] --END-- [ RunTime:0.000346s ]
NOTIC: [8] Undefined variable: keywords D:\WWW\shop.rehoming.cn\Application\Runtime\Cache\Api\43801dc87fb43e5e4fb92edd54c2ed7f.php 第 143 行.
INFO: Run Behavior\ParseTemplateBehavior [ RunTime:0.028973s ]
INFO: [ view_parse ] --END-- [ RunTime:0.029073s ]
INFO: [ view_filter ] --START--
INFO: Run Behavior\WriteHtmlCacheBehavior [ RunTime:0.000677s ]
INFO: Run Behavior\TokenBuildBehavior [ RunTime:0.001247s ]
INFO: [ view_filter ] --END-- [ RunTime:0.002041s ]
INFO: [ app_end ] --START--
INFO: Run Behavior\ShowPageTraceBehavior [ RunTime:0.000965s ]
INFO: [ app_end ] --END-- [ RunTime:0.001046s ]

[ 2017-07-03T15:25:39+08:00 ] 127.0.0.1 /index.php/Api/Goods/get.html
INFO: [ app_init ] --START--
INFO: Run Behavior\BuildLiteBehavior [ RunTime:0.000022s ]
INFO: [ app_init ] --END-- [ RunTime:0.000665s ]
INFO: [ app_begin ] --START--
INFO: Run Behavior\ReadHtmlCacheBehavior [ RunTime:0.000601s ]
INFO: [ app_begin ] --END-- [ RunTime:0.000691s ]
NOTIC: [2048] Declaration of Api\Controller\GoodsController::get() should be compatible with Think\Controller::get($name = '') D:\WWW\shop.rehoming.cn\Application\Api\Controller\GoodsController.class.php 第 64 行.
NOTIC: [8] Undefined offset: 0 D:\WWW\shop.rehoming.cn\ThinkPHP\Library\Think\Db\Driver.class.php 第 114 行.
NOTIC: [8] Undefined offset: 0 D:\WWW\shop.rehoming.cn\ThinkPHP\Library\Think\Db\Driver.class.php 第 114 行.
NOTIC: [8] Undefined offset: 0 D:\WWW\shop.rehoming.cn\ThinkPHP\Library\Think\Db\Driver.class.php 第 114 行.
NOTIC: [8] Undefined offset: 0 D:\WWW\shop.rehoming.cn\ThinkPHP\Library\Think\Db\Driver.class.php 第 114 行.
NOTIC: [8] Undefined offset: 0 D:\WWW\shop.rehoming.cn\ThinkPHP\Library\Think\Db\Driver.class.php 第 114 行.
NOTIC: [8] Undefined offset: 0 D:\WWW\shop.rehoming.cn\ThinkPHP\Library\Think\Db\Driver.class.php 第 114 行.
NOTIC: [8] Undefined offset: 0 D:\WWW\shop.rehoming.cn\ThinkPHP\Library\Think\Db\Driver.class.php 第 114 行.
NOTIC: [2] Invalid argument supplied for foreach() D:\WWW\shop.rehoming.cn\Application\Api\Logic\Goods.class.php 第 21 行.
NOTIC: [2] array_multisort(): Argument #4 is expected to be an array or a sort flag D:\WWW\shop.rehoming.cn\Application\Api\Logic\Goods.class.php 第 33 行.
NOTIC: [8] Undefined offset: 0 D:\WWW\shop.rehoming.cn\ThinkPHP\Library\Think\Db\Driver.class.php 第 114 行.
NOTIC: [8] Undefined offset: 0 D:\WWW\shop.rehoming.cn\ThinkPHP\Library\Think\Db\Driver.class.php 第 114 行.
NOTIC: [8] Undefined offset: 0 D:\WWW\shop.rehoming.cn\ThinkPHP\Library\Think\Db\Driver.class.php 第 114 行.
NOTIC: [2] Invalid argument supplied for foreach() D:\WWW\shop.rehoming.cn\Application\Api\Logic\Goods.class.php 第 45 行.
NOTIC: [2] array_multisort(): Argument #4 is expected to be an array or a sort flag D:\WWW\shop.rehoming.cn\Application\Api\Logic\Goods.class.php 第 65 行.
NOTIC: [8] Undefined offset: 0 D:\WWW\shop.rehoming.cn\ThinkPHP\Library\Think\Db\Driver.class.php 第 114 行.
NOTIC: [8] Undefined offset: 0 D:\WWW\shop.rehoming.cn\ThinkPHP\Library\Think\Db\Driver.class.php 第 114 行.
NOTIC: [8] Undefined offset: 0 D:\WWW\shop.rehoming.cn\ThinkPHP\Library\Think\Db\Driver.class.php 第 114 行.
NOTIC: [8] Undefined offset: 0 D:\WWW\shop.rehoming.cn\ThinkPHP\Library\Think\Db\Driver.class.php 第 114 行.
INFO: [ view_begin ] --START--
INFO: Run Home\Behaviors\testBehavior [ RunTime:0.002076s ]
INFO: [ view_begin ] --END-- [ RunTime:0.002260s ]
INFO: [ view_parse ] --START--
INFO: [ template_filter ] --START--
INFO: Run Behavior\ContentReplaceBehavior [ RunTime:0.000112s ]
INFO: [ template_filter ] --END-- [ RunTime:0.000196s ]
INFO: Run Behavior\ParseTemplateBehavior [ RunTime:0.027230s ]
INFO: [ view_parse ] --END-- [ RunTime:0.027332s ]
INFO: [ view_filter ] --START--
INFO: Run Behavior\WriteHtmlCacheBehavior [ RunTime:0.000566s ]
INFO: Run Behavior\TokenBuildBehavior [ RunTime:0.001106s ]
INFO: [ view_filter ] --END-- [ RunTime:0.001779s ]
INFO: [ app_end ] --START--
INFO: Run Behavior\ShowPageTraceBehavior [ RunTime:0.000883s ]
INFO: [ app_end ] --END-- [ RunTime:0.000946s ]

[ 2017-07-03T16:47:46+08:00 ] 127.0.0.1 /index.php/Api/Goods/get.html
INFO: [ app_init ] --START--
INFO: Run Behavior\BuildLiteBehavior [ RunTime:0.000065s ]
INFO: [ app_init ] --END-- [ RunTime:0.001240s ]
INFO: [ app_begin ] --START--
INFO: Run Behavior\ReadHtmlCacheBehavior [ RunTime:0.000682s ]
INFO: [ app_begin ] --END-- [ RunTime:0.000749s ]
NOTIC: [2048] Declaration of Api\Controller\GoodsController::get() should be compatible with Think\Controller::get($name = '') D:\WWW\shop.rehoming.cn\Application\Api\Controller\GoodsController.class.php 第 75 行.
NOTIC: [8] Undefined offset: 0 D:\WWW\shop.rehoming.cn\ThinkPHP\Library\Think\Db\Driver.class.php 第 114 行.
NOTIC: [8] Undefined offset: 0 D:\WWW\shop.rehoming.cn\ThinkPHP\Library\Think\Db\Driver.class.php 第 114 行.
NOTIC: [8] Undefined offset: 0 D:\WWW\shop.rehoming.cn\ThinkPHP\Library\Think\Db\Driver.class.php 第 114 行.
NOTIC: [8] Undefined offset: 0 D:\WWW\shop.rehoming.cn\ThinkPHP\Library\Think\Db\Driver.class.php 第 114 行.
NOTIC: [8] Undefined offset: 0 D:\WWW\shop.rehoming.cn\ThinkPHP\Library\Think\Db\Driver.class.php 第 114 行.
NOTIC: [8] Undefined offset: 0 D:\WWW\shop.rehoming.cn\ThinkPHP\Library\Think\Db\Driver.class.php 第 114 行.
NOTIC: [8] Undefined offset: 0 D:\WWW\shop.rehoming.cn\ThinkPHP\Library\Think\Db\Driver.class.php 第 114 行.
NOTIC: [2] Invalid argument supplied for foreach() D:\WWW\shop.rehoming.cn\Application\Api\Logic\Goods.class.php 第 21 行.
NOTIC: [2] array_multisort(): Argument #4 is expected to be an array or a sort flag D:\WWW\shop.rehoming.cn\Application\Api\Logic\Goods.class.php 第 33 行.
NOTIC: [8] Undefined offset: 0 D:\WWW\shop.rehoming.cn\ThinkPHP\Library\Think\Db\Driver.class.php 第 114 行.
NOTIC: [8] Undefined offset: 0 D:\WWW\shop.rehoming.cn\ThinkPHP\Library\Think\Db\Driver.class.php 第 114 行.
NOTIC: [8] Undefined offset: 0 D:\WWW\shop.rehoming.cn\ThinkPHP\Library\Think\Db\Driver.class.php 第 114 行.
NOTIC: [2] Invalid argument supplied for foreach() D:\WWW\shop.rehoming.cn\Application\Api\Logic\Goods.class.php 第 45 行.
NOTIC: [2] array_multisort(): Argument #4 is expected to be an array or a sort flag D:\WWW\shop.rehoming.cn\Application\Api\Logic\Goods.class.php 第 65 行.
NOTIC: [8] Undefined offset: 0 D:\WWW\shop.rehoming.cn\ThinkPHP\Library\Think\Db\Driver.class.php 第 114 行.
NOTIC: [8] Undefined offset: 0 D:\WWW\shop.rehoming.cn\ThinkPHP\Library\Think\Db\Driver.class.php 第 114 行.
NOTIC: [8] Undefined offset: 0 D:\WWW\shop.rehoming.cn\ThinkPHP\Library\Think\Db\Driver.class.php 第 114 行.
NOTIC: [8] Undefined offset: 0 D:\WWW\shop.rehoming.cn\ThinkPHP\Library\Think\Db\Driver.class.php 第 114 行.

[ 2017-07-03T16:48:00+08:00 ] 127.0.0.1 /index.php/Api/Goods/get.html
INFO: [ app_init ] --START--
INFO: Run Behavior\BuildLiteBehavior [ RunTime:0.000016s ]
INFO: [ app_init ] --END-- [ RunTime:0.000535s ]
INFO: [ app_begin ] --START--
INFO: Run Behavior\ReadHtmlCacheBehavior [ RunTime:0.000456s ]
INFO: [ app_begin ] --END-- [ RunTime:0.000504s ]
NOTIC: [2048] Declaration of Api\Controller\GoodsController::get() should be compatible with Think\Controller::get($name = '') D:\WWW\shop.rehoming.cn\Application\Api\Controller\GoodsController.class.php 第 75 行.
NOTIC: [8] Undefined offset: 0 D:\WWW\shop.rehoming.cn\ThinkPHP\Library\Think\Db\Driver.class.php 第 114 行.
NOTIC: [8] Undefined offset: 0 D:\WWW\shop.rehoming.cn\ThinkPHP\Library\Think\Db\Driver.class.php 第 114 行.
NOTIC: [8] Undefined offset: 0 D:\WWW\shop.rehoming.cn\ThinkPHP\Library\Think\Db\Driver.class.php 第 114 行.
NOTIC: [8] Undefined offset: 0 D:\WWW\shop.rehoming.cn\ThinkPHP\Library\Think\Db\Driver.class.php 第 114 行.
NOTIC: [8] Undefined offset: 0 D:\WWW\shop.rehoming.cn\ThinkPHP\Library\Think\Db\Driver.class.php 第 114 行.
NOTIC: [8] Undefined offset: 0 D:\WWW\shop.rehoming.cn\ThinkPHP\Library\Think\Db\Driver.class.php 第 114 行.
NOTIC: [8] Undefined offset: 0 D:\WWW\shop.rehoming.cn\ThinkPHP\Library\Think\Db\Driver.class.php 第 114 行.
NOTIC: [2] Invalid argument supplied for foreach() D:\WWW\shop.rehoming.cn\Application\Api\Logic\Goods.class.php 第 21 行.
NOTIC: [2] array_multisort(): Argument #4 is expected to be an array or a sort flag D:\WWW\shop.rehoming.cn\Application\Api\Logic\Goods.class.php 第 33 行.
NOTIC: [8] Undefined offset: 0 D:\WWW\shop.rehoming.cn\ThinkPHP\Library\Think\Db\Driver.class.php 第 114 行.
NOTIC: [8] Undefined offset: 0 D:\WWW\shop.rehoming.cn\ThinkPHP\Library\Think\Db\Driver.class.php 第 114 行.
NOTIC: [8] Undefined offset: 0 D:\WWW\shop.rehoming.cn\ThinkPHP\Library\Think\Db\Driver.class.php 第 114 行.
NOTIC: [2] Invalid argument supplied for foreach() D:\WWW\shop.rehoming.cn\Application\Api\Logic\Goods.class.php 第 45 行.
NOTIC: [2] array_multisort(): Argument #4 is expected to be an array or a sort flag D:\WWW\shop.rehoming.cn\Application\Api\Logic\Goods.class.php 第 65 行.
NOTIC: [8] Undefined offset: 0 D:\WWW\shop.rehoming.cn\ThinkPHP\Library\Think\Db\Driver.class.php 第 114 行.
NOTIC: [8] Undefined offset: 0 D:\WWW\shop.rehoming.cn\ThinkPHP\Library\Think\Db\Driver.class.php 第 114 行.
NOTIC: [8] Undefined offset: 0 D:\WWW\shop.rehoming.cn\ThinkPHP\Library\Think\Db\Driver.class.php 第 114 行.
NOTIC: [8] Undefined offset: 0 D:\WWW\shop.rehoming.cn\ThinkPHP\Library\Think\Db\Driver.class.php 第 114 行.

[ 2017-07-03T16:52:29+08:00 ] 127.0.0.1 /index.php/Api/Goods/get.html
INFO: [ app_init ] --START--
INFO: Run Behavior\BuildLiteBehavior [ RunTime:0.000018s ]
INFO: [ app_init ] --END-- [ RunTime:0.000576s ]
INFO: [ app_begin ] --START--
INFO: Run Behavior\ReadHtmlCacheBehavior [ RunTime:0.000812s ]
INFO: [ app_begin ] --END-- [ RunTime:0.001188s ]
NOTIC: [2048] Declaration of Api\Controller\GoodsController::get() should be compatible with Think\Controller::get($name = '') D:\WWW\shop.rehoming.cn\Application\Api\Controller\GoodsController.class.php 第 75 行.
NOTIC: [8] Undefined offset: 0 D:\WWW\shop.rehoming.cn\ThinkPHP\Library\Think\Db\Driver.class.php 第 114 行.
NOTIC: [8] Undefined offset: 0 D:\WWW\shop.rehoming.cn\ThinkPHP\Library\Think\Db\Driver.class.php 第 114 行.
NOTIC: [8] Undefined offset: 0 D:\WWW\shop.rehoming.cn\ThinkPHP\Library\Think\Db\Driver.class.php 第 114 行.
NOTIC: [8] Undefined offset: 0 D:\WWW\shop.rehoming.cn\ThinkPHP\Library\Think\Db\Driver.class.php 第 114 行.
NOTIC: [8] Undefined offset: 0 D:\WWW\shop.rehoming.cn\ThinkPHP\Library\Think\Db\Driver.class.php 第 114 行.
NOTIC: [8] Undefined offset: 0 D:\WWW\shop.rehoming.cn\ThinkPHP\Library\Think\Db\Driver.class.php 第 114 行.
NOTIC: [8] Undefined offset: 0 D:\WWW\shop.rehoming.cn\ThinkPHP\Library\Think\Db\Driver.class.php 第 114 行.
NOTIC: [2] Invalid argument supplied for foreach() D:\WWW\shop.rehoming.cn\Application\Api\Logic\Goods.class.php 第 21 行.
NOTIC: [2] array_multisort(): Argument #4 is expected to be an array or a sort flag D:\WWW\shop.rehoming.cn\Application\Api\Logic\Goods.class.php 第 33 行.
NOTIC: [8] Undefined offset: 0 D:\WWW\shop.rehoming.cn\ThinkPHP\Library\Think\Db\Driver.class.php 第 114 行.
NOTIC: [8] Undefined offset: 0 D:\WWW\shop.rehoming.cn\ThinkPHP\Library\Think\Db\Driver.class.php 第 114 行.
NOTIC: [8] Undefined offset: 0 D:\WWW\shop.rehoming.cn\ThinkPHP\Library\Think\Db\Driver.class.php 第 114 行.
NOTIC: [2] Invalid argument supplied for foreach() D:\WWW\shop.rehoming.cn\Application\Api\Logic\Goods.class.php 第 45 行.
NOTIC: [2] array_multisort(): Argument #4 is expected to be an array or a sort flag D:\WWW\shop.rehoming.cn\Application\Api\Logic\Goods.class.php 第 65 行.
NOTIC: [8] Undefined offset: 0 D:\WWW\shop.rehoming.cn\ThinkPHP\Library\Think\Db\Driver.class.php 第 114 行.
NOTIC: [8] Undefined offset: 0 D:\WWW\shop.rehoming.cn\ThinkPHP\Library\Think\Db\Driver.class.php 第 114 行.
NOTIC: [8] Undefined offset: 0 D:\WWW\shop.rehoming.cn\ThinkPHP\Library\Think\Db\Driver.class.php 第 114 行.
NOTIC: [8] Undefined offset: 0 D:\WWW\shop.rehoming.cn\ThinkPHP\Library\Think\Db\Driver.class.php 第 114 行.

[ 2017-07-03T16:55:54+08:00 ] 127.0.0.1 /index.php/Api/Goods/get.html
INFO: [ app_init ] --START--
INFO: Run Behavior\BuildLiteBehavior [ RunTime:0.000013s ]
INFO: [ app_init ] --END-- [ RunTime:0.000359s ]
INFO: [ app_begin ] --START--
INFO: Run Behavior\ReadHtmlCacheBehavior [ RunTime:0.000548s ]
INFO: [ app_begin ] --END-- [ RunTime:0.000613s ]
NOTIC: [2048] Declaration of Api\Controller\GoodsController::get() should be compatible with Think\Controller::get($name = '') D:\WWW\shop.rehoming.cn\Application\Api\Controller\GoodsController.class.php 第 75 行.
NOTIC: [8] Undefined offset: 0 D:\WWW\shop.rehoming.cn\ThinkPHP\Library\Think\Db\Driver.class.php 第 114 行.
NOTIC: [8] Undefined offset: 0 D:\WWW\shop.rehoming.cn\ThinkPHP\Library\Think\Db\Driver.class.php 第 114 行.
NOTIC: [8] Undefined offset: 0 D:\WWW\shop.rehoming.cn\ThinkPHP\Library\Think\Db\Driver.class.php 第 114 行.
NOTIC: [8] Undefined offset: 0 D:\WWW\shop.rehoming.cn\ThinkPHP\Library\Think\Db\Driver.class.php 第 114 行.
NOTIC: [8] Undefined offset: 0 D:\WWW\shop.rehoming.cn\ThinkPHP\Library\Think\Db\Driver.class.php 第 114 行.
NOTIC: [8] Undefined offset: 0 D:\WWW\shop.rehoming.cn\ThinkPHP\Library\Think\Db\Driver.class.php 第 114 行.
NOTIC: [8] Undefined offset: 0 D:\WWW\shop.rehoming.cn\ThinkPHP\Library\Think\Db\Driver.class.php 第 114 行.
NOTIC: [2] Invalid argument supplied for foreach() D:\WWW\shop.rehoming.cn\Application\Api\Logic\Goods.class.php 第 21 行.
NOTIC: [2] array_multisort(): Argument #4 is expected to be an array or a sort flag D:\WWW\shop.rehoming.cn\Application\Api\Logic\Goods.class.php 第 33 行.
NOTIC: [8] Undefined offset: 0 D:\WWW\shop.rehoming.cn\ThinkPHP\Library\Think\Db\Driver.class.php 第 114 行.
NOTIC: [8] Undefined offset: 0 D:\WWW\shop.rehoming.cn\ThinkPHP\Library\Think\Db\Driver.class.php 第 114 行.
NOTIC: [8] Undefined offset: 0 D:\WWW\shop.rehoming.cn\ThinkPHP\Library\Think\Db\Driver.class.php 第 114 行.
NOTIC: [2] Invalid argument supplied for foreach() D:\WWW\shop.rehoming.cn\Application\Api\Logic\Goods.class.php 第 45 行.
NOTIC: [2] array_multisort(): Argument #4 is expected to be an array or a sort flag D:\WWW\shop.rehoming.cn\Application\Api\Logic\Goods.class.php 第 65 行.
NOTIC: [8] Undefined offset: 0 D:\WWW\shop.rehoming.cn\ThinkPHP\Library\Think\Db\Driver.class.php 第 114 行.
NOTIC: [8] Undefined offset: 0 D:\WWW\shop.rehoming.cn\ThinkPHP\Library\Think\Db\Driver.class.php 第 114 行.
NOTIC: [8] Undefined offset: 0 D:\WWW\shop.rehoming.cn\ThinkPHP\Library\Think\Db\Driver.class.php 第 114 行.
NOTIC: [8] Undefined offset: 0 D:\WWW\shop.rehoming.cn\ThinkPHP\Library\Think\Db\Driver.class.php 第 114 行.

[ 2017-07-03T16:56:55+08:00 ] 127.0.0.1 /index.php/Api/Goods/get.html
INFO: [ app_init ] --START--
INFO: Run Behavior\BuildLiteBehavior [ RunTime:0.000013s ]
INFO: [ app_init ] --END-- [ RunTime:0.000602s ]
INFO: [ app_begin ] --START--
INFO: Run Behavior\ReadHtmlCacheBehavior [ RunTime:0.000491s ]
INFO: [ app_begin ] --END-- [ RunTime:0.000548s ]
NOTIC: [2048] Declaration of Api\Controller\GoodsController::get() should be compatible with Think\Controller::get($name = '') D:\WWW\shop.rehoming.cn\Application\Api\Controller\GoodsController.class.php 第 75 行.
NOTIC: [8] Undefined offset: 0 D:\WWW\shop.rehoming.cn\ThinkPHP\Library\Think\Db\Driver.class.php 第 114 行.
NOTIC: [8] Undefined offset: 0 D:\WWW\shop.rehoming.cn\ThinkPHP\Library\Think\Db\Driver.class.php 第 114 行.
NOTIC: [8] Undefined offset: 0 D:\WWW\shop.rehoming.cn\ThinkPHP\Library\Think\Db\Driver.class.php 第 114 行.
NOTIC: [8] Undefined offset: 0 D:\WWW\shop.rehoming.cn\ThinkPHP\Library\Think\Db\Driver.class.php 第 114 行.
NOTIC: [8] Undefined offset: 0 D:\WWW\shop.rehoming.cn\ThinkPHP\Library\Think\Db\Driver.class.php 第 114 行.
NOTIC: [8] Undefined offset: 0 D:\WWW\shop.rehoming.cn\ThinkPHP\Library\Think\Db\Driver.class.php 第 114 行.
NOTIC: [8] Undefined offset: 0 D:\WWW\shop.rehoming.cn\ThinkPHP\Library\Think\Db\Driver.class.php 第 114 行.
NOTIC: [2] Invalid argument supplied for foreach() D:\WWW\shop.rehoming.cn\Application\Api\Logic\Goods.class.php 第 21 行.
NOTIC: [2] array_multisort(): Argument #4 is expected to be an array or a sort flag D:\WWW\shop.rehoming.cn\Application\Api\Logic\Goods.class.php 第 33 行.
NOTIC: [8] Undefined offset: 0 D:\WWW\shop.rehoming.cn\ThinkPHP\Library\Think\Db\Driver.class.php 第 114 行.
NOTIC: [8] Undefined offset: 0 D:\WWW\shop.rehoming.cn\ThinkPHP\Library\Think\Db\Driver.class.php 第 114 行.
NOTIC: [8] Undefined offset: 0 D:\WWW\shop.rehoming.cn\ThinkPHP\Library\Think\Db\Driver.class.php 第 114 行.
NOTIC: [2] Invalid argument supplied for foreach() D:\WWW\shop.rehoming.cn\Application\Api\Logic\Goods.class.php 第 45 行.
NOTIC: [2] array_multisort(): Argument #4 is expected to be an array or a sort flag D:\WWW\shop.rehoming.cn\Application\Api\Logic\Goods.class.php 第 65 行.
NOTIC: [8] Undefined offset: 0 D:\WWW\shop.rehoming.cn\ThinkPHP\Library\Think\Db\Driver.class.php 第 114 行.
NOTIC: [8] Undefined offset: 0 D:\WWW\shop.rehoming.cn\ThinkPHP\Library\Think\Db\Driver.class.php 第 114 行.
NOTIC: [8] Undefined offset: 0 D:\WWW\shop.rehoming.cn\ThinkPHP\Library\Think\Db\Driver.class.php 第 114 行.
NOTIC: [8] Undefined offset: 0 D:\WWW\shop.rehoming.cn\ThinkPHP\Library\Think\Db\Driver.class.php 第 114 行.

